#
# A fatal error has been detected by the Java Runtime Environment:
#
#  EXCEPTION_INT_OVERFLOW (0xc0000095) at pc=0x15be95d9, pid=9896, tid=0x000015b4
#
# JRE version: Java(TM) SE Runtime Environment (8.0_151-b12) (build 1.8.0_151-b12)
# Java VM: Java HotSpot(TM) Client VM (25.151-b12 mixed mode, sharing windows-x86 )
# Problematic frame:
# C  [JCustomOpc.dll+0x95d9]
#
# Failed to write core dump. Minidumps are not enabled by default on client versions of Windows
#
# If you would like to submit a bug report, please visit:
#   http://bugreport.java.com/bugreport/crash.jsp
# The crash happened outside the Java Virtual Machine in native code.
# See problematic frame for where to report the bug.
#

---------------  T H R E A D  ---------------

Current thread (0x1820e000):  JavaThread "Thread-52" daemon [_thread_in_native, id=5556, stack(0x16740000,0x16790000)]

siginfo: ExceptionCode=0xc0000095

Registers:
EAX=0x00000000, EBX=0x00000000, ECX=0x1678f0e4, EDX=0x80000000
ESP=0x1678f0c8, EBP=0x1678f0cc, ESI=0x1678f130, EDI=0x1a931d78
EIP=0x15be95d9, EFLAGS=0x00010286

Top of Stack: (sp=0x1678f0c8)
0x1678f0c8:   1678f116 1678f0fc 15be985e 1aabeaf0
0x1678f0d8:   75709aab 1678f130 1a932a78 00000004
0x1678f0e8:   1a931d78 1820e140 1678f134 1678f132
0x1678f0f8:   1678f130 1678f118 15be99a0 1678f116
0x1678f108:   1aabeaf0 75709aab 00000036 1678f134
0x1678f118:   15a31f4c 15c36665 1aabeaf0 75709aab
0x1678f128:   1820e140 15a31f54 6bf4195c 1820e140
0x1678f138:   15a31f4c 00000022 16b37180 00000005 

Instructions: (pc=0x15be95d9)
0x15be95b9:   db 89 c1 dd 45 08 d8 8b 88 81 c4 15 83 ec 08 df
0x15be95c9:   3c 24 9b 58 5a 09 d2 79 11 f7 da f7 d8 83 da 00
0x15be95d9:   f7 b3 8c 81 c4 15 f7 d8 eb 06 f7 b3 8c 81 c4 15
0x15be95e9:   05 5a 95 0a 00 89 11 89 41 04 5b 5d c2 08 00 55 


Register to memory mapping:

EAX=0x00000000 is an unknown value
EBX=0x00000000 is an unknown value
ECX=0x1678f0e4 is pointing into the stack for thread: 0x1820e000
EDX=0x80000000 is an unknown value
ESP=0x1678f0c8 is pointing into the stack for thread: 0x1820e000
EBP=0x1678f0cc is pointing into the stack for thread: 0x1820e000
ESI=0x1678f130 is pointing into the stack for thread: 0x1820e000
EDI=0x1a931d78 is an unknown value


Stack: [0x16740000,0x16790000],  sp=0x1678f0c8,  free space=316k
Native frames: (J=compiled Java code, j=interpreted, Vv=VM code, C=native code)
C  [JCustomOpc.dll+0x95d9]
C  [JCustomOpc.dll+0x985e]
C  [JCustomOpc.dll+0x99a0]
C  [JCustomOpc.dll+0x56665]

Java frames: (J=compiled Java code, j=interpreted, Vv=VM code)
j  javafish.clients.opc.JOpc.getDownloadGroupNative()Ljavafish/clients/opc/component/OpcGroup;+0
j  javafish.clients.opc.JOpc.getDownloadGroup()Ljavafish/clients/opc/component/OpcGroup;+1
j  javafish.clients.opc.JEasyOpc.run()V+155
j  java.lang.Thread.run()V+11
v  ~StubRoutines::call_stub

---------------  P R O C E S S  ---------------

Java Threads: ( => current thread )
=>0x1820e000 JavaThread "Thread-52" daemon [_thread_in_native, id=5556, stack(0x16740000,0x16790000)]
  0x18209c00 JavaThread "WebSocket background processing" daemon [_thread_blocked, id=5868, stack(0x005a0000,0x005f0000)]
  0x1820d400 JavaThread "Timer-0" daemon [_thread_blocked, id=7568, stack(0x00510000,0x00560000)]
  0x1820e800 JavaThread "RMI TCP Connection(idle)" daemon [_thread_blocked, id=13176, stack(0x1a550000,0x1a5a0000)]
  0x1820a800 JavaThread "DestroyJavaVM" [_thread_blocked, id=7968, stack(0x00680000,0x006d0000)]
  0x18208800 JavaThread "http-nio-8080-AsyncTimeout" daemon [_thread_blocked, id=9584, stack(0x1a4c0000,0x1a510000)]
  0x18207000 JavaThread "http-nio-8080-Acceptor-0" daemon [_thread_in_native, id=11612, stack(0x1a430000,0x1a480000)]
  0x18208400 JavaThread "http-nio-8080-ClientPoller-1" daemon [_thread_in_native, id=8784, stack(0x1a3a0000,0x1a3f0000)]
  0x181fa400 JavaThread "http-nio-8080-ClientPoller-0" daemon [_thread_in_native, id=3404, stack(0x1a310000,0x1a360000)]
  0x181f9c00 JavaThread "http-nio-8080-exec-10" daemon [_thread_blocked, id=6408, stack(0x1a280000,0x1a2d0000)]
  0x181f9400 JavaThread "http-nio-8080-exec-9" daemon [_thread_blocked, id=8132, stack(0x1a1f0000,0x1a240000)]
  0x181f7c00 JavaThread "http-nio-8080-exec-8" daemon [_thread_blocked, id=6412, stack(0x1a160000,0x1a1b0000)]
  0x181f8400 JavaThread "http-nio-8080-exec-7" daemon [_thread_blocked, id=1880, stack(0x1a0d0000,0x1a120000)]
  0x181f7800 JavaThread "http-nio-8080-exec-6" daemon [_thread_blocked, id=12172, stack(0x1a040000,0x1a090000)]
  0x181f9000 JavaThread "http-nio-8080-exec-5" daemon [_thread_blocked, id=1088, stack(0x19eb0000,0x19f00000)]
  0x181fa800 JavaThread "http-nio-8080-exec-4" daemon [_thread_blocked, id=11880, stack(0x19e20000,0x19e70000)]
  0x181f8800 JavaThread "http-nio-8080-exec-3" daemon [_thread_blocked, id=10248, stack(0x19d90000,0x19de0000)]
  0x181f7000 JavaThread "http-nio-8080-exec-2" daemon [_thread_blocked, id=10072, stack(0x19d00000,0x19d50000)]
  0x171f9c00 JavaThread "http-nio-8080-exec-1" daemon [_thread_blocked, id=5912, stack(0x19c70000,0x19cc0000)]
  0x171f9400 JavaThread "NioBlockingSelector.BlockPoller-1" daemon [_thread_in_native, id=5548, stack(0x19be0000,0x19c30000)]
  0x171fac00 JavaThread "Live Reload Server" daemon [_thread_in_native, id=924, stack(0x19a50000,0x19aa0000)]
  0x171fa800 JavaThread "File Watcher" daemon [_thread_blocked, id=7484, stack(0x199c0000,0x19a10000)]
  0x171f8000 JavaThread "Abandoned connection cleanup thread" daemon [_thread_blocked, id=2536, stack(0x19030000,0x19080000)]
  0x171f7c00 JavaThread "Tomcat JDBC Pool Cleaner[11840194:1518423892538]" daemon [_thread_blocked, id=7536, stack(0x18fa0000,0x18ff0000)]
  0x171fa000 JavaThread "container-0" [_thread_blocked, id=9132, stack(0x18e10000,0x18e60000)]
  0x171f8800 JavaThread "ContainerBackgroundProcessor[StandardEngine[Tomcat]]" daemon [_thread_blocked, id=4288, stack(0x18d80000,0x18dd0000)]
  0x15a50400 JavaThread "RMI Scheduler(0)" daemon [_thread_blocked, id=13040, stack(0x16590000,0x165e0000)]
  0x159d7800 JavaThread "RMI TCP Accept-0" daemon [_thread_in_native, id=3352, stack(0x16380000,0x163d0000)]
  0x159d3400 JavaThread "RMI TCP Accept-10896" daemon [_thread_in_native, id=12704, stack(0x162f0000,0x16340000)]
  0x159d1c00 JavaThread "RMI TCP Accept-0" daemon [_thread_in_native, id=12728, stack(0x16260000,0x162b0000)]
  0x15814400 JavaThread "Service Thread" daemon [_thread_blocked, id=7376, stack(0x15b90000,0x15be0000)]
  0x15821c00 JavaThread "C1 CompilerThread0" daemon [_thread_blocked, id=12752, stack(0x15b00000,0x15b50000)]
  0x1581f000 JavaThread "Monitor Ctrl-Break" daemon [_thread_in_native, id=12612, stack(0x15040000,0x15090000)]
  0x026d3400 JavaThread "Attach Listener" daemon [_thread_blocked, id=7480, stack(0x14da0000,0x14df0000)]
  0x026cf400 JavaThread "Signal Dispatcher" daemon [_thread_blocked, id=9712, stack(0x14d10000,0x14d60000)]
  0x026b8800 JavaThread "Finalizer" daemon [_thread_blocked, id=9704, stack(0x14c60000,0x14cb0000)]
  0x0265bc00 JavaThread "Reference Handler" daemon [_thread_blocked, id=1460, stack(0x04730000,0x04780000)]

Other Threads:
  0x02658800 VMThread [stack: 0x00d40000,0x00d90000] [id=12568]
  0x159d9000 WatcherThread [stack: 0x16410000,0x16460000] [id=11284]

VM state:not at safepoint (normal execution)

VM Mutex/Monitor currently owned by a thread: None

Heap:
 def new generation   total 18176K, used 3745K [0x04800000, 0x05bb0000, 0x09d50000)
  eden space 16192K,  20% used [0x04800000, 0x04b4dcb0, 0x057d0000)
  from space 1984K,  18% used [0x059c0000, 0x05a1a8b8, 0x05bb0000)
  to   space 1984K,   0% used [0x057d0000, 0x057d0000, 0x059c0000)
 tenured generation   total 40200K, used 32199K [0x09d50000, 0x0c492000, 0x14800000)
   the space 40200K,  80% used [0x09d50000, 0x0bcc1dd0, 0x0bcc1e00, 0x0c492000)
 Metaspace       used 30218K, capacity 30676K, committed 30720K, reserved 31104K

Card table byte_map: [0x00c00000,0x00c90000] byte_map_base: 0x00bdc000

Polling page: 0x006d0000

CodeCache: size=32768Kb used=4933Kb max_used=4997Kb free=27834Kb
 bounds [0x02730000, 0x02c20000, 0x04730000]
 total_blobs=2482 nmethods=2022 adapters=390
 compilation: enabled

Compilation events (10 events):
Event: 109.371 Thread 0x15821c00 2938             java.util.HashMap::putMapEntries (154 bytes)
Event: 109.372 Thread 0x15821c00 nmethod 2938 0x029775c8 code [0x02977780, 0x02977a64]
Event: 109.373 Thread 0x15821c00 2939             org.springframework.util.MimeType::getType (5 bytes)
Event: 109.373 Thread 0x15821c00 nmethod 2939 0x02a6c808 code [0x02a6c900, 0x02a6c980]
Event: 109.510 Thread 0x15821c00 2940   !         org.apache.tomcat.util.buf.Utf8Encoder::encodeNotHasArray (470 bytes)
Event: 109.512 Thread 0x15821c00 nmethod 2940 0x02a68ac8 code [0x02a68d20, 0x02a69370]
Event: 109.582 Thread 0x15821c00 2941             java.io.File::hashCode (8 bytes)
Event: 109.582 Thread 0x15821c00 nmethod 2941 0x02977308 code [0x02977420, 0x029774e8]
Event: 109.708 Thread 0x15821c00 2942             java.util.Properties::loadConvert (505 bytes)
Event: 109.710 Thread 0x15821c00 nmethod 2942 0x027dab48 code [0x027dac90, 0x027db0b8]

GC Heap History (10 events):
Event: 57.041 GC heap before
{Heap before GC invocations=130 (full 3):
 def new generation   total 18176K, used 16551K [0x04800000, 0x05bb0000, 0x09d50000)
  eden space 16192K, 100% used [0x04800000, 0x057d0000, 0x057d0000)
  from space 1984K,  18% used [0x057d0000, 0x05829de8, 0x059c0000)
  to   space 1984K,   0% used [0x059c0000, 0x059c0000, 0x05bb0000)
 tenured generation   total 40200K, used 31619K [0x09d50000, 0x0c492000, 0x14800000)
   the space 40200K,  78% used [0x09d50000, 0x0bc30d60, 0x0bc30e00, 0x0c492000)
 Metaspace       used 29951K, capacity 30418K, committed 30464K, reserved 31104K
Event: 57.051 GC heap after
Heap after GC invocations=131 (full 3):
 def new generation   total 18176K, used 1442K [0x04800000, 0x05bb0000, 0x09d50000)
  eden space 16192K,   0% used [0x04800000, 0x04800000, 0x057d0000)
  from space 1984K,  72% used [0x059c0000, 0x05b28ad8, 0x05bb0000)
  to   space 1984K,   0% used [0x057d0000, 0x057d0000, 0x059c0000)
 tenured generation   total 40200K, used 31619K [0x09d50000, 0x0c492000, 0x14800000)
   the space 40200K,  78% used [0x09d50000, 0x0bc30d60, 0x0bc30e00, 0x0c492000)
 Metaspace       used 29951K, capacity 30418K, committed 30464K, reserved 31104K
}
Event: 71.262 GC heap before
{Heap before GC invocations=131 (full 3):
 def new generation   total 18176K, used 17634K [0x04800000, 0x05bb0000, 0x09d50000)
  eden space 16192K, 100% used [0x04800000, 0x057d0000, 0x057d0000)
  from space 1984K,  72% used [0x059c0000, 0x05b28ad8, 0x05bb0000)
  to   space 1984K,   0% used [0x057d0000, 0x057d0000, 0x059c0000)
 tenured generation   total 40200K, used 31619K [0x09d50000, 0x0c492000, 0x14800000)
   the space 40200K,  78% used [0x09d50000, 0x0bc30d60, 0x0bc30e00, 0x0c492000)
 Metaspace       used 29951K, capacity 30418K, committed 30464K, reserved 31104K
Event: 71.268 GC heap after
Heap after GC invocations=132 (full 3):
 def new generation   total 18176K, used 130K [0x04800000, 0x05bb0000, 0x09d50000)
  eden space 16192K,   0% used [0x04800000, 0x04800000, 0x057d0000)
  from space 1984K,   6% used [0x057d0000, 0x057f0918, 0x059c0000)
  to   space 1984K,   0% used [0x059c0000, 0x059c0000, 0x05bb0000)
 tenured generation   total 40200K, used 32199K [0x09d50000, 0x0c492000, 0x14800000)
   the space 40200K,  80% used [0x09d50000, 0x0bcc1dd0, 0x0bcc1e00, 0x0c492000)
 Metaspace       used 29951K, capacity 30418K, committed 30464K, reserved 31104K
}
Event: 85.238 GC heap before
{Heap before GC invocations=132 (full 3):
 def new generation   total 18176K, used 16322K [0x04800000, 0x05bb0000, 0x09d50000)
  eden space 16192K, 100% used [0x04800000, 0x057d0000, 0x057d0000)
  from space 1984K,   6% used [0x057d0000, 0x057f0918, 0x059c0000)
  to   space 1984K,   0% used [0x059c0000, 0x059c0000, 0x05bb0000)
 tenured generation   total 40200K, used 32199K [0x09d50000, 0x0c492000, 0x14800000)
   the space 40200K,  80% used [0x09d50000, 0x0bcc1dd0, 0x0bcc1e00, 0x0c492000)
 Metaspace       used 29951K, capacity 30418K, committed 30464K, reserved 31104K
Event: 85.243 GC heap after
Heap after GC invocations=133 (full 3):
 def new generation   total 18176K, used 240K [0x04800000, 0x05bb0000, 0x09d50000)
  eden space 16192K,   0% used [0x04800000, 0x04800000, 0x057d0000)
  from space 1984K,  12% used [0x059c0000, 0x059fc0c0, 0x05bb0000)
  to   space 1984K,   0% used [0x057d0000, 0x057d0000, 0x059c0000)
 tenured generation   total 40200K, used 32199K [0x09d50000, 0x0c492000, 0x14800000)
   the space 40200K,  80% used [0x09d50000, 0x0bcc1dd0, 0x0bcc1e00, 0x0c492000)
 Metaspace       used 29951K, capacity 30418K, committed 30464K, reserved 31104K
}
Event: 96.433 GC heap before
{Heap before GC invocations=133 (full 3):
 def new generation   total 18176K, used 16419K [0x04800000, 0x05bb0000, 0x09d50000)
  eden space 16192K,  99% used [0x04800000, 0x057ccd70, 0x057d0000)
  from space 1984K,  12% used [0x059c0000, 0x059fc0c0, 0x05bb0000)
  to   space 1984K,   0% used [0x057d0000, 0x057d0000, 0x059c0000)
 tenured generation   total 40200K, used 32199K [0x09d50000, 0x0c492000, 0x14800000)
   the space 40200K,  80% used [0x09d50000, 0x0bcc1dd0, 0x0bcc1e00, 0x0c492000)
 Metaspace       used 30038K, capacity 30482K, committed 30592K, reserved 31104K
Event: 96.438 GC heap after
Heap after GC invocations=134 (full 3):
 def new generation   total 18176K, used 247K [0x04800000, 0x05bb0000, 0x09d50000)
  eden space 16192K,   0% used [0x04800000, 0x04800000, 0x057d0000)
  from space 1984K,  12% used [0x057d0000, 0x0580dee8, 0x059c0000)
  to   space 1984K,   0% used [0x059c0000, 0x059c0000, 0x05bb0000)
 tenured generation   total 40200K, used 32199K [0x09d50000, 0x0c492000, 0x14800000)
   the space 40200K,  80% used [0x09d50000, 0x0bcc1dd0, 0x0bcc1e00, 0x0c492000)
 Metaspace       used 30038K, capacity 30482K, committed 30592K, reserved 31104K
}
Event: 108.118 GC heap before
{Heap before GC invocations=134 (full 3):
 def new generation   total 18176K, used 16439K [0x04800000, 0x05bb0000, 0x09d50000)
  eden space 16192K, 100% used [0x04800000, 0x057d0000, 0x057d0000)
  from space 1984K,  12% used [0x057d0000, 0x0580dee8, 0x059c0000)
  to   space 1984K,   0% used [0x059c0000, 0x059c0000, 0x05bb0000)
 tenured generation   total 40200K, used 32199K [0x09d50000, 0x0c492000, 0x14800000)
   the space 40200K,  80% used [0x09d50000, 0x0bcc1dd0, 0x0bcc1e00, 0x0c492000)
 Metaspace       used 30177K, capacity 30610K, committed 30720K, reserved 31104K
Event: 108.124 GC heap after
Heap after GC invocations=135 (full 3):
 def new generation   total 18176K, used 362K [0x04800000, 0x05bb0000, 0x09d50000)
  eden space 16192K,   0% used [0x04800000, 0x04800000, 0x057d0000)
  from space 1984K,  18% used [0x059c0000, 0x05a1a8b8, 0x05bb0000)
  to   space 1984K,   0% used [0x057d0000, 0x057d0000, 0x059c0000)
 tenured generation   total 40200K, used 32199K [0x09d50000, 0x0c492000, 0x14800000)
   the space 40200K,  80% used [0x09d50000, 0x0bcc1dd0, 0x0bcc1e00, 0x0c492000)
 Metaspace       used 30177K, capacity 30610K, committed 30720K, reserved 31104K
}

Deoptimization events (0 events):
No events

Internal exceptions (10 events):
Event: 53.230 Thread 0x181f9400 Exception <a 'java/lang/ClassNotFoundException': org/springframework/web/context/ServletContextAwareCustomizer> (0x0578ca48) thrown at [C:\workspace\8-2-build-windows-i586-cygwin\jdk8u151\9699\hotspot\src\share\vm\classfile\systemDictionary.cpp, line 210]
Event: 53.232 Thread 0x181f9400 Exception <a 'java/lang/ClassNotFoundException': org/springframework/context/ApplicationContextAwareCustomizer> (0x057a79e0) thrown at [C:\workspace\8-2-build-windows-i586-cygwin\jdk8u151\9699\hotspot\src\share\vm\classfile\systemDictionary.cpp, line 210]
Event: 53.596 Thread 0x181f9c00 Exception <a 'java/lang/ArrayIndexOutOfBoundsException'> (0x05279598) thrown at [C:\workspace\8-2-build-windows-i586-cygwin\jdk8u151\9699\hotspot\src\share\vm\runtime\sharedRuntime.cpp, line 605]
Event: 53.840 Thread 0x171f9c00 Exception <a 'java/lang/ArrayIndexOutOfBoundsException'> (0x052fe3d8) thrown at [C:\workspace\8-2-build-windows-i586-cygwin\jdk8u151\9699\hotspot\src\share\vm\runtime\sharedRuntime.cpp, line 605]
Event: 53.843 Thread 0x171f9c00 Exception <a 'java/lang/ArrayIndexOutOfBoundsException'> (0x05302678) thrown at [C:\workspace\8-2-build-windows-i586-cygwin\jdk8u151\9699\hotspot\src\share\vm\runtime\sharedRuntime.cpp, line 605]
Event: 96.461 Thread 0x181f8800 Exception <a 'java/lang/ArrayIndexOutOfBoundsException'> (0x04946f88) thrown at [C:\workspace\8-2-build-windows-i586-cygwin\jdk8u151\9699\hotspot\src\share\vm\runtime\sharedRuntime.cpp, line 605]
Event: 96.461 Thread 0x181f8800 Exception <a 'java/lang/ArrayIndexOutOfBoundsException'> (0x049481f8) thrown at [C:\workspace\8-2-build-windows-i586-cygwin\jdk8u151\9699\hotspot\src\share\vm\runtime\sharedRuntime.cpp, line 605]
Event: 96.461 Thread 0x181f8800 Exception <a 'java/lang/ArrayIndexOutOfBoundsException'> (0x04948fd0) thrown at [C:\workspace\8-2-build-windows-i586-cygwin\jdk8u151\9699\hotspot\src\share\vm\runtime\sharedRuntime.cpp, line 605]
Event: 96.464 Thread 0x181f8800 Exception <a 'java/lang/ArrayIndexOutOfBoundsException'> (0x04972078) thrown at [C:\workspace\8-2-build-windows-i586-cygwin\jdk8u151\9699\hotspot\src\share\vm\runtime\sharedRuntime.cpp, line 605]
Event: 109.335 Thread 0x181f9000 Exception <a 'java/lang/ArrayIndexOutOfBoundsException'> (0x04a1dcb8) thrown at [C:\workspace\8-2-build-windows-i586-cygwin\jdk8u151\9699\hotspot\src\share\vm\runtime\sharedRuntime.cpp, line 605]

Events (10 events):
Event: 109.512 Thread 0x15821c00 flushing nmethod 0x02988288
Event: 109.512 Thread 0x15821c00 flushing nmethod 0x02988c88
Event: 109.512 Thread 0x15821c00 flushing nmethod 0x02989488
Event: 109.512 Thread 0x15821c00 flushing nmethod 0x02989708
Event: 109.667 loading class javafish/clients/opc/lang/Translate
Event: 109.667 loading class javafish/clients/opc/lang/Translate done
Event: 109.669 loading class javafish/clients/opc/lang/resource
Event: 109.669 loading class javafish/clients/opc/lang/resource done
Event: 109.669 loading class javafish/clients/opc/lang/resource_en
Event: 109.669 loading class javafish/clients/opc/lang/resource_en done


Dynamic libraries:
0x00db0000 - 0x00de3000 	D:\Program Files (x86)\Java\jdk1.8.0_151\bin\java.exe
0x77ca0000 - 0x77e19000 	C:\Windows\SYSTEM32\ntdll.dll
0x754e0000 - 0x755d0000 	C:\Windows\SYSTEM32\KERNEL32.DLL
0x75ce0000 - 0x75e56000 	C:\Windows\SYSTEM32\KERNELBASE.dll
0x74ca0000 - 0x74d31000 	C:\Windows\system32\apphelp.dll
0x75600000 - 0x7567b000 	C:\Windows\SYSTEM32\ADVAPI32.dll
0x75010000 - 0x750ce000 	C:\Windows\SYSTEM32\msvcrt.dll
0x74fc0000 - 0x75003000 	C:\Windows\SYSTEM32\sechost.dll
0x756f0000 - 0x7579c000 	C:\Windows\SYSTEM32\RPCRT4.dll
0x74db0000 - 0x74dce000 	C:\Windows\SYSTEM32\SspiCli.dll
0x74da0000 - 0x74daa000 	C:\Windows\SYSTEM32\CRYPTBASE.dll
0x74d40000 - 0x74d99000 	C:\Windows\SYSTEM32\bcryptPrimitives.dll
0x75b00000 - 0x75c40000 	C:\Windows\SYSTEM32\USER32.dll
0x77b50000 - 0x77c9d000 	C:\Windows\SYSTEM32\GDI32.dll
0x72b80000 - 0x72d89000 	C:\Windows\WinSxS\x86_microsoft.windows.common-controls_6595b64144ccf1df_6.0.10240.16384_none_3bccb1ff6bcd1849\COMCTL32.dll
0x755d0000 - 0x755fb000 	C:\Windows\SYSTEM32\IMM32.DLL
0x74ea0000 - 0x74fc0000 	C:\Windows\SYSTEM32\MSCTF.dll
0x6c150000 - 0x6c20f000 	D:\Program Files (x86)\Java\jdk1.8.0_151\jre\bin\msvcr100.dll
0x6bd80000 - 0x6c14e000 	D:\Program Files (x86)\Java\jdk1.8.0_151\jre\bin\client\jvm.dll
0x76340000 - 0x76346000 	C:\Windows\SYSTEM32\PSAPI.DLL
0x6fda0000 - 0x6fda8000 	C:\Windows\SYSTEM32\WSOCK32.dll
0x75350000 - 0x753ac000 	C:\Windows\SYSTEM32\WS2_32.dll
0x76780000 - 0x76787000 	C:\Windows\SYSTEM32\NSI.dll
0x74810000 - 0x74834000 	C:\Windows\SYSTEM32\WINMM.dll
0x74c60000 - 0x74c68000 	C:\Windows\SYSTEM32\VERSION.dll
0x747e0000 - 0x74803000 	C:\Windows\SYSTEM32\WINMMBASE.dll
0x75310000 - 0x75346000 	C:\Windows\SYSTEM32\cfgmgr32.dll
0x747b0000 - 0x747d1000 	C:\Windows\SYSTEM32\DEVOBJ.dll
0x6e660000 - 0x6e66c000 	D:\Program Files (x86)\Java\jdk1.8.0_151\jre\bin\verify.dll
0x6e630000 - 0x6e651000 	D:\Program Files (x86)\Java\jdk1.8.0_151\jre\bin\java.dll
0x6e5f0000 - 0x6e610000 	D:\Program Files (x86)\Java\jdk1.8.0_151\jre\bin\instrument.dll
0x6e610000 - 0x6e624000 	D:\Program Files (x86)\Java\jdk1.8.0_151\jre\bin\zip.dll
0x76790000 - 0x77b4f000 	C:\Windows\SYSTEM32\SHELL32.dll
0x75e60000 - 0x7633d000 	C:\Windows\SYSTEM32\windows.storage.dll
0x763f0000 - 0x765aa000 	C:\Windows\SYSTEM32\combase.dll
0x752a0000 - 0x752e4000 	C:\Windows\SYSTEM32\shlwapi.dll
0x75440000 - 0x7544c000 	C:\Windows\SYSTEM32\kernel.appcore.dll
0x753b0000 - 0x7543d000 	C:\Windows\SYSTEM32\shcore.dll
0x750d0000 - 0x75114000 	C:\Windows\SYSTEM32\powrprof.dll
0x758f0000 - 0x758ff000 	C:\Windows\SYSTEM32\profapi.dll
0x6d3d0000 - 0x6d3e6000 	D:\Program Files\JetBrains\IntelliJ IDEA 2017.2\bin\breakgen.dll
0x6d3b0000 - 0x6d3c6000 	D:\Program Files (x86)\Java\jdk1.8.0_151\jre\bin\net.dll
0x73d40000 - 0x73d8e000 	C:\Windows\system32\mswsock.dll
0x6d3a0000 - 0x6d3aa000 	D:\Program Files (x86)\Java\jdk1.8.0_151\jre\bin\management.dll
0x6d390000 - 0x6d39f000 	D:\Program Files (x86)\Java\jdk1.8.0_151\jre\bin\nio.dll
0x73110000 - 0x73122000 	C:\Windows\system32\napinsp.dll
0x730f0000 - 0x73106000 	C:\Windows\system32\pnrpnsp.dll
0x730d0000 - 0x730e3000 	C:\Windows\system32\NLAapi.dll
0x74560000 - 0x745e4000 	C:\Windows\SYSTEM32\DNSAPI.dll
0x74190000 - 0x7419b000 	C:\Windows\System32\winrnr.dll
0x730b0000 - 0x730c1000 	C:\Windows\system32\wshbth.dll
0x730a0000 - 0x730a8000 	C:\Windows\System32\rasadhlp.dll
0x74b20000 - 0x74b50000 	C:\Windows\SYSTEM32\IPHLPAPI.DLL
0x74ae0000 - 0x74ae8000 	C:\Windows\SYSTEM32\WINNSI.DLL
0x73050000 - 0x73096000 	C:\Windows\System32\fwpuclnt.dll
0x74ab0000 - 0x74acb000 	C:\Windows\SYSTEM32\bcrypt.dll
0x72e20000 - 0x72e33000 	C:\Windows\SYSTEM32\CRYPTSP.dll
0x72df0000 - 0x72e1f000 	C:\Windows\system32\rsaenh.dll
0x74c70000 - 0x74c89000 	C:\Windows\SYSTEM32\USERENV.dll
0x73d90000 - 0x73da3000 	C:\Windows\SYSTEM32\dhcpcsvc6.DLL
0x74740000 - 0x74754000 	C:\Windows\SYSTEM32\dhcpcsvc.DLL
0x15be0000 - 0x15c5c000 	E:\IdeaProjects\server\JCustomOpc.dll
0x75c40000 - 0x75cd2000 	C:\Windows\SYSTEM32\oleaut32.dll
0x757a0000 - 0x7588a000 	C:\Windows\SYSTEM32\ole32.dll
0x72ed0000 - 0x72f45000 	C:\Windows\system32\uxtheme.dll
0x75450000 - 0x754d2000 	C:\Windows\SYSTEM32\clbcatq.dll
0x168d0000 - 0x168ea000 	C:\Windows\SYSTEM32\opcproxy.dll
0x73160000 - 0x7329f000 	C:\Windows\SYSTEM32\dbghelp.dll

VM Arguments:
jvm_args: -XX:TieredStopAtLevel=1 -Xverify:none -Dspring.output.ansi.enabled=always -Dcom.sun.management.jmxremote -Dcom.sun.management.jmxremote.port=10896 -Dcom.sun.management.jmxremote.authenticate=false -Dcom.sun.management.jmxremote.ssl=false -Dspring.liveBeansView.mbeanDomain -Dspring.application.admin.enabled=true -javaagent:D:\Program Files\JetBrains\IntelliJ IDEA 2017.2\lib\idea_rt.jar=10897:D:\Program Files\JetBrains\IntelliJ IDEA 2017.2\bin -Dfile.encoding=UTF-8 
java_command: com.xcs.server.ServerApplication
java_class_path (initial): D:\Program Files (x86)\Java\jdk1.8.0_151\jre\lib\charsets.jar;D:\Program Files (x86)\Java\jdk1.8.0_151\jre\lib\deploy.jar;D:\Program Files (x86)\Java\jdk1.8.0_151\jre\lib\ext\access-bridge-32.jar;D:\Program Files (x86)\Java\jdk1.8.0_151\jre\lib\ext\cldrdata.jar;D:\Program Files (x86)\Java\jdk1.8.0_151\jre\lib\ext\dnsns.jar;D:\Program Files (x86)\Java\jdk1.8.0_151\jre\lib\ext\jaccess.jar;D:\Program Files (x86)\Java\jdk1.8.0_151\jre\lib\ext\jfxrt.jar;D:\Program Files (x86)\Java\jdk1.8.0_151\jre\lib\ext\localedata.jar;D:\Program Files (x86)\Java\jdk1.8.0_151\jre\lib\ext\nashorn.jar;D:\Program Files (x86)\Java\jdk1.8.0_151\jre\lib\ext\sunec.jar;D:\Program Files (x86)\Java\jdk1.8.0_151\jre\lib\ext\sunjce_provider.jar;D:\Program Files (x86)\Java\jdk1.8.0_151\jre\lib\ext\sunmscapi.jar;D:\Program Files (x86)\Java\jdk1.8.0_151\jre\lib\ext\sunpkcs11.jar;D:\Program Files (x86)\Java\jdk1.8.0_151\jre\lib\ext\zipfs.jar;D:\Program Files (x86)\Java\jdk1.8.0_151\jre\lib\javaws.jar;D:\Program Files (x86)\Java\jdk1.8.0_151\jre\lib\jce.jar;D:\Program Files (x86)\Java\jdk1.8.0_151\jre\lib\jfr.jar;D:\Program Files (x86)\Java\jdk1.8.0_151\jre\lib\jfxswt.jar;D:\Program Files (x86)\Java\jdk1.8.0_151\jre\lib\jsse.jar;D:\Program Files (x86)\Java\jdk1.8.0_151\jre\lib\management-agent.jar;D:\Program Files (x86)\Java\jdk1.8.0_151\jre\lib\plugin.jar;D:\Program Files (x86)\Java\jdk1.8.0_151\jre\lib\resources.jar;D:\Program Files (x86)\Java\jdk1.8.0_151\jre\lib\rt.jar;E:\IdeaProjects\server\target\classes;E:\JAR\jeasyopc-2.3.2\commons-logging-1.1.jar;E:\JAR\jeasyopc-2.3.2\jeasyopc.jar;E:\JAR\jeasyopc-2.3.2\log4j-1.2.13.jar;D:\Program Files\maven\localRepository\org\springframework\boot\spring-boot-starter-data-jpa\1.5.9.RELEASE\spring-boot-starter-data-jpa-1.5.9.RELEASE.jar;D:\Program Files\maven\localRepository\org\springframework\boot\spring-boot-starter\1.5.9.RELEASE\spring-boot-starter-1.5.9.RELEASE.jar;D:\Program Files\maven\localRepository\org\springframework\boot
Launcher Type: SUN_STANDARD

Environment Variables:
JAVA_HOME=D:\Program Files\Java\jdk1.8.0_131
CLASSPATH=.;D:\Program Files\Java\jdk1.8.0_131\lib\dt.jar;D:\Program Files\Java\jdk1.8.0_131\lib\tools.jar;
PATH=D:\Program Files\Java\jdk1.8.0_131\bin;D:\Program Files\Java\jdk1.8.0_131\jre\bin;C:\ProgramData\Oracle\Java\javapath;C:\Windows\system32;C:\Windows;C:\Windows\System32\Wbem;C:\Windows\System32\WindowsPowerShell\v1.0\;D:\Program Files\maven\apache-maven-3.5.0\bin;D:\Program Files\Python\Python36\Scripts\;D:\Program Files\Python\Python36\
USERNAME=XINDQ
OS=Windows_NT
PROCESSOR_IDENTIFIER=AMD64 Family 21 Model 16 Stepping 1, AuthenticAMD



---------------  S Y S T E M  ---------------

OS: Windows 10.0 , 64 bit Build 10240 (10.0.10240.16384)

CPU:total 4 (initial active 4) (4 cores per cpu, 1 threads per core) family 21 model 16 stepping 1, cmov, cx8, fxsr, mmx, sse, sse2, sse3, ssse3, sse4.1, sse4.2, popcnt, avx, aes, clmul, mmxext, 3dnowpref, lzcnt, sse4a, tsc, tscinvbit, tscinv, bmi1

Memory: 4k page, physical 7841140k(4002064k free), swap 9086324k(4117080k free)

vm_info: Java HotSpot(TM) Client VM (25.151-b12) for windows-x86 JRE (1.8.0_151-b12), built on Sep  5 2017 19:31:49 by "java_re" with MS VC++ 10.0 (VS2010)

time: Mon Feb 12 16:26:33 2018
elapsed time: 109 seconds (0d 0h 1m 49s)

