#
# A fatal error has been detected by the Java Runtime Environment:
#
#  EXCEPTION_INT_OVERFLOW (0xc0000095) at pc=0x1abc95d9, pid=3692, tid=0x00001b58
#
# JRE version: Java(TM) SE Runtime Environment (8.0_151-b12) (build 1.8.0_151-b12)
# Java VM: Java HotSpot(TM) Client VM (25.151-b12 mixed mode, sharing windows-x86 )
# Problematic frame:
# C  [JCustomOpc.dll+0x95d9]
#
# Failed to write core dump. Minidumps are not enabled by default on client versions of Windows
#
# If you would like to submit a bug report, please visit:
#   http://bugreport.java.com/bugreport/crash.jsp
# The crash happened outside the Java Virtual Machine in native code.
# See problematic frame for where to report the bug.
#

---------------  T H R E A D  ---------------

Current thread (0x18413c00):  JavaThread "Thread-43" daemon [_thread_in_native, id=7000, stack(0x1ad80000,0x1add0000)]

siginfo: ExceptionCode=0xc0000095

Registers:
EAX=0x00000000, EBX=0x00000000, ECX=0x1adcf374, EDX=0x80000000
ESP=0x1adcf358, EBP=0x1adcf35c, ESI=0x1adcf3c0, EDI=0x1ac41d78
EIP=0x1abc95d9, EFLAGS=0x00010286

Top of Stack: (sp=0x1adcf358)
0x1adcf358:   1adcf3a6 1adcf38c 1abc985e 1734e998
0x1adcf368:   75709aab 1adcf3c0 1ac42a78 00000004
0x1adcf378:   1ac41d78 18413d40 1adcf3c4 1adcf3c2
0x1adcf388:   1adcf3c0 1adcf3a8 1abc99a0 1adcf3a6
0x1adcf398:   1734e998 75709aab 00000036 1adcf3c4
0x1adcf3a8:   17d25784 1ac16665 1734e998 75709aab
0x1adcf3b8:   18413d40 17d2578c 6b55195c 18413d40
0x1adcf3c8:   17d25784 00000022 ae8b20a1 00000005 

Instructions: (pc=0x1abc95d9)
0x1abc95b9:   db 89 c1 dd 45 08 d8 8b 88 81 c2 1a 83 ec 08 df
0x1abc95c9:   3c 24 9b 58 5a 09 d2 79 11 f7 da f7 d8 83 da 00
0x1abc95d9:   f7 b3 8c 81 c2 1a f7 d8 eb 06 f7 b3 8c 81 c2 1a
0x1abc95e9:   05 5a 95 0a 00 89 11 89 41 04 5b 5d c2 08 00 55 


Register to memory mapping:

EAX=0x00000000 is an unknown value
EBX=0x00000000 is an unknown value
ECX=0x1adcf374 is pointing into the stack for thread: 0x18413c00
EDX=0x80000000 is an unknown value
ESP=0x1adcf358 is pointing into the stack for thread: 0x18413c00
EBP=0x1adcf35c is pointing into the stack for thread: 0x18413c00
ESI=0x1adcf3c0 is pointing into the stack for thread: 0x18413c00
EDI=0x1ac41d78 is an unknown value


Stack: [0x1ad80000,0x1add0000],  sp=0x1adcf358,  free space=316k
Native frames: (J=compiled Java code, j=interpreted, Vv=VM code, C=native code)
C  [JCustomOpc.dll+0x95d9]
C  [JCustomOpc.dll+0x985e]
C  [JCustomOpc.dll+0x99a0]
C  [JCustomOpc.dll+0x56665]

Java frames: (J=compiled Java code, j=interpreted, Vv=VM code)
j  javafish.clients.opc.JOpc.getDownloadGroupNative()Ljavafish/clients/opc/component/OpcGroup;+0
j  javafish.clients.opc.JOpc.getDownloadGroup()Ljavafish/clients/opc/component/OpcGroup;+1
j  javafish.clients.opc.JEasyOpc.run()V+155
j  java.lang.Thread.run()V+11
v  ~StubRoutines::call_stub

---------------  P R O C E S S  ---------------

Java Threads: ( => current thread )
=>0x18413c00 JavaThread "Thread-43" daemon [_thread_in_native, id=7000, stack(0x1ad80000,0x1add0000)]
  0x18412c00 JavaThread "WebSocket background processing" daemon [_thread_blocked, id=8224, stack(0x1ab70000,0x1abc0000)]
  0x18412000 JavaThread "Timer-0" daemon [_thread_blocked, id=5452, stack(0x18d60000,0x18db0000)]
  0x18412400 JavaThread "RMI TCP Connection(idle)" daemon [_thread_blocked, id=5460, stack(0x1a6e0000,0x1a730000)]
  0x18413800 JavaThread "RMI TCP Connection(idle)" daemon [_thread_blocked, id=11112, stack(0x16850000,0x168a0000)]
  0x17d61800 JavaThread "DestroyJavaVM" [_thread_blocked, id=6440, stack(0x00750000,0x007a0000)]
  0x17d64000 JavaThread "http-nio-8080-AsyncTimeout" daemon [_thread_blocked, id=12008, stack(0x1a650000,0x1a6a0000)]
  0x17d68400 JavaThread "http-nio-8080-Acceptor-0" daemon [_thread_in_native, id=12908, stack(0x1a5c0000,0x1a610000)]
  0x17d67c00 JavaThread "http-nio-8080-ClientPoller-1" daemon [_thread_in_native, id=5468, stack(0x1a530000,0x1a580000)]
  0x17d66c00 JavaThread "http-nio-8080-ClientPoller-0" daemon [_thread_in_native, id=11360, stack(0x1a4a0000,0x1a4f0000)]
  0x17d66400 JavaThread "http-nio-8080-exec-10" daemon [_thread_blocked, id=9244, stack(0x1a410000,0x1a460000)]
  0x17d65800 JavaThread "http-nio-8080-exec-9" daemon [_thread_blocked, id=9776, stack(0x1a380000,0x1a3d0000)]
  0x17d67800 JavaThread "http-nio-8080-exec-8" daemon [_thread_blocked, id=7244, stack(0x1a2f0000,0x1a340000)]
  0x17d63800 JavaThread "http-nio-8080-exec-7" daemon [_thread_blocked, id=2824, stack(0x1a260000,0x1a2b0000)]
  0x17d65000 JavaThread "http-nio-8080-exec-6" daemon [_thread_blocked, id=10612, stack(0x1a1d0000,0x1a220000)]
  0x17d62c00 JavaThread "http-nio-8080-exec-5" daemon [_thread_blocked, id=2576, stack(0x1a140000,0x1a190000)]
  0x17d62000 JavaThread "http-nio-8080-exec-4" daemon [_thread_blocked, id=3820, stack(0x19fb0000,0x1a000000)]
  0x17d63000 JavaThread "http-nio-8080-exec-3" daemon [_thread_blocked, id=7424, stack(0x19f20000,0x19f70000)]
  0x17d62400 JavaThread "http-nio-8080-exec-2" daemon [_thread_blocked, id=8104, stack(0x19e90000,0x19ee0000)]
  0x17d67000 JavaThread "http-nio-8080-exec-1" daemon [_thread_blocked, id=4016, stack(0x19e00000,0x19e50000)]
  0x17d60c00 JavaThread "NioBlockingSelector.BlockPoller-1" daemon [_thread_in_native, id=7248, stack(0x19ce0000,0x19d30000)]
  0x17d64400 JavaThread "Live Reload Server" daemon [_thread_in_native, id=6484, stack(0x19d70000,0x19dc0000)]
  0x17d65c00 JavaThread "File Watcher" daemon [_thread_blocked, id=9024, stack(0x19c50000,0x19ca0000)]
  0x17d64c00 JavaThread "Abandoned connection cleanup thread" daemon [_thread_blocked, id=2972, stack(0x190a0000,0x190f0000)]
  0x164c9800 JavaThread "Tomcat JDBC Pool Cleaner[11840194:1518951308542]" daemon [_thread_blocked, id=9508, stack(0x19010000,0x19060000)]
  0x164c9400 JavaThread "container-0" [_thread_blocked, id=12924, stack(0x18e80000,0x18ed0000)]
  0x164c8c00 JavaThread "ContainerBackgroundProcessor[StandardEngine[Tomcat]]" daemon [_thread_blocked, id=4580, stack(0x18df0000,0x18e40000)]
  0x1659b800 JavaThread "RMI TCP Connection(idle)" daemon [_thread_blocked, id=10064, stack(0x16730000,0x16780000)]
  0x1656f400 JavaThread "RMI Scheduler(0)" daemon [_thread_blocked, id=10032, stack(0x166a0000,0x166f0000)]
  0x1657f400 JavaThread "RMI TCP Connection(idle)" daemon [_thread_blocked, id=12736, stack(0x15c80000,0x15cd0000)]
  0x16537000 JavaThread "RMI TCP Accept-0" daemon [_thread_in_native, id=10960, stack(0x15b00000,0x15b50000)]
  0x16532000 JavaThread "RMI TCP Accept-11980" daemon [_thread_in_native, id=11132, stack(0x15a70000,0x15ac0000)]
  0x16530400 JavaThread "RMI TCP Accept-0" daemon [_thread_in_native, id=9848, stack(0x159e0000,0x15a30000)]
  0x16388800 JavaThread "Service Thread" daemon [_thread_blocked, id=9704, stack(0x15900000,0x15950000)]
  0x16384c00 JavaThread "C1 CompilerThread0" daemon [_thread_blocked, id=4512, stack(0x15020000,0x15070000)]
  0x16384000 JavaThread "Monitor Ctrl-Break" daemon [_thread_in_native, id=3016, stack(0x14f90000,0x14fe0000)]
  0x026a7400 JavaThread "Attach Listener" daemon [_thread_blocked, id=10848, stack(0x14f00000,0x14f50000)]
  0x026be800 JavaThread "Signal Dispatcher" daemon [_thread_blocked, id=524, stack(0x14e70000,0x14ec0000)]
  0x02688800 JavaThread "Finalizer" daemon [_thread_blocked, id=8264, stack(0x14d80000,0x14dd0000)]
  0x0262bc00 JavaThread "Reference Handler" daemon [_thread_blocked, id=12540, stack(0x14cf0000,0x14d40000)]

Other Threads:
  0x02628800 VMThread [stack: 0x14c60000,0x14cb0000] [id=4800]
  0x16538c00 WatcherThread [stack: 0x15b90000,0x15be0000] [id=2892]

VM state:not at safepoint (normal execution)

VM Mutex/Monitor currently owned by a thread: None

Heap:
 def new generation   total 19584K, used 12053K [0x04800000, 0x05d40000, 0x09d50000)
  eden space 17408K,  64% used [0x04800000, 0x0530b638, 0x05900000)
  from space 2176K,  34% used [0x05b20000, 0x05bd9f38, 0x05d40000)
  to   space 2176K,   0% used [0x05900000, 0x05900000, 0x05b20000)
 tenured generation   total 43400K, used 35035K [0x09d50000, 0x0c7b2000, 0x14800000)
   the space 43400K,  80% used [0x09d50000, 0x0bf86d68, 0x0bf86e00, 0x0c7b2000)
 Metaspace       used 30965K, capacity 31445K, committed 31488K, reserved 32128K

Card table byte_map: [0x04700000,0x04790000] byte_map_base: 0x046dc000

Polling page: 0x007a0000

CodeCache: size=32768Kb used=5350Kb max_used=5464Kb free=27417Kb
 bounds [0x02700000, 0x02c60000, 0x04700000]
 total_blobs=2761 nmethods=2301 adapters=390
 compilation: enabled

Compilation events (10 events):
Event: 55.638 Thread 0x16384c00 3485             org.hibernate.engine.spi.CascadingActions$8::requiresNoCascadeChecking (2 bytes)
Event: 55.638 Thread 0x16384c00 nmethod 3485 0x029a74c8 code [0x029a75c0, 0x029a7640]
Event: 55.638 Thread 0x16384c00 3486             org.hibernate.engine.internal.Cascade::cascade (305 bytes)
Event: 55.640 Thread 0x16384c00 nmethod 3486 0x029b5b08 code [0x029b5d70, 0x029b6450]
Event: 55.640 Thread 0x16384c00 3487             org.hibernate.tuple.entity.EntityMetamodel::getProperties (5 bytes)
Event: 55.640 Thread 0x16384c00 nmethod 3487 0x029b5948 code [0x029b5a40, 0x029b5ac0]
Event: 55.640 Thread 0x16384c00 3488             org.hibernate.tuple.entity.AbstractEntityTuplizer::getPropertyValues (134 bytes)
Event: 55.640 Thread 0x16384c00 nmethod 3488 0x029b4e88 code [0x029b4ff0, 0x029b5410]
Event: 55.644 Thread 0x16384c00 3489             java.util.HashMap$KeyIterator::next (8 bytes)
Event: 55.645 Thread 0x16384c00 nmethod 3489 0x029b4c48 code [0x029b4d50, 0x029b4dec]

GC Heap History (10 events):
Event: 24.605 GC heap before
{Heap before GC invocations=128 (full 3):
 def new generation   total 19584K, used 19502K [0x04800000, 0x05d40000, 0x09d50000)
  eden space 17408K, 100% used [0x04800000, 0x05900000, 0x05900000)
  from space 2176K,  96% used [0x05900000, 0x05b0b970, 0x05b20000)
  to   space 2176K,   0% used [0x05b20000, 0x05b20000, 0x05d40000)
 tenured generation   total 43400K, used 33219K [0x09d50000, 0x0c7b2000, 0x14800000)
   the space 43400K,  76% used [0x09d50000, 0x0bdc0f08, 0x0bdc1000, 0x0c7b2000)
 Metaspace       used 29026K, capacity 29427K, committed 29568K, reserved 30080K
Event: 24.616 GC heap after
Heap after GC invocations=129 (full 3):
 def new generation   total 19584K, used 1335K [0x04800000, 0x05d40000, 0x09d50000)
  eden space 17408K,   0% used [0x04800000, 0x04800000, 0x05900000)
  from space 2176K,  61% used [0x05b20000, 0x05c6dc70, 0x05d40000)
  to   space 2176K,   0% used [0x05900000, 0x05900000, 0x05b20000)
 tenured generation   total 43400K, used 34010K [0x09d50000, 0x0c7b2000, 0x14800000)
   the space 43400K,  78% used [0x09d50000, 0x0be86bf0, 0x0be86c00, 0x0c7b2000)
 Metaspace       used 29026K, capacity 29427K, committed 29568K, reserved 30080K
}
Event: 25.336 GC heap before
{Heap before GC invocations=129 (full 3):
 def new generation   total 19584K, used 18738K [0x04800000, 0x05d40000, 0x09d50000)
  eden space 17408K,  99% used [0x04800000, 0x058fed08, 0x05900000)
  from space 2176K,  61% used [0x05b20000, 0x05c6dc70, 0x05d40000)
  to   space 2176K,   0% used [0x05900000, 0x05900000, 0x05b20000)
 tenured generation   total 43400K, used 34010K [0x09d50000, 0x0c7b2000, 0x14800000)
   the space 43400K,  78% used [0x09d50000, 0x0be86bf0, 0x0be86c00, 0x0c7b2000)
 Metaspace       used 30058K, capacity 30498K, committed 30592K, reserved 31104K
Event: 25.347 GC heap after
Heap after GC invocations=130 (full 3):
 def new generation   total 19584K, used 1629K [0x04800000, 0x05d40000, 0x09d50000)
  eden space 17408K,   0% used [0x04800000, 0x04800000, 0x05900000)
  from space 2176K,  74% used [0x05900000, 0x05a974f0, 0x05b20000)
  to   space 2176K,   0% used [0x05b20000, 0x05b20000, 0x05d40000)
 tenured generation   total 43400K, used 34734K [0x09d50000, 0x0c7b2000, 0x14800000)
   the space 43400K,  80% used [0x09d50000, 0x0bf3b830, 0x0bf3ba00, 0x0c7b2000)
 Metaspace       used 30058K, capacity 30498K, committed 30592K, reserved 31104K
}
Event: 30.078 GC heap before
{Heap before GC invocations=130 (full 3):
 def new generation   total 19584K, used 19037K [0x04800000, 0x05d40000, 0x09d50000)
  eden space 17408K, 100% used [0x04800000, 0x05900000, 0x05900000)
  from space 2176K,  74% used [0x05900000, 0x05a974f0, 0x05b20000)
  to   space 2176K,   0% used [0x05b20000, 0x05b20000, 0x05d40000)
 tenured generation   total 43400K, used 34734K [0x09d50000, 0x0c7b2000, 0x14800000)
   the space 43400K,  80% used [0x09d50000, 0x0bf3b830, 0x0bf3ba00, 0x0c7b2000)
 Metaspace       used 30540K, capacity 30983K, committed 31104K, reserved 31104K
Event: 30.087 GC heap after
Heap after GC invocations=131 (full 3):
 def new generation   total 19584K, used 820K [0x04800000, 0x05d40000, 0x09d50000)
  eden space 17408K,   0% used [0x04800000, 0x04800000, 0x05900000)
  from space 2176K,  37% used [0x05b20000, 0x05bed200, 0x05d40000)
  to   space 2176K,   0% used [0x05900000, 0x05900000, 0x05b20000)
 tenured generation   total 43400K, used 35035K [0x09d50000, 0x0c7b2000, 0x14800000)
   the space 43400K,  80% used [0x09d50000, 0x0bf86d68, 0x0bf86e00, 0x0c7b2000)
 Metaspace       used 30540K, capacity 30983K, committed 31104K, reserved 31104K
}
Event: 38.130 GC heap before
{Heap before GC invocations=131 (full 3):
 def new generation   total 19584K, used 18228K [0x04800000, 0x05d40000, 0x09d50000)
  eden space 17408K, 100% used [0x04800000, 0x05900000, 0x05900000)
  from space 2176K,  37% used [0x05b20000, 0x05bed200, 0x05d40000)
  to   space 2176K,   0% used [0x05900000, 0x05900000, 0x05b20000)
 tenured generation   total 43400K, used 35035K [0x09d50000, 0x0c7b2000, 0x14800000)
   the space 43400K,  80% used [0x09d50000, 0x0bf86d68, 0x0bf86e00, 0x0c7b2000)
 Metaspace       used 30671K, capacity 31112K, committed 31232K, reserved 32128K
Event: 38.138 GC heap after
Heap after GC invocations=132 (full 3):
 def new generation   total 19584K, used 882K [0x04800000, 0x05d40000, 0x09d50000)
  eden space 17408K,   0% used [0x04800000, 0x04800000, 0x05900000)
  from space 2176K,  40% used [0x05900000, 0x059dc8f8, 0x05b20000)
  to   space 2176K,   0% used [0x05b20000, 0x05b20000, 0x05d40000)
 tenured generation   total 43400K, used 35035K [0x09d50000, 0x0c7b2000, 0x14800000)
   the space 43400K,  80% used [0x09d50000, 0x0bf86d68, 0x0bf86e00, 0x0c7b2000)
 Metaspace       used 30671K, capacity 31112K, committed 31232K, reserved 32128K
}
Event: 51.349 GC heap before
{Heap before GC invocations=132 (full 3):
 def new generation   total 19584K, used 18290K [0x04800000, 0x05d40000, 0x09d50000)
  eden space 17408K, 100% used [0x04800000, 0x05900000, 0x05900000)
  from space 2176K,  40% used [0x05900000, 0x059dc8f8, 0x05b20000)
  to   space 2176K,   0% used [0x05b20000, 0x05b20000, 0x05d40000)
 tenured generation   total 43400K, used 35035K [0x09d50000, 0x0c7b2000, 0x14800000)
   the space 43400K,  80% used [0x09d50000, 0x0bf86d68, 0x0bf86e00, 0x0c7b2000)
 Metaspace       used 30692K, capacity 31144K, committed 31232K, reserved 32128K
Event: 51.356 GC heap after
Heap after GC invocations=133 (full 3):
 def new generation   total 19584K, used 743K [0x04800000, 0x05d40000, 0x09d50000)
  eden space 17408K,   0% used [0x04800000, 0x04800000, 0x05900000)
  from space 2176K,  34% used [0x05b20000, 0x05bd9f38, 0x05d40000)
  to   space 2176K,   0% used [0x05900000, 0x05900000, 0x05b20000)
 tenured generation   total 43400K, used 35035K [0x09d50000, 0x0c7b2000, 0x14800000)
   the space 43400K,  80% used [0x09d50000, 0x0bf86d68, 0x0bf86e00, 0x0c7b2000)
 Metaspace       used 30692K, capacity 31144K, committed 31232K, reserved 32128K
}

Deoptimization events (0 events):
No events

Internal exceptions (10 events):
Event: 34.191 Thread 0x17d62400 Exception <a 'java/lang/ArrayIndexOutOfBoundsException'> (0x051d9b90) thrown at [C:\workspace\8-2-build-windows-i586-cygwin\jdk8u151\9699\hotspot\src\share\vm\runtime\sharedRuntime.cpp, line 605]
Event: 34.193 Thread 0x17d62400 Exception <a 'java/lang/ClassNotFoundException': com/xcs/server/domain/user/PermissionFamilyJsonSerializerCustomizer> (0x051faa78) thrown at [C:\workspace\8-2-build-windows-i586-cygwin\jdk8u151\9699\hotspot\src\share\vm\classfile\systemDictionary.cpp, lin
Event: 34.194 Thread 0x17d62400 Exception <a 'java/lang/ClassNotFoundException': com/fasterxml/jackson/databind/jsonFormatVisitors/JsonFormatVisitableCustomizer> (0x05220710) thrown at [C:\workspace\8-2-build-windows-i586-cygwin\jdk8u151\9699\hotspot\src\share\vm\classfile\systemDiction
Event: 36.057 Thread 0x17d67000 Exception <a 'java/lang/ArrayIndexOutOfBoundsException'> (0x0555f668) thrown at [C:\workspace\8-2-build-windows-i586-cygwin\jdk8u151\9699\hotspot\src\share\vm\runtime\sharedRuntime.cpp, line 605]
Event: 36.847 Thread 0x17d65000 Exception <a 'java/lang/ArrayIndexOutOfBoundsException'> (0x05738d70) thrown at [C:\workspace\8-2-build-windows-i586-cygwin\jdk8u151\9699\hotspot\src\share\vm\runtime\sharedRuntime.cpp, line 605]
Event: 39.120 Thread 0x17d66400 Exception <a 'java/lang/ArrayIndexOutOfBoundsException'> (0x04a9a778) thrown at [C:\workspace\8-2-build-windows-i586-cygwin\jdk8u151\9699\hotspot\src\share\vm\runtime\sharedRuntime.cpp, line 605]
Event: 52.072 Thread 0x17d62000 Exception <a 'java/lang/ArrayIndexOutOfBoundsException'> (0x04cbd968) thrown at [C:\workspace\8-2-build-windows-i586-cygwin\jdk8u151\9699\hotspot\src\share\vm\runtime\sharedRuntime.cpp, line 605]
Event: 52.072 Thread 0x17d62000 Exception <a 'java/lang/ArrayIndexOutOfBoundsException'> (0x04cbebc8) thrown at [C:\workspace\8-2-build-windows-i586-cygwin\jdk8u151\9699\hotspot\src\share\vm\runtime\sharedRuntime.cpp, line 605]
Event: 52.072 Thread 0x17d62000 Exception <a 'java/lang/ArrayIndexOutOfBoundsException'> (0x04cbf9c8) thrown at [C:\workspace\8-2-build-windows-i586-cygwin\jdk8u151\9699\hotspot\src\share\vm\runtime\sharedRuntime.cpp, line 605]
Event: 52.076 Thread 0x17d62000 Exception <a 'java/lang/ArrayIndexOutOfBoundsException'> (0x04ce8bf0) thrown at [C:\workspace\8-2-build-windows-i586-cygwin\jdk8u151\9699\hotspot\src\share\vm\runtime\sharedRuntime.cpp, line 605]

Events (10 events):
Event: 55.642 loading class javafish/clients/opc/component/OpcItem done
Event: 55.644 Thread 0x18413c00 Thread added: 0x18413c00
Event: 55.645 Executing VM operation: RevokeBias
Event: 55.645 Executing VM operation: RevokeBias done
Event: 55.840 loading class javafish/clients/opc/lang/Translate
Event: 55.840 loading class javafish/clients/opc/lang/Translate done
Event: 55.841 loading class javafish/clients/opc/lang/resource
Event: 55.841 loading class javafish/clients/opc/lang/resource done
Event: 55.842 loading class javafish/clients/opc/lang/resource_en
Event: 55.842 loading class javafish/clients/opc/lang/resource_en done


Dynamic libraries:
0x00ca0000 - 0x00cd3000 	D:\Program Files (x86)\Java\jdk1.8.0_151\bin\java.exe
0x77ca0000 - 0x77e19000 	C:\Windows\SYSTEM32\ntdll.dll
0x754e0000 - 0x755d0000 	C:\Windows\SYSTEM32\KERNEL32.DLL
0x75ce0000 - 0x75e56000 	C:\Windows\SYSTEM32\KERNELBASE.dll
0x74ca0000 - 0x74d31000 	C:\Windows\system32\apphelp.dll
0x75600000 - 0x7567b000 	C:\Windows\SYSTEM32\ADVAPI32.dll
0x75010000 - 0x750ce000 	C:\Windows\SYSTEM32\msvcrt.dll
0x74fc0000 - 0x75003000 	C:\Windows\SYSTEM32\sechost.dll
0x756f0000 - 0x7579c000 	C:\Windows\SYSTEM32\RPCRT4.dll
0x74db0000 - 0x74dce000 	C:\Windows\SYSTEM32\SspiCli.dll
0x74da0000 - 0x74daa000 	C:\Windows\SYSTEM32\CRYPTBASE.dll
0x74d40000 - 0x74d99000 	C:\Windows\SYSTEM32\bcryptPrimitives.dll
0x75b00000 - 0x75c40000 	C:\Windows\SYSTEM32\USER32.dll
0x77b50000 - 0x77c9d000 	C:\Windows\SYSTEM32\GDI32.dll
0x72b80000 - 0x72d89000 	C:\Windows\WinSxS\x86_microsoft.windows.common-controls_6595b64144ccf1df_6.0.10240.16384_none_3bccb1ff6bcd1849\COMCTL32.dll
0x755d0000 - 0x755fb000 	C:\Windows\SYSTEM32\IMM32.DLL
0x74ea0000 - 0x74fc0000 	C:\Windows\SYSTEM32\MSCTF.dll
0x6ba30000 - 0x6baef000 	D:\Program Files (x86)\Java\jdk1.8.0_151\jre\bin\msvcr100.dll
0x6b390000 - 0x6b75e000 	D:\Program Files (x86)\Java\jdk1.8.0_151\jre\bin\client\jvm.dll
0x76340000 - 0x76346000 	C:\Windows\SYSTEM32\PSAPI.DLL
0x70080000 - 0x70088000 	C:\Windows\SYSTEM32\WSOCK32.dll
0x75350000 - 0x753ac000 	C:\Windows\SYSTEM32\WS2_32.dll
0x76780000 - 0x76787000 	C:\Windows\SYSTEM32\NSI.dll
0x74810000 - 0x74834000 	C:\Windows\SYSTEM32\WINMM.dll
0x74c60000 - 0x74c68000 	C:\Windows\SYSTEM32\VERSION.dll
0x747e0000 - 0x74803000 	C:\Windows\SYSTEM32\WINMMBASE.dll
0x75310000 - 0x75346000 	C:\Windows\SYSTEM32\cfgmgr32.dll
0x747b0000 - 0x747d1000 	C:\Windows\SYSTEM32\DEVOBJ.dll
0x6ff50000 - 0x6ff5c000 	D:\Program Files (x86)\Java\jdk1.8.0_151\jre\bin\verify.dll
0x6d5a0000 - 0x6d5c1000 	D:\Program Files (x86)\Java\jdk1.8.0_151\jre\bin\java.dll
0x6d520000 - 0x6d540000 	D:\Program Files (x86)\Java\jdk1.8.0_151\jre\bin\instrument.dll
0x6d230000 - 0x6d244000 	D:\Program Files (x86)\Java\jdk1.8.0_151\jre\bin\zip.dll
0x76790000 - 0x77b4f000 	C:\Windows\SYSTEM32\SHELL32.dll
0x75e60000 - 0x7633d000 	C:\Windows\SYSTEM32\windows.storage.dll
0x763f0000 - 0x765aa000 	C:\Windows\SYSTEM32\combase.dll
0x752a0000 - 0x752e4000 	C:\Windows\SYSTEM32\shlwapi.dll
0x75440000 - 0x7544c000 	C:\Windows\SYSTEM32\kernel.appcore.dll
0x753b0000 - 0x7543d000 	C:\Windows\SYSTEM32\shcore.dll
0x750d0000 - 0x75114000 	C:\Windows\SYSTEM32\powrprof.dll
0x758f0000 - 0x758ff000 	C:\Windows\SYSTEM32\profapi.dll
0x6d1a0000 - 0x6d1b6000 	D:\Program Files\JetBrains\IntelliJ IDEA 2017.2\bin\breakgen.dll
0x6c920000 - 0x6c936000 	D:\Program Files (x86)\Java\jdk1.8.0_151\jre\bin\net.dll
0x73d40000 - 0x73d8e000 	C:\Windows\system32\mswsock.dll
0x6d590000 - 0x6d59a000 	D:\Program Files (x86)\Java\jdk1.8.0_151\jre\bin\management.dll
0x6d150000 - 0x6d15f000 	D:\Program Files (x86)\Java\jdk1.8.0_151\jre\bin\nio.dll
0x73110000 - 0x73122000 	C:\Windows\system32\napinsp.dll
0x730f0000 - 0x73106000 	C:\Windows\system32\pnrpnsp.dll
0x730d0000 - 0x730e3000 	C:\Windows\system32\NLAapi.dll
0x74560000 - 0x745e4000 	C:\Windows\SYSTEM32\DNSAPI.dll
0x74190000 - 0x7419b000 	C:\Windows\System32\winrnr.dll
0x730b0000 - 0x730c1000 	C:\Windows\system32\wshbth.dll
0x730a0000 - 0x730a8000 	C:\Windows\System32\rasadhlp.dll
0x74b20000 - 0x74b50000 	C:\Windows\SYSTEM32\IPHLPAPI.DLL
0x74ae0000 - 0x74ae8000 	C:\Windows\SYSTEM32\WINNSI.DLL
0x73050000 - 0x73096000 	C:\Windows\System32\fwpuclnt.dll
0x74ab0000 - 0x74acb000 	C:\Windows\SYSTEM32\bcrypt.dll
0x72e20000 - 0x72e33000 	C:\Windows\SYSTEM32\CRYPTSP.dll
0x72df0000 - 0x72e1f000 	C:\Windows\system32\rsaenh.dll
0x74c70000 - 0x74c89000 	C:\Windows\SYSTEM32\USERENV.dll
0x73d90000 - 0x73da3000 	C:\Windows\SYSTEM32\dhcpcsvc6.DLL
0x74740000 - 0x74754000 	C:\Windows\SYSTEM32\dhcpcsvc.DLL
0x1abc0000 - 0x1ac3c000 	E:\IdeaProjects\server\JCustomOpc.dll
0x75c40000 - 0x75cd2000 	C:\Windows\SYSTEM32\oleaut32.dll
0x757a0000 - 0x7588a000 	C:\Windows\SYSTEM32\ole32.dll
0x72ef0000 - 0x72f65000 	C:\Windows\system32\uxtheme.dll
0x75450000 - 0x754d2000 	C:\Windows\SYSTEM32\clbcatq.dll
0x15cd0000 - 0x15cea000 	C:\Windows\SYSTEM32\opcproxy.dll
0x73160000 - 0x7329f000 	C:\Windows\SYSTEM32\dbghelp.dll

VM Arguments:
jvm_args: -XX:TieredStopAtLevel=1 -Xverify:none -Dspring.output.ansi.enabled=always -Dcom.sun.management.jmxremote -Dcom.sun.management.jmxremote.port=11980 -Dcom.sun.management.jmxremote.authenticate=false -Dcom.sun.management.jmxremote.ssl=false -Dspring.liveBeansView.mbeanDomain -Dspring.application.admin.enabled=true -javaagent:D:\Program Files\JetBrains\IntelliJ IDEA 2017.2\lib\idea_rt.jar=11981:D:\Program Files\JetBrains\IntelliJ IDEA 2017.2\bin -Dfile.encoding=UTF-8 
java_command: com.xcs.server.ServerApplication
java_class_path (initial): D:\Program Files (x86)\Java\jdk1.8.0_151\jre\lib\charsets.jar;D:\Program Files (x86)\Java\jdk1.8.0_151\jre\lib\deploy.jar;D:\Program Files (x86)\Java\jdk1.8.0_151\jre\lib\ext\access-bridge-32.jar;D:\Program Files (x86)\Java\jdk1.8.0_151\jre\lib\ext\cldrdata.jar;D:\Program Files (x86)\Java\jdk1.8.0_151\jre\lib\ext\dnsns.jar;D:\Program Files (x86)\Java\jdk1.8.0_151\jre\lib\ext\jaccess.jar;D:\Program Files (x86)\Java\jdk1.8.0_151\jre\lib\ext\jfxrt.jar;D:\Program Files (x86)\Java\jdk1.8.0_151\jre\lib\ext\localedata.jar;D:\Program Files (x86)\Java\jdk1.8.0_151\jre\lib\ext\nashorn.jar;D:\Program Files (x86)\Java\jdk1.8.0_151\jre\lib\ext\sunec.jar;D:\Program Files (x86)\Java\jdk1.8.0_151\jre\lib\ext\sunjce_provider.jar;D:\Program Files (x86)\Java\jdk1.8.0_151\jre\lib\ext\sunmscapi.jar;D:\Program Files (x86)\Java\jdk1.8.0_151\jre\lib\ext\sunpkcs11.jar;D:\Program Files (x86)\Java\jdk1.8.0_151\jre\lib\ext\zipfs.jar;D:\Program Files (x86)\Java\jdk1.8.0_151\jre\lib\javaws.jar;D:\Program Files (x86)\Java\jdk1.8.0_151\jre\lib\jce.jar;D:\Program Files (x86)\Java\jdk1.8.0_151\jre\lib\jfr.jar;D:\Program Files (x86)\Java\jdk1.8.0_151\jre\lib\jfxswt.jar;D:\Program Files (x86)\Java\jdk1.8.0_151\jre\lib\jsse.jar;D:\Program Files (x86)\Java\jdk1.8.0_151\jre\lib\management-agent.jar;D:\Program Files (x86)\Java\jdk1.8.0_151\jre\lib\plugin.jar;D:\Program Files (x86)\Java\jdk1.8.0_151\jre\lib\resources.jar;D:\Program Files (x86)\Java\jdk1.8.0_151\jre\lib\rt.jar;E:\IdeaProjects\server\target\classes;E:\JAR\jeasyopc-2.3.2\commons-logging-1.1.jar;E:\JAR\jeasyopc-2.3.2\jeasyopc.jar;E:\JAR\jeasyopc-2.3.2\log4j-1.2.13.jar;D:\Program Files\maven\localRepository\org\springframework\boot\spring-boot-starter-data-jpa\1.5.9.RELEASE\spring-boot-starter-data-jpa-1.5.9.RELEASE.jar;D:\Program Files\maven\localRepository\org\springframework\boot\spring-boot-starter\1.5.9.RELEASE\spring-boot-starter-1.5.9.RELEASE.jar;D:\Program Files\maven\localRepository\org\springframework\boot
Launcher Type: SUN_STANDARD

Environment Variables:
JAVA_HOME=D:\Program Files\Java\jdk1.8.0_131
CLASSPATH=.;D:\Program Files\Java\jdk1.8.0_131\lib\dt.jar;D:\Program Files\Java\jdk1.8.0_131\lib\tools.jar;
PATH=D:\Program Files\Java\jdk1.8.0_131\bin;D:\Program Files\Java\jdk1.8.0_131\jre\bin;C:\ProgramData\Oracle\Java\javapath;C:\Windows\system32;C:\Windows;C:\Windows\System32\Wbem;C:\Windows\System32\WindowsPowerShell\v1.0\;D:\Program Files\maven\apache-maven-3.5.0\bin;D:\Program Files\Python\Python36\Scripts\;D:\Program Files\Python\Python36\
USERNAME=XINDQ
OS=Windows_NT
PROCESSOR_IDENTIFIER=AMD64 Family 21 Model 16 Stepping 1, AuthenticAMD



---------------  S Y S T E M  ---------------

OS: Windows 10.0 , 64 bit Build 10240 (10.0.10240.16384)

CPU:total 4 (initial active 4) (4 cores per cpu, 1 threads per core) family 21 model 16 stepping 1, cmov, cx8, fxsr, mmx, sse, sse2, sse3, ssse3, sse4.1, sse4.2, popcnt, avx, aes, clmul, mmxext, 3dnowpref, lzcnt, sse4a, tsc, tscinvbit, tscinv, bmi1

Memory: 4k page, physical 7841140k(4790528k free), swap 9086324k(5160720k free)

vm_info: Java HotSpot(TM) Client VM (25.151-b12) for windows-x86 JRE (1.8.0_151-b12), built on Sep  5 2017 19:31:49 by "java_re" with MS VC++ 10.0 (VS2010)

time: Sun Feb 18 18:55:55 2018
elapsed time: 56 seconds (0d 0h 0m 56s)

