#
# A fatal error has been detected by the Java Runtime Environment:
#
#  EXCEPTION_INT_OVERFLOW (0xc0000095) at pc=0x007295d9, pid=3352, tid=0x00002ba8
#
# JRE version: Java(TM) SE Runtime Environment (8.0_151-b12) (build 1.8.0_151-b12)
# Java VM: Java HotSpot(TM) Client VM (25.151-b12 mixed mode, sharing windows-x86 )
# Problematic frame:
# C  [JCustomOpc.dll+0x95d9]
#
# Failed to write core dump. Minidumps are not enabled by default on client versions of Windows
#
# If you would like to submit a bug report, please visit:
#   http://bugreport.java.com/bugreport/crash.jsp
# The crash happened outside the Java Virtual Machine in native code.
# See problematic frame for where to report the bug.
#

---------------  T H R E A D  ---------------

Current thread (0x172fb000):  JavaThread "Thread-55" daemon [_thread_in_native, id=11176, stack(0x00b80000,0x00bd0000)]

siginfo: ExceptionCode=0xc0000095

Registers:
EAX=0x00000000, EBX=0x00000000, ECX=0x00bcf944, EDX=0x80000000
ESP=0x00bcf928, EBP=0x00bcf92c, ESI=0x00bcf990, EDI=0x16751d78
EIP=0x007295d9, EFLAGS=0x00010286

Top of Stack: (sp=0x00bcf928)
0x00bcf928:   00bcf976 00bcf95c 0072985e 1a6aeab8
0x00bcf938:   75709aab 00bcf990 16752a60 00000004
0x00bcf948:   16751d78 172fb140 00bcf994 00bcf992
0x00bcf958:   00bcf990 00bcf978 007299a0 00bcf976
0x00bcf968:   1a6aeab8 75709aab 00000036 00bcf994
0x00bcf978:   164e3b04 00776665 1a6aeab8 75709aab
0x00bcf988:   172fb140 164e3b0c 6c03195c 172fb140
0x00bcf998:   164e3b04 00000022 50841f4e 00000005 

Instructions: (pc=0x007295d9)
0x007295b9:   db 89 c1 dd 45 08 d8 8b 88 81 78 00 83 ec 08 df
0x007295c9:   3c 24 9b 58 5a 09 d2 79 11 f7 da f7 d8 83 da 00
0x007295d9:   f7 b3 8c 81 78 00 f7 d8 eb 06 f7 b3 8c 81 78 00
0x007295e9:   05 5a 95 0a 00 89 11 89 41 04 5b 5d c2 08 00 55 


Register to memory mapping:

EAX=0x00000000 is an unknown value
EBX=0x00000000 is an unknown value
ECX=0x00bcf944 is pointing into the stack for thread: 0x172fb000
EDX=0x80000000 is an unknown value
ESP=0x00bcf928 is pointing into the stack for thread: 0x172fb000
EBP=0x00bcf92c is pointing into the stack for thread: 0x172fb000
ESI=0x00bcf990 is pointing into the stack for thread: 0x172fb000
EDI=0x16751d78 is an unknown value


Stack: [0x00b80000,0x00bd0000],  sp=0x00bcf928,  free space=318k
Native frames: (J=compiled Java code, j=interpreted, Vv=VM code, C=native code)
C  [JCustomOpc.dll+0x95d9]
C  [JCustomOpc.dll+0x985e]
C  [JCustomOpc.dll+0x99a0]
C  [JCustomOpc.dll+0x56665]

Java frames: (J=compiled Java code, j=interpreted, Vv=VM code)
j  javafish.clients.opc.JOpc.getDownloadGroupNative()Ljavafish/clients/opc/component/OpcGroup;+0
j  javafish.clients.opc.JOpc.getDownloadGroup()Ljavafish/clients/opc/component/OpcGroup;+1
j  javafish.clients.opc.JEasyOpc.run()V+155
j  java.lang.Thread.run()V+11
v  ~StubRoutines::call_stub

---------------  P R O C E S S  ---------------

Java Threads: ( => current thread )
=>0x172fb000 JavaThread "Thread-55" daemon [_thread_in_native, id=11176, stack(0x00b80000,0x00bd0000)]
  0x17c5ec00 JavaThread "DestroyJavaVM" [_thread_blocked, id=4156, stack(0x02080000,0x020d0000)]
  0x17c5d400 JavaThread "http-nio-8080-AsyncTimeout" daemon [_thread_blocked, id=7216, stack(0x1a1d0000,0x1a220000)]
  0x17c5e000 JavaThread "http-nio-8080-Acceptor-0" daemon [_thread_in_native, id=10976, stack(0x1a140000,0x1a190000)]
  0x17c5f400 JavaThread "http-nio-8080-ClientPoller-1" daemon [_thread_in_native, id=4672, stack(0x1a0b0000,0x1a100000)]
  0x17c5c800 JavaThread "http-nio-8080-ClientPoller-0" daemon [_thread_in_native, id=8528, stack(0x1a020000,0x1a070000)]
  0x17c62c00 JavaThread "http-nio-8080-exec-10" daemon [_thread_blocked, id=1060, stack(0x19f90000,0x19fe0000)]
  0x17c5e800 JavaThread "http-nio-8080-exec-9" daemon [_thread_blocked, id=4696, stack(0x19e00000,0x19e50000)]
  0x17c62400 JavaThread "http-nio-8080-exec-8" daemon [_thread_blocked, id=3416, stack(0x19d70000,0x19dc0000)]
  0x17c61800 JavaThread "http-nio-8080-exec-7" daemon [_thread_blocked, id=8408, stack(0x19ce0000,0x19d30000)]
  0x17c5c000 JavaThread "http-nio-8080-exec-6" daemon [_thread_blocked, id=7932, stack(0x19c50000,0x19ca0000)]
  0x17c63800 JavaThread "http-nio-8080-exec-5" daemon [_thread_blocked, id=7684, stack(0x19bc0000,0x19c10000)]
  0x17c60c00 JavaThread "http-nio-8080-exec-4" daemon [_thread_blocked, id=11912, stack(0x19b30000,0x19b80000)]
  0x17c60800 JavaThread "http-nio-8080-exec-3" daemon [_thread_blocked, id=6820, stack(0x19aa0000,0x19af0000)]
  0x17c61400 JavaThread "http-nio-8080-exec-2" daemon [_thread_blocked, id=3648, stack(0x19a10000,0x19a60000)]
  0x17c63400 JavaThread "http-nio-8080-exec-1" daemon [_thread_blocked, id=8236, stack(0x19980000,0x199d0000)]
  0x17c60000 JavaThread "NioBlockingSelector.BlockPoller-1" daemon [_thread_in_native, id=8948, stack(0x198f0000,0x19940000)]
  0x17c5cc00 JavaThread "Live Reload Server" daemon [_thread_in_native, id=3284, stack(0x18b20000,0x18b70000)]
  0x17c5dc00 JavaThread "File Watcher" daemon [_thread_blocked, id=5304, stack(0x17300000,0x17350000)]
  0x17c62000 JavaThread "Abandoned connection cleanup thread" daemon [_thread_blocked, id=9320, stack(0x18f60000,0x18fb0000)]
  0x172fc800 JavaThread "Tomcat JDBC Pool Cleaner[11840194:1517709002638]" daemon [_thread_blocked, id=3512, stack(0x18dd0000,0x18e20000)]
  0x172fc000 JavaThread "container-0" [_thread_blocked, id=6128, stack(0x18d40000,0x18d90000)]
  0x172fb400 JavaThread "ContainerBackgroundProcessor[StandardEngine[Tomcat]]" daemon [_thread_blocked, id=4488, stack(0x18cb0000,0x18d00000)]
  0x16514400 JavaThread "RMI Scheduler(0)" daemon [_thread_blocked, id=10788, stack(0x15ca0000,0x15cf0000)]
  0x164d8800 JavaThread "RMI TCP Accept-0" daemon [_thread_in_native, id=2704, stack(0x15af0000,0x15b40000)]
  0x164d6000 JavaThread "RMI TCP Accept-8464" daemon [_thread_in_native, id=10600, stack(0x15a60000,0x15ab0000)]
  0x164d4400 JavaThread "RMI TCP Accept-0" daemon [_thread_in_native, id=10808, stack(0x159d0000,0x15a20000)]
  0x1634d400 JavaThread "Service Thread" daemon [_thread_blocked, id=5388, stack(0x15940000,0x15990000)]
  0x162fc400 JavaThread "C1 CompilerThread0" daemon [_thread_blocked, id=10492, stack(0x15080000,0x150d0000)]
  0x162fb800 JavaThread "Monitor Ctrl-Break" daemon [_thread_in_native, id=1000, stack(0x14ff0000,0x15040000)]
  0x02775000 JavaThread "Attach Listener" daemon [_thread_blocked, id=4184, stack(0x14f60000,0x14fb0000)]
  0x02771000 JavaThread "Signal Dispatcher" daemon [_thread_blocked, id=11648, stack(0x14ed0000,0x14f20000)]
  0x02758400 JavaThread "Finalizer" daemon [_thread_blocked, id=13268, stack(0x14de0000,0x14e30000)]
  0x026fb400 JavaThread "Reference Handler" daemon [_thread_blocked, id=11088, stack(0x14d50000,0x14da0000)]

Other Threads:
  0x026f8000 VMThread [stack: 0x14cc0000,0x14d10000] [id=12760]
  0x164d9c00 WatcherThread [stack: 0x15b80000,0x15bd0000] [id=12532]

VM state:not at safepoint (normal execution)

VM Mutex/Monitor currently owned by a thread: None

Heap:
 def new generation   total 18048K, used 14942K [0x04800000, 0x05b90000, 0x09d50000)
  eden space 16064K,  89% used [0x04800000, 0x055fd360, 0x057b0000)
  from space 1984K,  31% used [0x057b0000, 0x0584a4d0, 0x059a0000)
  to   space 1984K,   0% used [0x059a0000, 0x059a0000, 0x05b90000)
 tenured generation   total 39916K, used 26417K [0x09d50000, 0x0c44b000, 0x14800000)
   the space 39916K,  66% used [0x09d50000, 0x0b71c520, 0x0b71c600, 0x0c44b000)
 Metaspace       used 26481K, capacity 26836K, committed 27136K, reserved 28032K

Card table byte_map: [0x02610000,0x026a0000] byte_map_base: 0x025ec000

Polling page: 0x009d0000

CodeCache: size=32768Kb used=3657Kb max_used=4011Kb free=29110Kb
 bounds [0x027d0000, 0x02bc0000, 0x047d0000]
 total_blobs=2017 nmethods=1792 adapters=155
 compilation: enabled

Compilation events (10 events):
Event: 199.608 Thread 0x162fc400 2618             com.mysql.jdbc.Buffer::readFieldLength (76 bytes)
Event: 199.608 Thread 0x162fc400 nmethod 2618 0x02a04e48 code [0x02a04f70, 0x02a050c4]
Event: 199.609 Thread 0x162fc400 2619             java.nio.Buffer::limit (62 bytes)
Event: 199.609 Thread 0x162fc400 nmethod 2619 0x029fad48 code [0x029fae50, 0x029faf6c]
Event: 199.612 Thread 0x162fc400 2620             com.mysql.jdbc.Buffer::fastSkipLenString (20 bytes)
Event: 199.613 Thread 0x162fc400 nmethod 2620 0x02a04c48 code [0x02a04d40, 0x02a04dec]
Event: 199.614 Thread 0x162fc400 2621             java.nio.Buffer::<init> (121 bytes)
Event: 199.615 Thread 0x162fc400 nmethod 2621 0x02a09a48 code [0x02a09c00, 0x02a0a11c]
Event: 199.617 Thread 0x162fc400 2622             sun.nio.cs.ThreadLocalCoders::decoderFor (18 bytes)
Event: 199.618 Thread 0x162fc400 nmethod 2622 0x02a04948 code [0x02a04a60, 0x02a04b48]

GC Heap History (10 events):
Event: 21.464 GC heap before
{Heap before GC invocations=120 (full 3):
 def new generation   total 18048K, used 16812K [0x04800000, 0x05b90000, 0x09d50000)
  eden space 16064K, 100% used [0x04800000, 0x057b0000, 0x057b0000)
  from space 1984K,  37% used [0x059a0000, 0x05a5b1c8, 0x05b90000)
  to   space 1984K,   0% used [0x057b0000, 0x057b0000, 0x059a0000)
 tenured generation   total 39916K, used 23947K [0x09d50000, 0x0c44b000, 0x14800000)
   the space 39916K,  59% used [0x09d50000, 0x0b4b2e58, 0x0b4b3000, 0x0c44b000)
 Metaspace       used 23687K, capacity 23997K, committed 24236K, reserved 24960K
Event: 21.472 GC heap after
Heap after GC invocations=121 (full 3):
 def new generation   total 18048K, used 1159K [0x04800000, 0x05b90000, 0x09d50000)
  eden space 16064K,   0% used [0x04800000, 0x04800000, 0x057b0000)
  from space 1984K,  58% used [0x057b0000, 0x058d1c78, 0x059a0000)
  to   space 1984K,   0% used [0x059a0000, 0x059a0000, 0x05b90000)
 tenured generation   total 39916K, used 23947K [0x09d50000, 0x0c44b000, 0x14800000)
   the space 39916K,  59% used [0x09d50000, 0x0b4b2e58, 0x0b4b3000, 0x0c44b000)
 Metaspace       used 23687K, capacity 23997K, committed 24236K, reserved 24960K
}
Event: 21.988 GC heap before
{Heap before GC invocations=121 (full 3):
 def new generation   total 18048K, used 17223K [0x04800000, 0x05b90000, 0x09d50000)
  eden space 16064K, 100% used [0x04800000, 0x057b0000, 0x057b0000)
  from space 1984K,  58% used [0x057b0000, 0x058d1c78, 0x059a0000)
  to   space 1984K,   0% used [0x059a0000, 0x059a0000, 0x05b90000)
 tenured generation   total 39916K, used 23947K [0x09d50000, 0x0c44b000, 0x14800000)
   the space 39916K,  59% used [0x09d50000, 0x0b4b2e58, 0x0b4b3000, 0x0c44b000)
 Metaspace       used 24084K, capacity 24418K, committed 24748K, reserved 24960K
Event: 21.998 GC heap after
Heap after GC invocations=122 (full 3):
 def new generation   total 18048K, used 1182K [0x04800000, 0x05b90000, 0x09d50000)
  eden space 16064K,   0% used [0x04800000, 0x04800000, 0x057b0000)
  from space 1984K,  59% used [0x059a0000, 0x05ac7bb8, 0x05b90000)
  to   space 1984K,   0% used [0x057b0000, 0x057b0000, 0x059a0000)
 tenured generation   total 39916K, used 24631K [0x09d50000, 0x0c44b000, 0x14800000)
   the space 39916K,  61% used [0x09d50000, 0x0b55dc10, 0x0b55de00, 0x0c44b000)
 Metaspace       used 24084K, capacity 24418K, committed 24748K, reserved 24960K
}
Event: 53.483 GC heap before
{Heap before GC invocations=122 (full 3):
 def new generation   total 18048K, used 17246K [0x04800000, 0x05b90000, 0x09d50000)
  eden space 16064K, 100% used [0x04800000, 0x057b0000, 0x057b0000)
  from space 1984K,  59% used [0x059a0000, 0x05ac7bb8, 0x05b90000)
  to   space 1984K,   0% used [0x057b0000, 0x057b0000, 0x059a0000)
 tenured generation   total 39916K, used 24631K [0x09d50000, 0x0c44b000, 0x14800000)
   the space 39916K,  61% used [0x09d50000, 0x0b55dc10, 0x0b55de00, 0x0c44b000)
 Metaspace       used 24500K, capacity 24819K, committed 25088K, reserved 25984K
Event: 53.497 GC heap after
Heap after GC invocations=123 (full 3):
 def new generation   total 18048K, used 1556K [0x04800000, 0x05b90000, 0x09d50000)
  eden space 16064K,   0% used [0x04800000, 0x04800000, 0x057b0000)
  from space 1984K,  78% used [0x057b0000, 0x059350c8, 0x059a0000)
  to   space 1984K,   0% used [0x059a0000, 0x059a0000, 0x05b90000)
 tenured generation   total 39916K, used 24983K [0x09d50000, 0x0c44b000, 0x14800000)
   the space 39916K,  62% used [0x09d50000, 0x0b5b5e58, 0x0b5b6000, 0x0c44b000)
 Metaspace       used 24500K, capacity 24819K, committed 25088K, reserved 25984K
}
Event: 74.355 GC heap before
{Heap before GC invocations=123 (full 3):
 def new generation   total 18048K, used 17620K [0x04800000, 0x05b90000, 0x09d50000)
  eden space 16064K, 100% used [0x04800000, 0x057b0000, 0x057b0000)
  from space 1984K,  78% used [0x057b0000, 0x059350c8, 0x059a0000)
  to   space 1984K,   0% used [0x059a0000, 0x059a0000, 0x05b90000)
 tenured generation   total 39916K, used 24983K [0x09d50000, 0x0c44b000, 0x14800000)
   the space 39916K,  62% used [0x09d50000, 0x0b5b5e58, 0x0b5b6000, 0x0c44b000)
 Metaspace       used 25107K, capacity 25420K, committed 25600K, reserved 25984K
Event: 74.368 GC heap after
Heap after GC invocations=124 (full 3):
 def new generation   total 18048K, used 1180K [0x04800000, 0x05b90000, 0x09d50000)
  eden space 16064K,   0% used [0x04800000, 0x04800000, 0x057b0000)
  from space 1984K,  59% used [0x059a0000, 0x05ac71f8, 0x05b90000)
  to   space 1984K,   0% used [0x057b0000, 0x057b0000, 0x059a0000)
 tenured generation   total 39916K, used 26067K [0x09d50000, 0x0c44b000, 0x14800000)
   the space 39916K,  65% used [0x09d50000, 0x0b6c4f10, 0x0b6c5000, 0x0c44b000)
 Metaspace       used 25107K, capacity 25420K, committed 25600K, reserved 25984K
}
Event: 177.806 GC heap before
{Heap before GC invocations=124 (full 3):
 def new generation   total 18048K, used 17244K [0x04800000, 0x05b90000, 0x09d50000)
  eden space 16064K, 100% used [0x04800000, 0x057b0000, 0x057b0000)
  from space 1984K,  59% used [0x059a0000, 0x05ac71f8, 0x05b90000)
  to   space 1984K,   0% used [0x057b0000, 0x057b0000, 0x059a0000)
 tenured generation   total 39916K, used 26067K [0x09d50000, 0x0c44b000, 0x14800000)
   the space 39916K,  65% used [0x09d50000, 0x0b6c4f10, 0x0b6c5000, 0x0c44b000)
 Metaspace       used 25540K, capacity 25869K, committed 26112K, reserved 27008K
Event: 177.812 GC heap after
Heap after GC invocations=125 (full 3):
 def new generation   total 18048K, used 617K [0x04800000, 0x05b90000, 0x09d50000)
  eden space 16064K,   0% used [0x04800000, 0x04800000, 0x057b0000)
  from space 1984K,  31% used [0x057b0000, 0x0584a4d0, 0x059a0000)
  to   space 1984K,   0% used [0x059a0000, 0x059a0000, 0x05b90000)
 tenured generation   total 39916K, used 26417K [0x09d50000, 0x0c44b000, 0x14800000)
   the space 39916K,  66% used [0x09d50000, 0x0b71c520, 0x0b71c600, 0x0c44b000)
 Metaspace       used 25540K, capacity 25869K, committed 26112K, reserved 27008K
}

Deoptimization events (0 events):
No events

Internal exceptions (10 events):
Event: 74.504 Thread 0x17c63800 Exception <a 'java/lang/ClassNotFoundException': com/xcs/server/domain/opc/XGroupCustomizer> (0x04c3f448) thrown at [C:\workspace\8-2-build-windows-i586-cygwin\jdk8u151\9699\hotspot\src\share\vm\classfile\systemDictionary.cpp, line 210]
Event: 74.504 Thread 0x17c63800 Exception <a 'java/lang/ArrayIndexOutOfBoundsException'> (0x04c42720) thrown at [C:\workspace\8-2-build-windows-i586-cygwin\jdk8u151\9699\hotspot\src\share\vm\runtime\sharedRuntime.cpp, line 605]
Event: 74.504 Thread 0x17c63800 Exception <a 'java/lang/ArrayIndexOutOfBoundsException'> (0x04c45218) thrown at [C:\workspace\8-2-build-windows-i586-cygwin\jdk8u151\9699\hotspot\src\share\vm\runtime\sharedRuntime.cpp, line 605]
Event: 74.507 Thread 0x17c63800 Exception <a 'java/lang/ArrayIndexOutOfBoundsException'> (0x04c6aa78) thrown at [C:\workspace\8-2-build-windows-i586-cygwin\jdk8u151\9699\hotspot\src\share\vm\runtime\sharedRuntime.cpp, line 605]
Event: 74.507 Thread 0x17c63800 Exception <a 'java/lang/ArrayIndexOutOfBoundsException'> (0x04c6dab0) thrown at [C:\workspace\8-2-build-windows-i586-cygwin\jdk8u151\9699\hotspot\src\share\vm\runtime\sharedRuntime.cpp, line 605]
Event: 74.599 Thread 0x17c63800 Exception <a 'java/lang/ArrayIndexOutOfBoundsException'> (0x04ccebf8) thrown at [C:\workspace\8-2-build-windows-i586-cygwin\jdk8u151\9699\hotspot\src\share\vm\runtime\sharedRuntime.cpp, line 605]
Event: 74.646 Thread 0x17c63800 Exception <a 'java/lang/ClassNotFoundException': com/xcs/server/domain/opc/XItemBeanInfo> (0x04ce8958) thrown at [C:\workspace\8-2-build-windows-i586-cygwin\jdk8u151\9699\hotspot\src\share\vm\classfile\systemDictionary.cpp, line 210]
Event: 74.648 Thread 0x17c63800 Exception <a 'java/lang/ClassNotFoundException': com/xcs/server/domain/opc/XItemCustomizer> (0x04cfdcd8) thrown at [C:\workspace\8-2-build-windows-i586-cygwin\jdk8u151\9699\hotspot\src\share\vm\classfile\systemDictionary.cpp, line 210]
Event: 74.772 Thread 0x17c63800 Exception <a 'java/lang/ArrayIndexOutOfBoundsException'> (0x04d9f7c8) thrown at [C:\workspace\8-2-build-windows-i586-cygwin\jdk8u151\9699\hotspot\src\share\vm\runtime\sharedRuntime.cpp, line 605]
Event: 199.621 Thread 0x17c63400 Exception <a 'java/lang/ArrayIndexOutOfBoundsException'> (0x0557b9b8) thrown at [C:\workspace\8-2-build-windows-i586-cygwin\jdk8u151\9699\hotspot\src\share\vm\runtime\sharedRuntime.cpp, line 605]

Events (10 events):
Event: 199.630 Executing VM operation: RevokeBias
Event: 199.630 Executing VM operation: RevokeBias done
Event: 199.630 Executing VM operation: RevokeBias
Event: 199.630 Executing VM operation: RevokeBias done
Event: 199.823 loading class javafish/clients/opc/lang/Translate
Event: 199.823 loading class javafish/clients/opc/lang/Translate done
Event: 199.824 loading class javafish/clients/opc/lang/resource
Event: 199.824 loading class javafish/clients/opc/lang/resource done
Event: 199.825 loading class javafish/clients/opc/lang/resource_en
Event: 199.825 loading class javafish/clients/opc/lang/resource_en done


Dynamic libraries:
0x00c00000 - 0x00c33000 	D:\Program Files (x86)\Java\jdk1.8.0_151\bin\java.exe
0x77ca0000 - 0x77e19000 	C:\Windows\SYSTEM32\ntdll.dll
0x754e0000 - 0x755d0000 	C:\Windows\SYSTEM32\KERNEL32.DLL
0x75ce0000 - 0x75e56000 	C:\Windows\SYSTEM32\KERNELBASE.dll
0x74ca0000 - 0x74d31000 	C:\Windows\system32\apphelp.dll
0x75600000 - 0x7567b000 	C:\Windows\SYSTEM32\ADVAPI32.dll
0x75010000 - 0x750ce000 	C:\Windows\SYSTEM32\msvcrt.dll
0x74fc0000 - 0x75003000 	C:\Windows\SYSTEM32\sechost.dll
0x756f0000 - 0x7579c000 	C:\Windows\SYSTEM32\RPCRT4.dll
0x74db0000 - 0x74dce000 	C:\Windows\SYSTEM32\SspiCli.dll
0x74da0000 - 0x74daa000 	C:\Windows\SYSTEM32\CRYPTBASE.dll
0x74d40000 - 0x74d99000 	C:\Windows\SYSTEM32\bcryptPrimitives.dll
0x75b00000 - 0x75c40000 	C:\Windows\SYSTEM32\USER32.dll
0x77b50000 - 0x77c9d000 	C:\Windows\SYSTEM32\GDI32.dll
0x72b80000 - 0x72d89000 	C:\Windows\WinSxS\x86_microsoft.windows.common-controls_6595b64144ccf1df_6.0.10240.16384_none_3bccb1ff6bcd1849\COMCTL32.dll
0x755d0000 - 0x755fb000 	C:\Windows\SYSTEM32\IMM32.DLL
0x74ea0000 - 0x74fc0000 	C:\Windows\SYSTEM32\MSCTF.dll
0x6d3f0000 - 0x6d4af000 	D:\Program Files (x86)\Java\jdk1.8.0_151\jre\bin\msvcr100.dll
0x6be70000 - 0x6c23e000 	D:\Program Files (x86)\Java\jdk1.8.0_151\jre\bin\client\jvm.dll
0x76340000 - 0x76346000 	C:\Windows\SYSTEM32\PSAPI.DLL
0x6fe40000 - 0x6fe48000 	C:\Windows\SYSTEM32\WSOCK32.dll
0x74c60000 - 0x74c68000 	C:\Windows\SYSTEM32\VERSION.dll
0x74810000 - 0x74834000 	C:\Windows\SYSTEM32\WINMM.dll
0x747e0000 - 0x74803000 	C:\Windows\SYSTEM32\WINMMBASE.dll
0x75350000 - 0x753ac000 	C:\Windows\SYSTEM32\WS2_32.dll
0x76780000 - 0x76787000 	C:\Windows\SYSTEM32\NSI.dll
0x75310000 - 0x75346000 	C:\Windows\SYSTEM32\cfgmgr32.dll
0x747b0000 - 0x747d1000 	C:\Windows\SYSTEM32\DEVOBJ.dll
0x6f920000 - 0x6f92c000 	D:\Program Files (x86)\Java\jdk1.8.0_151\jre\bin\verify.dll
0x6e5b0000 - 0x6e5d1000 	D:\Program Files (x86)\Java\jdk1.8.0_151\jre\bin\java.dll
0x6e590000 - 0x6e5b0000 	D:\Program Files (x86)\Java\jdk1.8.0_151\jre\bin\instrument.dll
0x6f900000 - 0x6f914000 	D:\Program Files (x86)\Java\jdk1.8.0_151\jre\bin\zip.dll
0x76790000 - 0x77b4f000 	C:\Windows\SYSTEM32\SHELL32.dll
0x75e60000 - 0x7633d000 	C:\Windows\SYSTEM32\windows.storage.dll
0x763f0000 - 0x765aa000 	C:\Windows\SYSTEM32\combase.dll
0x752a0000 - 0x752e4000 	C:\Windows\SYSTEM32\shlwapi.dll
0x75440000 - 0x7544c000 	C:\Windows\SYSTEM32\kernel.appcore.dll
0x753b0000 - 0x7543d000 	C:\Windows\SYSTEM32\shcore.dll
0x750d0000 - 0x75114000 	C:\Windows\SYSTEM32\powrprof.dll
0x758f0000 - 0x758ff000 	C:\Windows\SYSTEM32\profapi.dll
0x6d3d0000 - 0x6d3e6000 	D:\Program Files\JetBrains\IntelliJ IDEA 2017.2\bin\breakgen.dll
0x6d1d0000 - 0x6d1e6000 	D:\Program Files (x86)\Java\jdk1.8.0_151\jre\bin\net.dll
0x73d40000 - 0x73d8e000 	C:\Windows\system32\mswsock.dll
0x6e580000 - 0x6e58a000 	D:\Program Files (x86)\Java\jdk1.8.0_151\jre\bin\management.dll
0x6d2d0000 - 0x6d2df000 	D:\Program Files (x86)\Java\jdk1.8.0_151\jre\bin\nio.dll
0x73110000 - 0x73122000 	C:\Windows\system32\napinsp.dll
0x730f0000 - 0x73106000 	C:\Windows\system32\pnrpnsp.dll
0x730d0000 - 0x730e3000 	C:\Windows\system32\NLAapi.dll
0x74560000 - 0x745e4000 	C:\Windows\SYSTEM32\DNSAPI.dll
0x74190000 - 0x7419b000 	C:\Windows\System32\winrnr.dll
0x730b0000 - 0x730c1000 	C:\Windows\system32\wshbth.dll
0x730a0000 - 0x730a8000 	C:\Windows\System32\rasadhlp.dll
0x74b20000 - 0x74b50000 	C:\Windows\SYSTEM32\IPHLPAPI.DLL
0x74ae0000 - 0x74ae8000 	C:\Windows\SYSTEM32\WINNSI.DLL
0x73050000 - 0x73096000 	C:\Windows\System32\fwpuclnt.dll
0x74ab0000 - 0x74acb000 	C:\Windows\SYSTEM32\bcrypt.dll
0x72e20000 - 0x72e33000 	C:\Windows\SYSTEM32\CRYPTSP.dll
0x72df0000 - 0x72e1f000 	C:\Windows\system32\rsaenh.dll
0x74c70000 - 0x74c89000 	C:\Windows\SYSTEM32\USERENV.dll
0x73d90000 - 0x73da3000 	C:\Windows\SYSTEM32\dhcpcsvc6.DLL
0x74740000 - 0x74754000 	C:\Windows\SYSTEM32\dhcpcsvc.DLL
0x00720000 - 0x0079c000 	E:\IdeaProjects\server\JCustomOpc.dll
0x75c40000 - 0x75cd2000 	C:\Windows\SYSTEM32\oleaut32.dll
0x757a0000 - 0x7588a000 	C:\Windows\SYSTEM32\ole32.dll
0x725a0000 - 0x72615000 	C:\Windows\system32\uxtheme.dll
0x75450000 - 0x754d2000 	C:\Windows\SYSTEM32\clbcatq.dll
0x150d0000 - 0x150ea000 	C:\Windows\SYSTEM32\opcproxy.dll
0x73160000 - 0x7329f000 	C:\Windows\SYSTEM32\dbghelp.dll

VM Arguments:
jvm_args: -XX:TieredStopAtLevel=1 -Xverify:none -Dspring.output.ansi.enabled=always -Dcom.sun.management.jmxremote -Dcom.sun.management.jmxremote.port=8464 -Dcom.sun.management.jmxremote.authenticate=false -Dcom.sun.management.jmxremote.ssl=false -Dspring.liveBeansView.mbeanDomain -Dspring.application.admin.enabled=true -javaagent:D:\Program Files\JetBrains\IntelliJ IDEA 2017.2\lib\idea_rt.jar=8465:D:\Program Files\JetBrains\IntelliJ IDEA 2017.2\bin -Dfile.encoding=UTF-8 
java_command: com.xcs.server.ServerApplication
java_class_path (initial): D:\Program Files (x86)\Java\jdk1.8.0_151\jre\lib\charsets.jar;D:\Program Files (x86)\Java\jdk1.8.0_151\jre\lib\deploy.jar;D:\Program Files (x86)\Java\jdk1.8.0_151\jre\lib\ext\access-bridge-32.jar;D:\Program Files (x86)\Java\jdk1.8.0_151\jre\lib\ext\cldrdata.jar;D:\Program Files (x86)\Java\jdk1.8.0_151\jre\lib\ext\dnsns.jar;D:\Program Files (x86)\Java\jdk1.8.0_151\jre\lib\ext\jaccess.jar;D:\Program Files (x86)\Java\jdk1.8.0_151\jre\lib\ext\jfxrt.jar;D:\Program Files (x86)\Java\jdk1.8.0_151\jre\lib\ext\localedata.jar;D:\Program Files (x86)\Java\jdk1.8.0_151\jre\lib\ext\nashorn.jar;D:\Program Files (x86)\Java\jdk1.8.0_151\jre\lib\ext\sunec.jar;D:\Program Files (x86)\Java\jdk1.8.0_151\jre\lib\ext\sunjce_provider.jar;D:\Program Files (x86)\Java\jdk1.8.0_151\jre\lib\ext\sunmscapi.jar;D:\Program Files (x86)\Java\jdk1.8.0_151\jre\lib\ext\sunpkcs11.jar;D:\Program Files (x86)\Java\jdk1.8.0_151\jre\lib\ext\zipfs.jar;D:\Program Files (x86)\Java\jdk1.8.0_151\jre\lib\javaws.jar;D:\Program Files (x86)\Java\jdk1.8.0_151\jre\lib\jce.jar;D:\Program Files (x86)\Java\jdk1.8.0_151\jre\lib\jfr.jar;D:\Program Files (x86)\Java\jdk1.8.0_151\jre\lib\jfxswt.jar;D:\Program Files (x86)\Java\jdk1.8.0_151\jre\lib\jsse.jar;D:\Program Files (x86)\Java\jdk1.8.0_151\jre\lib\management-agent.jar;D:\Program Files (x86)\Java\jdk1.8.0_151\jre\lib\plugin.jar;D:\Program Files (x86)\Java\jdk1.8.0_151\jre\lib\resources.jar;D:\Program Files (x86)\Java\jdk1.8.0_151\jre\lib\rt.jar;E:\IdeaProjects\server\target\classes;E:\JAR\jeasyopc-2.3.2\commons-logging-1.1.jar;E:\JAR\jeasyopc-2.3.2\jeasyopc.jar;E:\JAR\jeasyopc-2.3.2\log4j-1.2.13.jar;D:\Program Files\maven\localRepository\org\springframework\boot\spring-boot-starter-data-jpa\1.5.9.RELEASE\spring-boot-starter-data-jpa-1.5.9.RELEASE.jar;D:\Program Files\maven\localRepository\org\springframework\boot\spring-boot-starter\1.5.9.RELEASE\spring-boot-starter-1.5.9.RELEASE.jar;D:\Program Files\maven\localRepository\org\springframework\boot
Launcher Type: SUN_STANDARD

Environment Variables:
JAVA_HOME=D:\Program Files\Java\jdk1.8.0_131
CLASSPATH=.;D:\Program Files\Java\jdk1.8.0_131\lib\dt.jar;D:\Program Files\Java\jdk1.8.0_131\lib\tools.jar;
PATH=D:\Program Files\Java\jdk1.8.0_131\bin;D:\Program Files\Java\jdk1.8.0_131\jre\bin;C:\ProgramData\Oracle\Java\javapath;C:\Windows\system32;C:\Windows;C:\Windows\System32\Wbem;C:\Windows\System32\WindowsPowerShell\v1.0\;D:\Program Files\maven\apache-maven-3.5.0\bin;D:\Program Files\Python\Python36\Scripts\;D:\Program Files\Python\Python36\
USERNAME=XINDQ
OS=Windows_NT
PROCESSOR_IDENTIFIER=AMD64 Family 21 Model 16 Stepping 1, AuthenticAMD



---------------  S Y S T E M  ---------------

OS: Windows 10.0 , 64 bit Build 10240 (10.0.10240.16384)

CPU:total 4 (initial active 4) (4 cores per cpu, 1 threads per core) family 21 model 16 stepping 1, cmov, cx8, fxsr, mmx, sse, sse2, sse3, ssse3, sse4.1, sse4.2, popcnt, avx, aes, clmul, mmxext, 3dnowpref, lzcnt, sse4a, tsc, tscinvbit, tscinv, bmi1

Memory: 4k page, physical 7841140k(4561196k free), swap 9086324k(4936460k free)

vm_info: Java HotSpot(TM) Client VM (25.151-b12) for windows-x86 JRE (1.8.0_151-b12), built on Sep  5 2017 19:31:49 by "java_re" with MS VC++ 10.0 (VS2010)

time: Sun Feb 04 09:53:13 2018
elapsed time: 199 seconds (0d 0h 3m 19s)

