#
# A fatal error has been detected by the Java Runtime Environment:
#
#  EXCEPTION_INT_OVERFLOW (0xc0000095) at pc=0x004095d9, pid=216, tid=0x000033ec
#
# JRE version: Java(TM) SE Runtime Environment (8.0_151-b12) (build 1.8.0_151-b12)
# Java VM: Java HotSpot(TM) Client VM (25.151-b12 mixed mode, sharing windows-x86 )
# Problematic frame:
# C  [JCustomOpc.dll+0x95d9]
#
# Failed to write core dump. Minidumps are not enabled by default on client versions of Windows
#
# If you would like to submit a bug report, please visit:
#   http://bugreport.java.com/bugreport/crash.jsp
# The crash happened outside the Java Virtual Machine in native code.
# See problematic frame for where to report the bug.
#

---------------  T H R E A D  ---------------

Current thread (0x18329000):  JavaThread "Thread-41" daemon [_thread_in_native, id=13292, stack(0x16a90000,0x16ae0000)]

siginfo: ExceptionCode=0xc0000095

Registers:
EAX=0x00000000, EBX=0x00000000, ECX=0x16adf3c4, EDX=0x80000000
ESP=0x16adf3a8, EBP=0x16adf3ac, ESI=0x16adf410, EDI=0x1ac91d78
EIP=0x004095d9, EFLAGS=0x00010286

Top of Stack: (sp=0x16adf3a8)
0x16adf3a8:   16adf3f6 16adf3dc 0040985e 1a8fe958
0x16adf3b8:   75709aab 16adf410 1ac92a78 00000004
0x16adf3c8:   1ac91d78 18329140 16adf414 16adf412
0x16adf3d8:   16adf410 16adf3f8 004099a0 16adf3f6
0x16adf3e8:   1a8fe958 75709aab 00000036 16adf414
0x16adf3f8:   16582afc 00456665 1a8fe958 75709aab
0x16adf408:   18329140 16582b04 6b55195c 18329140
0x16adf418:   16582afc 00000022 d9063802 00000005 

Instructions: (pc=0x004095d9)
0x004095b9:   db 89 c1 dd 45 08 d8 8b 88 81 46 00 83 ec 08 df
0x004095c9:   3c 24 9b 58 5a 09 d2 79 11 f7 da f7 d8 83 da 00
0x004095d9:   f7 b3 8c 81 46 00 f7 d8 eb 06 f7 b3 8c 81 46 00
0x004095e9:   05 5a 95 0a 00 89 11 89 41 04 5b 5d c2 08 00 55 


Register to memory mapping:

EAX=0x00000000 is an unknown value
EBX=0x00000000 is an unknown value
ECX=0x16adf3c4 is pointing into the stack for thread: 0x18329000
EDX=0x80000000 is an unknown value
ESP=0x16adf3a8 is pointing into the stack for thread: 0x18329000
EBP=0x16adf3ac is pointing into the stack for thread: 0x18329000
ESI=0x16adf410 is pointing into the stack for thread: 0x18329000
EDI=0x1ac91d78 is an unknown value


Stack: [0x16a90000,0x16ae0000],  sp=0x16adf3a8,  free space=316k
Native frames: (J=compiled Java code, j=interpreted, Vv=VM code, C=native code)
C  [JCustomOpc.dll+0x95d9]
C  [JCustomOpc.dll+0x985e]
C  [JCustomOpc.dll+0x99a0]
C  [JCustomOpc.dll+0x56665]

Java frames: (J=compiled Java code, j=interpreted, Vv=VM code)
j  javafish.clients.opc.JOpc.getDownloadGroupNative()Ljavafish/clients/opc/component/OpcGroup;+0
j  javafish.clients.opc.JOpc.getDownloadGroup()Ljavafish/clients/opc/component/OpcGroup;+1
j  javafish.clients.opc.JEasyOpc.run()V+155
j  java.lang.Thread.run()V+11
v  ~StubRoutines::call_stub

---------------  P R O C E S S  ---------------

Java Threads: ( => current thread )
=>0x18329000 JavaThread "Thread-41" daemon [_thread_in_native, id=13292, stack(0x16a90000,0x16ae0000)]
  0x1832bc00 JavaThread "WebSocket background processing" daemon [_thread_blocked, id=11468, stack(0x00940000,0x00990000)]
  0x18326800 JavaThread "Timer-1" daemon [_thread_blocked, id=5896, stack(0x008b0000,0x00900000)]
  0x1832cc00 JavaThread "DestroyJavaVM" [_thread_blocked, id=13056, stack(0x00a90000,0x00ae0000)]
  0x16618c00 JavaThread "http-nio-8080-AsyncTimeout" daemon [_thread_blocked, id=6396, stack(0x1a820000,0x1a870000)]
  0x1661e800 JavaThread "http-nio-8080-Acceptor-0" daemon [_thread_in_native, id=5236, stack(0x1a790000,0x1a7e0000)]
  0x16618400 JavaThread "http-nio-8080-ClientPoller-1" daemon [_thread_in_native, id=5392, stack(0x1a700000,0x1a750000)]
  0x1661e400 JavaThread "http-nio-8080-ClientPoller-0" daemon [_thread_in_native, id=6264, stack(0x1a670000,0x1a6c0000)]
  0x16618000 JavaThread "http-nio-8080-exec-10" daemon [_thread_blocked, id=9108, stack(0x1a5e0000,0x1a630000)]
  0x1661dc00 JavaThread "http-nio-8080-exec-9" daemon [_thread_blocked, id=6704, stack(0x1a550000,0x1a5a0000)]
  0x1661d800 JavaThread "http-nio-8080-exec-8" daemon [_thread_blocked, id=9448, stack(0x1a4c0000,0x1a510000)]
  0x16619800 JavaThread "http-nio-8080-exec-7" daemon [_thread_blocked, id=4304, stack(0x1a430000,0x1a480000)]
  0x1661b800 JavaThread "http-nio-8080-exec-6" daemon [_thread_blocked, id=10424, stack(0x1a3a0000,0x1a3f0000)]
  0x1661cc00 JavaThread "http-nio-8080-exec-5" daemon [_thread_blocked, id=12976, stack(0x1a210000,0x1a260000)]
  0x1661bc00 JavaThread "http-nio-8080-exec-4" daemon [_thread_blocked, id=3668, stack(0x1a180000,0x1a1d0000)]
  0x16617800 JavaThread "http-nio-8080-exec-3" daemon [_thread_blocked, id=8988, stack(0x1a0f0000,0x1a140000)]
  0x16617400 JavaThread "http-nio-8080-exec-2" daemon [_thread_blocked, id=10756, stack(0x1a060000,0x1a0b0000)]
  0x16619000 JavaThread "http-nio-8080-exec-1" daemon [_thread_blocked, id=4840, stack(0x19fd0000,0x1a020000)]
  0x1661c400 JavaThread "NioBlockingSelector.BlockPoller-1" daemon [_thread_in_native, id=6828, stack(0x19f40000,0x19f90000)]
  0x1661b000 JavaThread "Live Reload Server" daemon [_thread_in_native, id=7036, stack(0x19eb0000,0x19f00000)]
  0x1661ac00 JavaThread "File Watcher" daemon [_thread_blocked, id=12944, stack(0x19e20000,0x19e70000)]
  0x1661d000 JavaThread "Abandoned connection cleanup thread" daemon [_thread_blocked, id=7632, stack(0x191e0000,0x19230000)]
  0x17c83000 JavaThread "Tomcat JDBC Pool Cleaner[11840194:1518941826931]" daemon [_thread_blocked, id=7880, stack(0x19150000,0x191a0000)]
  0x17c82800 JavaThread "container-0" [_thread_blocked, id=11192, stack(0x18fc0000,0x19010000)]
  0x17c81c00 JavaThread "ContainerBackgroundProcessor[StandardEngine[Tomcat]]" daemon [_thread_blocked, id=12004, stack(0x18f30000,0x18f80000)]
  0x16570c00 JavaThread "RMI Scheduler(0)" daemon [_thread_blocked, id=9140, stack(0x16810000,0x16860000)]
  0x1653c800 JavaThread "RMI TCP Accept-0" daemon [_thread_in_native, id=4580, stack(0x15c40000,0x15c90000)]
  0x16539400 JavaThread "RMI TCP Accept-10191" daemon [_thread_in_native, id=3128, stack(0x15bb0000,0x15c00000)]
  0x16535800 JavaThread "RMI TCP Accept-0" daemon [_thread_in_native, id=9804, stack(0x15b20000,0x15b70000)]
  0x16374800 JavaThread "Service Thread" daemon [_thread_blocked, id=212, stack(0x15a70000,0x15ac0000)]
  0x16370c00 JavaThread "C1 CompilerThread0" daemon [_thread_blocked, id=664, stack(0x159e0000,0x15a30000)]
  0x1636d800 JavaThread "Monitor Ctrl-Break" daemon [_thread_in_native, id=11592, stack(0x15950000,0x159a0000)]
  0x02803c00 JavaThread "Attach Listener" daemon [_thread_blocked, id=6788, stack(0x15700000,0x15750000)]
  0x027ffc00 JavaThread "Signal Dispatcher" daemon [_thread_blocked, id=3432, stack(0x15020000,0x15070000)]
  0x027e8800 JavaThread "Finalizer" daemon [_thread_blocked, id=6124, stack(0x14f30000,0x14f80000)]
  0x0278bc00 JavaThread "Reference Handler" daemon [_thread_blocked, id=6548, stack(0x14ea0000,0x14ef0000)]

Other Threads:
  0x02788800 VMThread [stack: 0x04990000,0x049e0000] [id=844]
  0x1653fc00 WatcherThread [stack: 0x16660000,0x166b0000] [id=10896]

VM state:not at safepoint (normal execution)

VM Mutex/Monitor currently owned by a thread: None

Heap:
 def new generation   total 20160K, used 5268K [0x04a00000, 0x05fd0000, 0x09f50000)
  eden space 17984K,  24% used [0x04a00000, 0x04e3a4f0, 0x05b90000)
  from space 2176K,  43% used [0x05b90000, 0x05c7ac20, 0x05db0000)
  to   space 2176K,   0% used [0x05db0000, 0x05db0000, 0x05fd0000)
 tenured generation   total 44608K, used 36251K [0x09f50000, 0x0cae0000, 0x14a00000)
   the space 44608K,  81% used [0x09f50000, 0x0c2b6ca8, 0x0c2b6e00, 0x0cae0000)
 Metaspace       used 30788K, capacity 31230K, committed 31360K, reserved 32128K

Card table byte_map: [0x04860000,0x048f0000] byte_map_base: 0x0483b000

Polling page: 0x009d0000

CodeCache: size=32768Kb used=4921Kb max_used=5450Kb free=27846Kb
 bounds [0x02860000, 0x02db8000, 0x04860000]
 total_blobs=2601 nmethods=2141 adapters=390
 compilation: enabled

Compilation events (10 events):
Event: 223.350 Thread 0x16370c00 3500             org.hibernate.loader.plan.exec.process.internal.ResultSetProcessingContextImpl::getSession (5 bytes)
Event: 223.350 Thread 0x16370c00 nmethod 3500 0x02a79008 code [0x02a79100, 0x02a79180]
Event: 223.353 Thread 0x16370c00 3501             org.jboss.logging.Logger::isTraceEnabled (8 bytes)
Event: 223.353 Thread 0x16370c00 nmethod 3501 0x02a78e08 code [0x02a78f10, 0x02a78fac]
Event: 223.366 Thread 0x16370c00 3502             org.springframework.util.MimeType::getType (5 bytes)
Event: 223.366 Thread 0x16370c00 nmethod 3502 0x02a78c48 code [0x02a78d40, 0x02a78dc0]
Event: 223.386 Thread 0x16370c00 3503             sun.net.www.ParseUtil::encodePath (336 bytes)
Event: 223.387 Thread 0x16370c00 nmethod 3503 0x029eed48 code [0x029eeef0, 0x029ef5b8]
Event: 223.625 Thread 0x16370c00 3504             org.apache.tomcat.util.net.SocketWrapperBase::getEndpoint (5 bytes)
Event: 223.625 Thread 0x16370c00 nmethod 3504 0x02a78a88 code [0x02a78b80, 0x02a78c00]

GC Heap History (10 events):
Event: 186.111 GC heap before
{Heap before GC invocations=141 (full 3):
 def new generation   total 20160K, used 18311K [0x04a00000, 0x05fd0000, 0x09f50000)
  eden space 17984K, 100% used [0x04a00000, 0x05b90000, 0x05b90000)
  from space 2176K,  15% used [0x05db0000, 0x05e01c68, 0x05fd0000)
  to   space 2176K,   0% used [0x05b90000, 0x05b90000, 0x05db0000)
 tenured generation   total 44608K, used 36251K [0x09f50000, 0x0cae0000, 0x14a00000)
   the space 44608K,  81% used [0x09f50000, 0x0c2b6ca8, 0x0c2b6e00, 0x0cae0000)
 Metaspace       used 30363K, capacity 30836K, committed 30976K, reserved 31104K
Event: 186.114 GC heap after
Heap after GC invocations=142 (full 3):
 def new generation   total 20160K, used 154K [0x04a00000, 0x05fd0000, 0x09f50000)
  eden space 17984K,   0% used [0x04a00000, 0x04a00000, 0x05b90000)
  from space 2176K,   7% used [0x05b90000, 0x05bb6b20, 0x05db0000)
  to   space 2176K,   0% used [0x05db0000, 0x05db0000, 0x05fd0000)
 tenured generation   total 44608K, used 36251K [0x09f50000, 0x0cae0000, 0x14a00000)
   the space 44608K,  81% used [0x09f50000, 0x0c2b6ca8, 0x0c2b6e00, 0x0cae0000)
 Metaspace       used 30363K, capacity 30836K, committed 30976K, reserved 31104K
}
Event: 197.332 GC heap before
{Heap before GC invocations=142 (full 3):
 def new generation   total 20160K, used 18138K [0x04a00000, 0x05fd0000, 0x09f50000)
  eden space 17984K, 100% used [0x04a00000, 0x05b90000, 0x05b90000)
  from space 2176K,   7% used [0x05b90000, 0x05bb6b20, 0x05db0000)
  to   space 2176K,   0% used [0x05db0000, 0x05db0000, 0x05fd0000)
 tenured generation   total 44608K, used 36251K [0x09f50000, 0x0cae0000, 0x14a00000)
   the space 44608K,  81% used [0x09f50000, 0x0c2b6ca8, 0x0c2b6e00, 0x0cae0000)
 Metaspace       used 30365K, capacity 30838K, committed 30976K, reserved 31104K
Event: 197.336 GC heap after
Heap after GC invocations=143 (full 3):
 def new generation   total 20160K, used 313K [0x04a00000, 0x05fd0000, 0x09f50000)
  eden space 17984K,   0% used [0x04a00000, 0x04a00000, 0x05b90000)
  from space 2176K,  14% used [0x05db0000, 0x05dfe7e0, 0x05fd0000)
  to   space 2176K,   0% used [0x05b90000, 0x05b90000, 0x05db0000)
 tenured generation   total 44608K, used 36251K [0x09f50000, 0x0cae0000, 0x14a00000)
   the space 44608K,  81% used [0x09f50000, 0x0c2b6ca8, 0x0c2b6e00, 0x0cae0000)
 Metaspace       used 30365K, capacity 30838K, committed 30976K, reserved 31104K
}
Event: 207.101 GC heap before
{Heap before GC invocations=143 (full 3):
 def new generation   total 20160K, used 18297K [0x04a00000, 0x05fd0000, 0x09f50000)
  eden space 17984K, 100% used [0x04a00000, 0x05b90000, 0x05b90000)
  from space 2176K,  14% used [0x05db0000, 0x05dfe7e0, 0x05fd0000)
  to   space 2176K,   0% used [0x05b90000, 0x05b90000, 0x05db0000)
 tenured generation   total 44608K, used 36251K [0x09f50000, 0x0cae0000, 0x14a00000)
   the space 44608K,  81% used [0x09f50000, 0x0c2b6ca8, 0x0c2b6e00, 0x0cae0000)
 Metaspace       used 30367K, capacity 30841K, committed 30976K, reserved 31104K
Event: 207.105 GC heap after
Heap after GC invocations=144 (full 3):
 def new generation   total 20160K, used 309K [0x04a00000, 0x05fd0000, 0x09f50000)
  eden space 17984K,   0% used [0x04a00000, 0x04a00000, 0x05b90000)
  from space 2176K,  14% used [0x05b90000, 0x05bdd6a8, 0x05db0000)
  to   space 2176K,   0% used [0x05db0000, 0x05db0000, 0x05fd0000)
 tenured generation   total 44608K, used 36251K [0x09f50000, 0x0cae0000, 0x14a00000)
   the space 44608K,  81% used [0x09f50000, 0x0c2b6ca8, 0x0c2b6e00, 0x0cae0000)
 Metaspace       used 30367K, capacity 30841K, committed 30976K, reserved 31104K
}
Event: 217.249 GC heap before
{Heap before GC invocations=144 (full 3):
 def new generation   total 20160K, used 18293K [0x04a00000, 0x05fd0000, 0x09f50000)
  eden space 17984K, 100% used [0x04a00000, 0x05b90000, 0x05b90000)
  from space 2176K,  14% used [0x05b90000, 0x05bdd6a8, 0x05db0000)
  to   space 2176K,   0% used [0x05db0000, 0x05db0000, 0x05fd0000)
 tenured generation   total 44608K, used 36251K [0x09f50000, 0x0cae0000, 0x14a00000)
   the space 44608K,  81% used [0x09f50000, 0x0c2b6ca8, 0x0c2b6e00, 0x0cae0000)
 Metaspace       used 30371K, capacity 30841K, committed 30976K, reserved 31104K
Event: 217.253 GC heap after
Heap after GC invocations=145 (full 3):
 def new generation   total 20160K, used 488K [0x04a00000, 0x05fd0000, 0x09f50000)
  eden space 17984K,   0% used [0x04a00000, 0x04a00000, 0x05b90000)
  from space 2176K,  22% used [0x05db0000, 0x05e2a0b8, 0x05fd0000)
  to   space 2176K,   0% used [0x05b90000, 0x05b90000, 0x05db0000)
 tenured generation   total 44608K, used 36251K [0x09f50000, 0x0cae0000, 0x14a00000)
   the space 44608K,  81% used [0x09f50000, 0x0c2b6ca8, 0x0c2b6e00, 0x0cae0000)
 Metaspace       used 30371K, capacity 30841K, committed 30976K, reserved 31104K
}
Event: 223.213 GC heap before
{Heap before GC invocations=145 (full 3):
 def new generation   total 20160K, used 18472K [0x04a00000, 0x05fd0000, 0x09f50000)
  eden space 17984K, 100% used [0x04a00000, 0x05b90000, 0x05b90000)
  from space 2176K,  22% used [0x05db0000, 0x05e2a0b8, 0x05fd0000)
  to   space 2176K,   0% used [0x05b90000, 0x05b90000, 0x05db0000)
 tenured generation   total 44608K, used 36251K [0x09f50000, 0x0cae0000, 0x14a00000)
   the space 44608K,  81% used [0x09f50000, 0x0c2b6ca8, 0x0c2b6e00, 0x0cae0000)
 Metaspace       used 30720K, capacity 31193K, committed 31360K, reserved 32128K
Event: 223.218 GC heap after
Heap after GC invocations=146 (full 3):
 def new generation   total 20160K, used 939K [0x04a00000, 0x05fd0000, 0x09f50000)
  eden space 17984K,   0% used [0x04a00000, 0x04a00000, 0x05b90000)
  from space 2176K,  43% used [0x05b90000, 0x05c7ac20, 0x05db0000)
  to   space 2176K,   0% used [0x05db0000, 0x05db0000, 0x05fd0000)
 tenured generation   total 44608K, used 36251K [0x09f50000, 0x0cae0000, 0x14a00000)
   the space 44608K,  81% used [0x09f50000, 0x0c2b6ca8, 0x0c2b6e00, 0x0cae0000)
 Metaspace       used 30720K, capacity 31193K, committed 31360K, reserved 32128K
}

Deoptimization events (0 events):
No events

Internal exceptions (10 events):
Event: 28.682 Thread 0x16619000 Exception <a 'java/lang/ArrayIndexOutOfBoundsException'> (0x04da3278) thrown at [C:\workspace\8-2-build-windows-i586-cygwin\jdk8u151\9699\hotspot\src\share\vm\runtime\sharedRuntime.cpp, line 605]
Event: 28.682 Thread 0x16619000 Exception <a 'java/lang/ArrayIndexOutOfBoundsException'> (0x04da44d8) thrown at [C:\workspace\8-2-build-windows-i586-cygwin\jdk8u151\9699\hotspot\src\share\vm\runtime\sharedRuntime.cpp, line 605]
Event: 28.682 Thread 0x16619000 Exception <a 'java/lang/ArrayIndexOutOfBoundsException'> (0x04da52b0) thrown at [C:\workspace\8-2-build-windows-i586-cygwin\jdk8u151\9699\hotspot\src\share\vm\runtime\sharedRuntime.cpp, line 605]
Event: 28.686 Thread 0x16619000 Exception <a 'java/lang/ArrayIndexOutOfBoundsException'> (0x04dce288) thrown at [C:\workspace\8-2-build-windows-i586-cygwin\jdk8u151\9699\hotspot\src\share\vm\runtime\sharedRuntime.cpp, line 605]
Event: 28.686 Thread 0x16619000 Exception <a 'java/lang/ArrayIndexOutOfBoundsException'> (0x04dd07d0) thrown at [C:\workspace\8-2-build-windows-i586-cygwin\jdk8u151\9699\hotspot\src\share\vm\runtime\sharedRuntime.cpp, line 605]
Event: 28.791 Thread 0x16619000 Exception <a 'java/lang/ArrayIndexOutOfBoundsException'> (0x052dcee8) thrown at [C:\workspace\8-2-build-windows-i586-cygwin\jdk8u151\9699\hotspot\src\share\vm\runtime\sharedRuntime.cpp, line 605]
Event: 40.768 Thread 0x1661dc00 Exception <a 'java/lang/ClassNotFoundException': com/xcs/server/domain/user/UserBeanInfo> (0x04d89af8) thrown at [C:\workspace\8-2-build-windows-i586-cygwin\jdk8u151\9699\hotspot\src\share\vm\classfile\systemDictionary.cpp, line 210]
Event: 40.769 Thread 0x1661dc00 Exception <a 'java/lang/ClassNotFoundException': com/xcs/server/domain/user/UserCustomizer> (0x04d9f448) thrown at [C:\workspace\8-2-build-windows-i586-cygwin\jdk8u151\9699\hotspot\src\share\vm\classfile\systemDictionary.cpp, line 210]
Event: 40.793 Thread 0x1661dc00 Exception <a 'java/lang/ArrayIndexOutOfBoundsException'> (0x04f4d7c0) thrown at [C:\workspace\8-2-build-windows-i586-cygwin\jdk8u151\9699\hotspot\src\share\vm\runtime\sharedRuntime.cpp, line 605]
Event: 223.356 Thread 0x1661b800 Exception <a 'java/lang/ArrayIndexOutOfBoundsException'> (0x04c88910) thrown at [C:\workspace\8-2-build-windows-i586-cygwin\jdk8u151\9699\hotspot\src\share\vm\runtime\sharedRuntime.cpp, line 605]

Events (10 events):
Event: 223.366 Thread 0x16370c00 flushing nmethod 0x0295ba88
Event: 223.367 Thread 0x16370c00 flushing nmethod 0x029ee648
Event: 223.367 loading class com/fasterxml/jackson/databind/ser/impl/PropertySerializerMap$Single
Event: 223.367 loading class com/fasterxml/jackson/databind/ser/impl/PropertySerializerMap$Single done
Event: 223.539 loading class javafish/clients/opc/lang/Translate
Event: 223.539 loading class javafish/clients/opc/lang/Translate done
Event: 223.540 loading class javafish/clients/opc/lang/resource
Event: 223.540 loading class javafish/clients/opc/lang/resource done
Event: 223.541 loading class javafish/clients/opc/lang/resource_en
Event: 223.541 loading class javafish/clients/opc/lang/resource_en done


Dynamic libraries:
0x00ca0000 - 0x00cd3000 	D:\Program Files (x86)\Java\jdk1.8.0_151\bin\java.exe
0x77ca0000 - 0x77e19000 	C:\Windows\SYSTEM32\ntdll.dll
0x754e0000 - 0x755d0000 	C:\Windows\SYSTEM32\KERNEL32.DLL
0x75ce0000 - 0x75e56000 	C:\Windows\SYSTEM32\KERNELBASE.dll
0x74ca0000 - 0x74d31000 	C:\Windows\system32\apphelp.dll
0x75600000 - 0x7567b000 	C:\Windows\SYSTEM32\ADVAPI32.dll
0x75010000 - 0x750ce000 	C:\Windows\SYSTEM32\msvcrt.dll
0x74fc0000 - 0x75003000 	C:\Windows\SYSTEM32\sechost.dll
0x756f0000 - 0x7579c000 	C:\Windows\SYSTEM32\RPCRT4.dll
0x74db0000 - 0x74dce000 	C:\Windows\SYSTEM32\SspiCli.dll
0x74da0000 - 0x74daa000 	C:\Windows\SYSTEM32\CRYPTBASE.dll
0x74d40000 - 0x74d99000 	C:\Windows\SYSTEM32\bcryptPrimitives.dll
0x75b00000 - 0x75c40000 	C:\Windows\SYSTEM32\USER32.dll
0x77b50000 - 0x77c9d000 	C:\Windows\SYSTEM32\GDI32.dll
0x72b80000 - 0x72d89000 	C:\Windows\WinSxS\x86_microsoft.windows.common-controls_6595b64144ccf1df_6.0.10240.16384_none_3bccb1ff6bcd1849\COMCTL32.dll
0x755d0000 - 0x755fb000 	C:\Windows\SYSTEM32\IMM32.DLL
0x74ea0000 - 0x74fc0000 	C:\Windows\SYSTEM32\MSCTF.dll
0x70250000 - 0x7030f000 	D:\Program Files (x86)\Java\jdk1.8.0_151\jre\bin\msvcr100.dll
0x6b390000 - 0x6b75e000 	D:\Program Files (x86)\Java\jdk1.8.0_151\jre\bin\client\jvm.dll
0x76340000 - 0x76346000 	C:\Windows\SYSTEM32\PSAPI.DLL
0x74810000 - 0x74834000 	C:\Windows\SYSTEM32\WINMM.dll
0x72eb0000 - 0x72eb8000 	C:\Windows\SYSTEM32\WSOCK32.dll
0x74c60000 - 0x74c68000 	C:\Windows\SYSTEM32\VERSION.dll
0x747e0000 - 0x74803000 	C:\Windows\SYSTEM32\WINMMBASE.dll
0x75350000 - 0x753ac000 	C:\Windows\SYSTEM32\WS2_32.dll
0x75310000 - 0x75346000 	C:\Windows\SYSTEM32\cfgmgr32.dll
0x76780000 - 0x76787000 	C:\Windows\SYSTEM32\NSI.dll
0x747b0000 - 0x747d1000 	C:\Windows\SYSTEM32\DEVOBJ.dll
0x70240000 - 0x7024c000 	D:\Program Files (x86)\Java\jdk1.8.0_151\jre\bin\verify.dll
0x70210000 - 0x70231000 	D:\Program Files (x86)\Java\jdk1.8.0_151\jre\bin\java.dll
0x700a0000 - 0x700c0000 	D:\Program Files (x86)\Java\jdk1.8.0_151\jre\bin\instrument.dll
0x701f0000 - 0x70204000 	D:\Program Files (x86)\Java\jdk1.8.0_151\jre\bin\zip.dll
0x76790000 - 0x77b4f000 	C:\Windows\SYSTEM32\SHELL32.dll
0x75e60000 - 0x7633d000 	C:\Windows\SYSTEM32\windows.storage.dll
0x763f0000 - 0x765aa000 	C:\Windows\SYSTEM32\combase.dll
0x752a0000 - 0x752e4000 	C:\Windows\SYSTEM32\shlwapi.dll
0x75440000 - 0x7544c000 	C:\Windows\SYSTEM32\kernel.appcore.dll
0x753b0000 - 0x7543d000 	C:\Windows\SYSTEM32\shcore.dll
0x750d0000 - 0x75114000 	C:\Windows\SYSTEM32\powrprof.dll
0x758f0000 - 0x758ff000 	C:\Windows\SYSTEM32\profapi.dll
0x70080000 - 0x70096000 	D:\Program Files\JetBrains\IntelliJ IDEA 2017.2\bin\breakgen.dll
0x6fd90000 - 0x6fda6000 	D:\Program Files (x86)\Java\jdk1.8.0_151\jre\bin\net.dll
0x73d40000 - 0x73d8e000 	C:\Windows\system32\mswsock.dll
0x6ff50000 - 0x6ff5a000 	D:\Program Files (x86)\Java\jdk1.8.0_151\jre\bin\management.dll
0x6fd80000 - 0x6fd8f000 	D:\Program Files (x86)\Java\jdk1.8.0_151\jre\bin\nio.dll
0x73110000 - 0x73122000 	C:\Windows\system32\napinsp.dll
0x730f0000 - 0x73106000 	C:\Windows\system32\pnrpnsp.dll
0x730d0000 - 0x730e3000 	C:\Windows\system32\NLAapi.dll
0x74560000 - 0x745e4000 	C:\Windows\SYSTEM32\DNSAPI.dll
0x74190000 - 0x7419b000 	C:\Windows\System32\winrnr.dll
0x730b0000 - 0x730c1000 	C:\Windows\system32\wshbth.dll
0x730a0000 - 0x730a8000 	C:\Windows\System32\rasadhlp.dll
0x74b20000 - 0x74b50000 	C:\Windows\SYSTEM32\IPHLPAPI.DLL
0x74ae0000 - 0x74ae8000 	C:\Windows\SYSTEM32\WINNSI.DLL
0x73050000 - 0x73096000 	C:\Windows\System32\fwpuclnt.dll
0x74ab0000 - 0x74acb000 	C:\Windows\SYSTEM32\bcrypt.dll
0x72e20000 - 0x72e33000 	C:\Windows\SYSTEM32\CRYPTSP.dll
0x72df0000 - 0x72e1f000 	C:\Windows\system32\rsaenh.dll
0x74c70000 - 0x74c89000 	C:\Windows\SYSTEM32\USERENV.dll
0x73d90000 - 0x73da3000 	C:\Windows\SYSTEM32\dhcpcsvc6.DLL
0x74740000 - 0x74754000 	C:\Windows\SYSTEM32\dhcpcsvc.DLL
0x00400000 - 0x0047c000 	E:\IdeaProjects\server\JCustomOpc.dll
0x75c40000 - 0x75cd2000 	C:\Windows\SYSTEM32\oleaut32.dll
0x757a0000 - 0x7588a000 	C:\Windows\SYSTEM32\ole32.dll
0x72ef0000 - 0x72f65000 	C:\Windows\system32\uxtheme.dll
0x75450000 - 0x754d2000 	C:\Windows\SYSTEM32\clbcatq.dll
0x168c0000 - 0x168da000 	C:\Windows\SYSTEM32\opcproxy.dll
0x73160000 - 0x7329f000 	C:\Windows\SYSTEM32\dbghelp.dll

VM Arguments:
jvm_args: -XX:TieredStopAtLevel=1 -Xverify:none -Dspring.output.ansi.enabled=always -Dcom.sun.management.jmxremote -Dcom.sun.management.jmxremote.port=10191 -Dcom.sun.management.jmxremote.authenticate=false -Dcom.sun.management.jmxremote.ssl=false -Dspring.liveBeansView.mbeanDomain -Dspring.application.admin.enabled=true -javaagent:D:\Program Files\JetBrains\IntelliJ IDEA 2017.2\lib\idea_rt.jar=10192:D:\Program Files\JetBrains\IntelliJ IDEA 2017.2\bin -Dfile.encoding=UTF-8 
java_command: com.xcs.server.ServerApplication
java_class_path (initial): D:\Program Files (x86)\Java\jdk1.8.0_151\jre\lib\charsets.jar;D:\Program Files (x86)\Java\jdk1.8.0_151\jre\lib\deploy.jar;D:\Program Files (x86)\Java\jdk1.8.0_151\jre\lib\ext\access-bridge-32.jar;D:\Program Files (x86)\Java\jdk1.8.0_151\jre\lib\ext\cldrdata.jar;D:\Program Files (x86)\Java\jdk1.8.0_151\jre\lib\ext\dnsns.jar;D:\Program Files (x86)\Java\jdk1.8.0_151\jre\lib\ext\jaccess.jar;D:\Program Files (x86)\Java\jdk1.8.0_151\jre\lib\ext\jfxrt.jar;D:\Program Files (x86)\Java\jdk1.8.0_151\jre\lib\ext\localedata.jar;D:\Program Files (x86)\Java\jdk1.8.0_151\jre\lib\ext\nashorn.jar;D:\Program Files (x86)\Java\jdk1.8.0_151\jre\lib\ext\sunec.jar;D:\Program Files (x86)\Java\jdk1.8.0_151\jre\lib\ext\sunjce_provider.jar;D:\Program Files (x86)\Java\jdk1.8.0_151\jre\lib\ext\sunmscapi.jar;D:\Program Files (x86)\Java\jdk1.8.0_151\jre\lib\ext\sunpkcs11.jar;D:\Program Files (x86)\Java\jdk1.8.0_151\jre\lib\ext\zipfs.jar;D:\Program Files (x86)\Java\jdk1.8.0_151\jre\lib\javaws.jar;D:\Program Files (x86)\Java\jdk1.8.0_151\jre\lib\jce.jar;D:\Program Files (x86)\Java\jdk1.8.0_151\jre\lib\jfr.jar;D:\Program Files (x86)\Java\jdk1.8.0_151\jre\lib\jfxswt.jar;D:\Program Files (x86)\Java\jdk1.8.0_151\jre\lib\jsse.jar;D:\Program Files (x86)\Java\jdk1.8.0_151\jre\lib\management-agent.jar;D:\Program Files (x86)\Java\jdk1.8.0_151\jre\lib\plugin.jar;D:\Program Files (x86)\Java\jdk1.8.0_151\jre\lib\resources.jar;D:\Program Files (x86)\Java\jdk1.8.0_151\jre\lib\rt.jar;E:\IdeaProjects\server\target\classes;E:\JAR\jeasyopc-2.3.2\commons-logging-1.1.jar;E:\JAR\jeasyopc-2.3.2\jeasyopc.jar;E:\JAR\jeasyopc-2.3.2\log4j-1.2.13.jar;D:\Program Files\maven\localRepository\org\springframework\boot\spring-boot-starter-data-jpa\1.5.9.RELEASE\spring-boot-starter-data-jpa-1.5.9.RELEASE.jar;D:\Program Files\maven\localRepository\org\springframework\boot\spring-boot-starter\1.5.9.RELEASE\spring-boot-starter-1.5.9.RELEASE.jar;D:\Program Files\maven\localRepository\org\springframework\boot
Launcher Type: SUN_STANDARD

Environment Variables:
JAVA_HOME=D:\Program Files\Java\jdk1.8.0_131
CLASSPATH=.;D:\Program Files\Java\jdk1.8.0_131\lib\dt.jar;D:\Program Files\Java\jdk1.8.0_131\lib\tools.jar;
PATH=D:\Program Files\Java\jdk1.8.0_131\bin;D:\Program Files\Java\jdk1.8.0_131\jre\bin;C:\ProgramData\Oracle\Java\javapath;C:\Windows\system32;C:\Windows;C:\Windows\System32\Wbem;C:\Windows\System32\WindowsPowerShell\v1.0\;D:\Program Files\maven\apache-maven-3.5.0\bin;D:\Program Files\Python\Python36\Scripts\;D:\Program Files\Python\Python36\
USERNAME=XINDQ
OS=Windows_NT
PROCESSOR_IDENTIFIER=AMD64 Family 21 Model 16 Stepping 1, AuthenticAMD



---------------  S Y S T E M  ---------------

OS: Windows 10.0 , 64 bit Build 10240 (10.0.10240.16384)

CPU:total 4 (initial active 4) (4 cores per cpu, 1 threads per core) family 21 model 16 stepping 1, cmov, cx8, fxsr, mmx, sse, sse2, sse3, ssse3, sse4.1, sse4.2, popcnt, avx, aes, clmul, mmxext, 3dnowpref, lzcnt, sse4a, tsc, tscinvbit, tscinv, bmi1

Memory: 4k page, physical 7841140k(4103480k free), swap 9086324k(4351764k free)

vm_info: Java HotSpot(TM) Client VM (25.151-b12) for windows-x86 JRE (1.8.0_151-b12), built on Sep  5 2017 19:31:49 by "java_re" with MS VC++ 10.0 (VS2010)

time: Sun Feb 18 16:20:42 2018
elapsed time: 223 seconds (0d 0h 3m 43s)

