#
# A fatal error has been detected by the Java Runtime Environment:
#
#  EXCEPTION_INT_OVERFLOW (0xc0000095) at pc=0x004095d9, pid=10396, tid=0x00001d60
#
# JRE version: Java(TM) SE Runtime Environment (8.0_151-b12) (build 1.8.0_151-b12)
# Java VM: Java HotSpot(TM) Client VM (25.151-b12 mixed mode, sharing windows-x86 )
# Problematic frame:
# C  [JCustomOpc.dll+0x95d9]
#
# Failed to write core dump. Minidumps are not enabled by default on client versions of Windows
#
# If you would like to submit a bug report, please visit:
#   http://bugreport.java.com/bugreport/crash.jsp
# The crash happened outside the Java Virtual Machine in native code.
# See problematic frame for where to report the bug.
#

---------------  T H R E A D  ---------------

Current thread (0x18a0e400):  JavaThread "Thread-56" daemon [_thread_in_native, id=7520, stack(0x16b90000,0x16be0000)]

siginfo: ExceptionCode=0xc0000095

Registers:
EAX=0x00000000, EBX=0x00000000, ECX=0x16bdf1e4, EDX=0x80000000
ESP=0x16bdf1c8, EBP=0x16bdf1cc, ESI=0x16bdf230, EDI=0x1ada1d78
EIP=0x004095d9, EFLAGS=0x00010286

Top of Stack: (sp=0x16bdf1c8)
0x16bdf1c8:   16bdf216 16bdf1fc 0040985e 1755eb20
0x16bdf1d8:   75709aab 16bdf230 1ada2a78 00000004
0x16bdf1e8:   1ada1d78 18a0e540 16bdf234 16bdf232
0x16bdf1f8:   16bdf230 16bdf218 004099a0 16bdf216
0x16bdf208:   1755eb20 75709aab 00000036 16bdf234
0x16bdf218:   1656f86c 00456665 1755eb20 75709aab
0x16bdf228:   18a0e540 1656f874 6b55195c 18a0e540
0x16bdf238:   1656f86c 00000022 f7d96343 00000005 

Instructions: (pc=0x004095d9)
0x004095b9:   db 89 c1 dd 45 08 d8 8b 88 81 46 00 83 ec 08 df
0x004095c9:   3c 24 9b 58 5a 09 d2 79 11 f7 da f7 d8 83 da 00
0x004095d9:   f7 b3 8c 81 46 00 f7 d8 eb 06 f7 b3 8c 81 46 00
0x004095e9:   05 5a 95 0a 00 89 11 89 41 04 5b 5d c2 08 00 55 


Register to memory mapping:

EAX=0x00000000 is an unknown value
EBX=0x00000000 is an unknown value
ECX=0x16bdf1e4 is pointing into the stack for thread: 0x18a0e400
EDX=0x80000000 is an unknown value
ESP=0x16bdf1c8 is pointing into the stack for thread: 0x18a0e400
EBP=0x16bdf1cc is pointing into the stack for thread: 0x18a0e400
ESI=0x16bdf230 is pointing into the stack for thread: 0x18a0e400
EDI=0x1ada1d78 is an unknown value


Stack: [0x16b90000,0x16be0000],  sp=0x16bdf1c8,  free space=316k
Native frames: (J=compiled Java code, j=interpreted, Vv=VM code, C=native code)
C  [JCustomOpc.dll+0x95d9]
C  [JCustomOpc.dll+0x985e]
C  [JCustomOpc.dll+0x99a0]
C  [JCustomOpc.dll+0x56665]

Java frames: (J=compiled Java code, j=interpreted, Vv=VM code)
j  javafish.clients.opc.JOpc.getDownloadGroupNative()Ljavafish/clients/opc/component/OpcGroup;+0
j  javafish.clients.opc.JOpc.getDownloadGroup()Ljavafish/clients/opc/component/OpcGroup;+1
j  javafish.clients.opc.JEasyOpc.run()V+155
j  java.lang.Thread.run()V+11
v  ~StubRoutines::call_stub

---------------  P R O C E S S  ---------------

Java Threads: ( => current thread )
=>0x18a0e400 JavaThread "Thread-56" daemon [_thread_in_native, id=7520, stack(0x16b90000,0x16be0000)]
  0x18a0d000 JavaThread "WebSocket background processing" daemon [_thread_blocked, id=9620, stack(0x00ad0000,0x00b20000)]
  0x18a12400 JavaThread "Timer-0" daemon [_thread_blocked, id=11020, stack(0x00a20000,0x00a70000)]
  0x174cdc00 JavaThread "DestroyJavaVM" [_thread_blocked, id=8600, stack(0x00b90000,0x00be0000)]
  0x174ccc00 JavaThread "http-nio-8080-AsyncTimeout" daemon [_thread_blocked, id=11736, stack(0x1a950000,0x1a9a0000)]
  0x18408c00 JavaThread "http-nio-8080-Acceptor-0" daemon [_thread_in_native, id=11548, stack(0x1a8c0000,0x1a910000)]
  0x18401800 JavaThread "http-nio-8080-ClientPoller-1" daemon [_thread_in_native, id=12360, stack(0x1a830000,0x1a880000)]
  0x18405000 JavaThread "http-nio-8080-ClientPoller-0" daemon [_thread_in_native, id=5712, stack(0x1a7a0000,0x1a7f0000)]
  0x18408000 JavaThread "http-nio-8080-exec-10" daemon [_thread_blocked, id=9896, stack(0x1a710000,0x1a760000)]
  0x18402400 JavaThread "http-nio-8080-exec-9" daemon [_thread_blocked, id=4576, stack(0x1a680000,0x1a6d0000)]
  0x18407000 JavaThread "http-nio-8080-exec-8" daemon [_thread_blocked, id=12836, stack(0x1a5f0000,0x1a640000)]
  0x18404800 JavaThread "http-nio-8080-exec-7" daemon [_thread_blocked, id=4696, stack(0x1a560000,0x1a5b0000)]
  0x18403000 JavaThread "http-nio-8080-exec-6" daemon [_thread_blocked, id=12244, stack(0x1a3d0000,0x1a420000)]
  0x18405c00 JavaThread "http-nio-8080-exec-5" daemon [_thread_blocked, id=10220, stack(0x1a340000,0x1a390000)]
  0x18406800 JavaThread "http-nio-8080-exec-4" daemon [_thread_blocked, id=1148, stack(0x1a2b0000,0x1a300000)]
  0x18401c00 JavaThread "http-nio-8080-exec-3" daemon [_thread_blocked, id=2908, stack(0x1a220000,0x1a270000)]
  0x18404400 JavaThread "http-nio-8080-exec-2" daemon [_thread_blocked, id=4852, stack(0x1a100000,0x1a150000)]
  0x18408800 JavaThread "http-nio-8080-exec-1" daemon [_thread_blocked, id=3864, stack(0x19100000,0x19150000)]
  0x18405400 JavaThread "NioBlockingSelector.BlockPoller-1" daemon [_thread_in_native, id=9204, stack(0x176a0000,0x176f0000)]
  0x18407c00 JavaThread "Live Reload Server" daemon [_thread_in_native, id=8028, stack(0x1a190000,0x1a1e0000)]
  0x18403800 JavaThread "File Watcher" daemon [_thread_in_native, id=9244, stack(0x196d0000,0x19720000)]
  0x18407400 JavaThread "Abandoned connection cleanup thread" daemon [_thread_blocked, id=7264, stack(0x19440000,0x19490000)]
  0x174cc400 JavaThread "Tomcat JDBC Pool Cleaner[11840194:1518948149821]" daemon [_thread_blocked, id=6608, stack(0x193b0000,0x19400000)]
  0x174cd800 JavaThread "container-0" [_thread_blocked, id=3876, stack(0x19220000,0x19270000)]
  0x174cd000 JavaThread "ContainerBackgroundProcessor[StandardEngine[Tomcat]]" daemon [_thread_blocked, id=11724, stack(0x19190000,0x191e0000)]
  0x16564800 JavaThread "RMI Scheduler(0)" daemon [_thread_blocked, id=6588, stack(0x16b00000,0x16b50000)]
  0x1652e800 JavaThread "RMI TCP Accept-0" daemon [_thread_in_native, id=13048, stack(0x16850000,0x168a0000)]
  0x1652ac00 JavaThread "RMI TCP Accept-11478" daemon [_thread_in_native, id=5932, stack(0x167c0000,0x16810000)]
  0x16527400 JavaThread "RMI TCP Accept-0" daemon [_thread_in_native, id=1580, stack(0x16730000,0x16780000)]
  0x16383000 JavaThread "Service Thread" daemon [_thread_blocked, id=3720, stack(0x166a0000,0x166f0000)]
  0x1637e800 JavaThread "C1 CompilerThread0" daemon [_thread_blocked, id=11572, stack(0x15c70000,0x15cc0000)]
  0x1637c000 JavaThread "Monitor Ctrl-Break" daemon [_thread_in_native, id=11196, stack(0x15be0000,0x15c30000)]
  0x02a36c00 JavaThread "Attach Listener" daemon [_thread_blocked, id=9564, stack(0x15950000,0x159a0000)]
  0x02a50800 JavaThread "Signal Dispatcher" daemon [_thread_blocked, id=2304, stack(0x158c0000,0x15910000)]
  0x02a18800 JavaThread "Finalizer" daemon [_thread_blocked, id=11276, stack(0x157d0000,0x15820000)]
  0x029bbc00 JavaThread "Reference Handler" daemon [_thread_blocked, id=11380, stack(0x15740000,0x15790000)]

Other Threads:
  0x029b8800 VMThread [stack: 0x04b90000,0x04be0000] [id=11860]
  0x1652f800 WatcherThread [stack: 0x169c0000,0x16a10000] [id=10744]

VM state:not at safepoint (normal execution)

VM Mutex/Monitor currently owned by a thread: None

Heap:
 def new generation   total 18048K, used 16074K [0x04c00000, 0x05f90000, 0x0a150000)
  eden space 16064K,  94% used [0x04c00000, 0x05ad6130, 0x05bb0000)
  from space 1984K,  44% used [0x05da0000, 0x05e7c800, 0x05f90000)
  to   space 1984K,   0% used [0x05bb0000, 0x05bb0000, 0x05da0000)
 tenured generation   total 39984K, used 34443K [0x0a150000, 0x0c85c000, 0x14c00000)
   the space 39984K,  86% used [0x0a150000, 0x0c2f2ee8, 0x0c2f3000, 0x0c85c000)
 Metaspace       used 30991K, capacity 31504K, committed 31616K, reserved 32128K

Card table byte_map: [0x14c00000,0x14c90000] byte_map_base: 0x14bda000

Polling page: 0x00bf0000

CodeCache: size=32768Kb used=5270Kb max_used=5354Kb free=27497Kb
 bounds [0x02b90000, 0x030d8000, 0x04b90000]
 total_blobs=2734 nmethods=2274 adapters=390
 compilation: enabled

Compilation events (10 events):
Event: 128.051 Thread 0x1637e800 3704             org.hibernate.event.spi.LoadEvent::getInstanceToLoad (5 bytes)
Event: 128.051 Thread 0x1637e800 nmethod 3704 0x02e62948 code [0x02e62a40, 0x02e62ac0]
Event: 128.052 Thread 0x1637e800 3705             org.hibernate.tuple.entity.AbstractEntityTuplizer::getEntityMetamodel (5 bytes)
Event: 128.053 Thread 0x1637e800 nmethod 3705 0x02e62788 code [0x02e62880, 0x02e62900]
Event: 128.080 Thread 0x1637e800 3706             java.util.HashMap$KeySet::iterator (12 bytes)
Event: 128.080 Thread 0x1637e800 nmethod 3706 0x02cfbfc8 code [0x02cfc0d0, 0x02cfc1bc]
Event: 128.082 Thread 0x1637e800 3707             org.apache.catalina.mapper.Mapper::compareIgnoreCase (139 bytes)
Event: 128.083 Thread 0x1637e800 nmethod 3707 0x02d56108 code [0x02d56240, 0x02d56508]
Event: 128.085 Thread 0x1637e800 3708             org.apache.tomcat.util.buf.CharChunk::getBuffer (5 bytes)
Event: 128.085 Thread 0x1637e800 nmethod 3708 0x02ebaf48 code [0x02ebb040, 0x02ebb0c0]

GC Heap History (10 events):
Event: 77.538 GC heap before
{Heap before GC invocations=135 (full 3):
 def new generation   total 18048K, used 17067K [0x04c00000, 0x05f90000, 0x0a150000)
  eden space 16064K, 100% used [0x04c00000, 0x05bb0000, 0x05bb0000)
  from space 1984K,  50% used [0x05bb0000, 0x05caae40, 0x05da0000)
  to   space 1984K,   0% used [0x05da0000, 0x05da0000, 0x05f90000)
 tenured generation   total 39984K, used 34295K [0x0a150000, 0x0c85c000, 0x14c00000)
   the space 39984K,  85% used [0x0a150000, 0x0c2cdf08, 0x0c2ce000, 0x0c85c000)
 Metaspace       used 30698K, capacity 31166K, committed 31232K, reserved 32128K
Event: 77.546 GC heap after
Heap after GC invocations=136 (full 3):
 def new generation   total 18048K, used 857K [0x04c00000, 0x05f90000, 0x0a150000)
  eden space 16064K,   0% used [0x04c00000, 0x04c00000, 0x05bb0000)
  from space 1984K,  43% used [0x05da0000, 0x05e76500, 0x05f90000)
  to   space 1984K,   0% used [0x05bb0000, 0x05bb0000, 0x05da0000)
 tenured generation   total 39984K, used 34443K [0x0a150000, 0x0c85c000, 0x14c00000)
   the space 39984K,  86% used [0x0a150000, 0x0c2f2ee8, 0x0c2f3000, 0x0c85c000)
 Metaspace       used 30698K, capacity 31166K, committed 31232K, reserved 32128K
}
Event: 84.187 GC heap before
{Heap before GC invocations=136 (full 3):
 def new generation   total 18048K, used 16921K [0x04c00000, 0x05f90000, 0x0a150000)
  eden space 16064K, 100% used [0x04c00000, 0x05bb0000, 0x05bb0000)
  from space 1984K,  43% used [0x05da0000, 0x05e76500, 0x05f90000)
  to   space 1984K,   0% used [0x05bb0000, 0x05bb0000, 0x05da0000)
 tenured generation   total 39984K, used 34443K [0x0a150000, 0x0c85c000, 0x14c00000)
   the space 39984K,  86% used [0x0a150000, 0x0c2f2ee8, 0x0c2f3000, 0x0c85c000)
 Metaspace       used 30722K, capacity 31209K, committed 31232K, reserved 32128K
Event: 84.195 GC heap after
Heap after GC invocations=137 (full 3):
 def new generation   total 18048K, used 616K [0x04c00000, 0x05f90000, 0x0a150000)
  eden space 16064K,   0% used [0x04c00000, 0x04c00000, 0x05bb0000)
  from space 1984K,  31% used [0x05bb0000, 0x05c4a168, 0x05da0000)
  to   space 1984K,   0% used [0x05da0000, 0x05da0000, 0x05f90000)
 tenured generation   total 39984K, used 34443K [0x0a150000, 0x0c85c000, 0x14c00000)
   the space 39984K,  86% used [0x0a150000, 0x0c2f2ee8, 0x0c2f3000, 0x0c85c000)
 Metaspace       used 30722K, capacity 31209K, committed 31232K, reserved 32128K
}
Event: 94.437 GC heap before
{Heap before GC invocations=137 (full 3):
 def new generation   total 18048K, used 16680K [0x04c00000, 0x05f90000, 0x0a150000)
  eden space 16064K, 100% used [0x04c00000, 0x05bb0000, 0x05bb0000)
  from space 1984K,  31% used [0x05bb0000, 0x05c4a168, 0x05da0000)
  to   space 1984K,   0% used [0x05da0000, 0x05da0000, 0x05f90000)
 tenured generation   total 39984K, used 34443K [0x0a150000, 0x0c85c000, 0x14c00000)
   the space 39984K,  86% used [0x0a150000, 0x0c2f2ee8, 0x0c2f3000, 0x0c85c000)
 Metaspace       used 30723K, capacity 31209K, committed 31232K, reserved 32128K
Event: 94.445 GC heap after
Heap after GC invocations=138 (full 3):
 def new generation   total 18048K, used 853K [0x04c00000, 0x05f90000, 0x0a150000)
  eden space 16064K,   0% used [0x04c00000, 0x04c00000, 0x05bb0000)
  from space 1984K,  43% used [0x05da0000, 0x05e757d0, 0x05f90000)
  to   space 1984K,   0% used [0x05bb0000, 0x05bb0000, 0x05da0000)
 tenured generation   total 39984K, used 34443K [0x0a150000, 0x0c85c000, 0x14c00000)
   the space 39984K,  86% used [0x0a150000, 0x0c2f2ee8, 0x0c2f3000, 0x0c85c000)
 Metaspace       used 30723K, capacity 31209K, committed 31232K, reserved 32128K
}
Event: 105.786 GC heap before
{Heap before GC invocations=138 (full 3):
 def new generation   total 18048K, used 16903K [0x04c00000, 0x05f90000, 0x0a150000)
  eden space 16064K,  99% used [0x04c00000, 0x05bac780, 0x05bb0000)
  from space 1984K,  43% used [0x05da0000, 0x05e757d0, 0x05f90000)
  to   space 1984K,   0% used [0x05bb0000, 0x05bb0000, 0x05da0000)
 tenured generation   total 39984K, used 34443K [0x0a150000, 0x0c85c000, 0x14c00000)
   the space 39984K,  86% used [0x0a150000, 0x0c2f2ee8, 0x0c2f3000, 0x0c85c000)
 Metaspace       used 30723K, capacity 31209K, committed 31232K, reserved 32128K
Event: 105.795 GC heap after
Heap after GC invocations=139 (full 3):
 def new generation   total 18048K, used 736K [0x04c00000, 0x05f90000, 0x0a150000)
  eden space 16064K,   0% used [0x04c00000, 0x04c00000, 0x05bb0000)
  from space 1984K,  37% used [0x05bb0000, 0x05c681f0, 0x05da0000)
  to   space 1984K,   0% used [0x05da0000, 0x05da0000, 0x05f90000)
 tenured generation   total 39984K, used 34443K [0x0a150000, 0x0c85c000, 0x14c00000)
   the space 39984K,  86% used [0x0a150000, 0x0c2f2ee8, 0x0c2f3000, 0x0c85c000)
 Metaspace       used 30723K, capacity 31209K, committed 31232K, reserved 32128K
}
Event: 116.933 GC heap before
{Heap before GC invocations=139 (full 3):
 def new generation   total 18048K, used 16800K [0x04c00000, 0x05f90000, 0x0a150000)
  eden space 16064K, 100% used [0x04c00000, 0x05bb0000, 0x05bb0000)
  from space 1984K,  37% used [0x05bb0000, 0x05c681f0, 0x05da0000)
  to   space 1984K,   0% used [0x05da0000, 0x05da0000, 0x05f90000)
 tenured generation   total 39984K, used 34443K [0x0a150000, 0x0c85c000, 0x14c00000)
   the space 39984K,  86% used [0x0a150000, 0x0c2f2ee8, 0x0c2f3000, 0x0c85c000)
 Metaspace       used 30807K, capacity 31273K, committed 31360K, reserved 32128K
Event: 116.943 GC heap after
Heap after GC invocations=140 (full 3):
 def new generation   total 18048K, used 882K [0x04c00000, 0x05f90000, 0x0a150000)
  eden space 16064K,   0% used [0x04c00000, 0x04c00000, 0x05bb0000)
  from space 1984K,  44% used [0x05da0000, 0x05e7c800, 0x05f90000)
  to   space 1984K,   0% used [0x05bb0000, 0x05bb0000, 0x05da0000)
 tenured generation   total 39984K, used 34443K [0x0a150000, 0x0c85c000, 0x14c00000)
   the space 39984K,  86% used [0x0a150000, 0x0c2f2ee8, 0x0c2f3000, 0x0c85c000)
 Metaspace       used 30807K, capacity 31273K, committed 31360K, reserved 32128K
}

Deoptimization events (0 events):
No events

Internal exceptions (10 events):
Event: 74.548 Thread 0x18403000 Exception <a 'java/lang/ArrayIndexOutOfBoundsException'> (0x05619198) thrown at [C:\workspace\8-2-build-windows-i586-cygwin\jdk8u151\9699\hotspot\src\share\vm\runtime\sharedRuntime.cpp, line 605]
Event: 74.553 Thread 0x18403000 Exception <a 'java/lang/ArrayIndexOutOfBoundsException'> (0x056285c8) thrown at [C:\workspace\8-2-build-windows-i586-cygwin\jdk8u151\9699\hotspot\src\share\vm\runtime\sharedRuntime.cpp, line 605]
Event: 74.553 Thread 0x18403000 Exception <a 'java/lang/ArrayIndexOutOfBoundsException'> (0x05629bf0) thrown at [C:\workspace\8-2-build-windows-i586-cygwin\jdk8u151\9699\hotspot\src\share\vm\runtime\sharedRuntime.cpp, line 605]
Event: 83.750 Thread 0x18404400 Exception <a 'java/lang/ArrayIndexOutOfBoundsException'> (0x0580e5d8) thrown at [C:\workspace\8-2-build-windows-i586-cygwin\jdk8u151\9699\hotspot\src\share\vm\runtime\sharedRuntime.cpp, line 605]
Event: 83.977 Thread 0x18404800 Exception <a 'java/lang/ArrayIndexOutOfBoundsException'> (0x059b2d50) thrown at [C:\workspace\8-2-build-windows-i586-cygwin\jdk8u151\9699\hotspot\src\share\vm\runtime\sharedRuntime.cpp, line 605]
Event: 87.436 Thread 0x18405c00 Implicit null exception at 0x02e27102 to 0x02e27741
Event: 116.981 Thread 0x18404400 Exception <a 'java/lang/ArrayIndexOutOfBoundsException'> (0x04d9c728) thrown at [C:\workspace\8-2-build-windows-i586-cygwin\jdk8u151\9699\hotspot\src\share\vm\runtime\sharedRuntime.cpp, line 605]
Event: 116.981 Thread 0x18404400 Exception <a 'java/lang/ArrayIndexOutOfBoundsException'> (0x04d9d988) thrown at [C:\workspace\8-2-build-windows-i586-cygwin\jdk8u151\9699\hotspot\src\share\vm\runtime\sharedRuntime.cpp, line 605]
Event: 116.981 Thread 0x18404400 Exception <a 'java/lang/ArrayIndexOutOfBoundsException'> (0x04d9e760) thrown at [C:\workspace\8-2-build-windows-i586-cygwin\jdk8u151\9699\hotspot\src\share\vm\runtime\sharedRuntime.cpp, line 605]
Event: 116.985 Thread 0x18404400 Exception <a 'java/lang/ArrayIndexOutOfBoundsException'> (0x04dc7910) thrown at [C:\workspace\8-2-build-windows-i586-cygwin\jdk8u151\9699\hotspot\src\share\vm\runtime\sharedRuntime.cpp, line 605]

Events (10 events):
Event: 128.083 Thread 0x1637e800 flushing nmethod 0x02eb8f08
Event: 128.083 Thread 0x1637e800 flushing nmethod 0x02ebaf48
Event: 128.083 Thread 0x1637e800 flushing nmethod 0x02ebb548
Event: 128.083 Thread 0x1637e800 flushing nmethod 0x02ebb988
Event: 128.297 loading class javafish/clients/opc/lang/Translate
Event: 128.297 loading class javafish/clients/opc/lang/Translate done
Event: 128.298 loading class javafish/clients/opc/lang/resource
Event: 128.298 loading class javafish/clients/opc/lang/resource done
Event: 128.299 loading class javafish/clients/opc/lang/resource_en
Event: 128.299 loading class javafish/clients/opc/lang/resource_en done


Dynamic libraries:
0x00ca0000 - 0x00cd3000 	D:\Program Files (x86)\Java\jdk1.8.0_151\bin\java.exe
0x77ca0000 - 0x77e19000 	C:\Windows\SYSTEM32\ntdll.dll
0x754e0000 - 0x755d0000 	C:\Windows\SYSTEM32\KERNEL32.DLL
0x75ce0000 - 0x75e56000 	C:\Windows\SYSTEM32\KERNELBASE.dll
0x74ca0000 - 0x74d31000 	C:\Windows\system32\apphelp.dll
0x75600000 - 0x7567b000 	C:\Windows\SYSTEM32\ADVAPI32.dll
0x75010000 - 0x750ce000 	C:\Windows\SYSTEM32\msvcrt.dll
0x74fc0000 - 0x75003000 	C:\Windows\SYSTEM32\sechost.dll
0x756f0000 - 0x7579c000 	C:\Windows\SYSTEM32\RPCRT4.dll
0x74db0000 - 0x74dce000 	C:\Windows\SYSTEM32\SspiCli.dll
0x74da0000 - 0x74daa000 	C:\Windows\SYSTEM32\CRYPTBASE.dll
0x74d40000 - 0x74d99000 	C:\Windows\SYSTEM32\bcryptPrimitives.dll
0x75b00000 - 0x75c40000 	C:\Windows\SYSTEM32\USER32.dll
0x77b50000 - 0x77c9d000 	C:\Windows\SYSTEM32\GDI32.dll
0x72b80000 - 0x72d89000 	C:\Windows\WinSxS\x86_microsoft.windows.common-controls_6595b64144ccf1df_6.0.10240.16384_none_3bccb1ff6bcd1849\COMCTL32.dll
0x755d0000 - 0x755fb000 	C:\Windows\SYSTEM32\IMM32.DLL
0x74ea0000 - 0x74fc0000 	C:\Windows\SYSTEM32\MSCTF.dll
0x6d530000 - 0x6d5ef000 	D:\Program Files (x86)\Java\jdk1.8.0_151\jre\bin\msvcr100.dll
0x6b390000 - 0x6b75e000 	D:\Program Files (x86)\Java\jdk1.8.0_151\jre\bin\client\jvm.dll
0x76340000 - 0x76346000 	C:\Windows\SYSTEM32\PSAPI.DLL
0x72eb0000 - 0x72eb8000 	C:\Windows\SYSTEM32\WSOCK32.dll
0x75350000 - 0x753ac000 	C:\Windows\SYSTEM32\WS2_32.dll
0x76780000 - 0x76787000 	C:\Windows\SYSTEM32\NSI.dll
0x74810000 - 0x74834000 	C:\Windows\SYSTEM32\WINMM.dll
0x74c60000 - 0x74c68000 	C:\Windows\SYSTEM32\VERSION.dll
0x747e0000 - 0x74803000 	C:\Windows\SYSTEM32\WINMMBASE.dll
0x75310000 - 0x75346000 	C:\Windows\SYSTEM32\cfgmgr32.dll
0x747b0000 - 0x747d1000 	C:\Windows\SYSTEM32\DEVOBJ.dll
0x701f0000 - 0x701fc000 	D:\Program Files (x86)\Java\jdk1.8.0_151\jre\bin\verify.dll
0x6fd80000 - 0x6fda1000 	D:\Program Files (x86)\Java\jdk1.8.0_151\jre\bin\java.dll
0x6d690000 - 0x6d6b0000 	D:\Program Files (x86)\Java\jdk1.8.0_151\jre\bin\instrument.dll
0x6dd60000 - 0x6dd74000 	D:\Program Files (x86)\Java\jdk1.8.0_151\jre\bin\zip.dll
0x76790000 - 0x77b4f000 	C:\Windows\SYSTEM32\SHELL32.dll
0x75e60000 - 0x7633d000 	C:\Windows\SYSTEM32\windows.storage.dll
0x763f0000 - 0x765aa000 	C:\Windows\SYSTEM32\combase.dll
0x752a0000 - 0x752e4000 	C:\Windows\SYSTEM32\shlwapi.dll
0x75440000 - 0x7544c000 	C:\Windows\SYSTEM32\kernel.appcore.dll
0x753b0000 - 0x7543d000 	C:\Windows\SYSTEM32\shcore.dll
0x750d0000 - 0x75114000 	C:\Windows\SYSTEM32\powrprof.dll
0x758f0000 - 0x758ff000 	C:\Windows\SYSTEM32\profapi.dll
0x6d2d0000 - 0x6d2e6000 	D:\Program Files\JetBrains\IntelliJ IDEA 2017.2\bin\breakgen.dll
0x6d2b0000 - 0x6d2c6000 	D:\Program Files (x86)\Java\jdk1.8.0_151\jre\bin\net.dll
0x73d40000 - 0x73d8e000 	C:\Windows\system32\mswsock.dll
0x70080000 - 0x7008a000 	D:\Program Files (x86)\Java\jdk1.8.0_151\jre\bin\management.dll
0x6ff50000 - 0x6ff5f000 	D:\Program Files (x86)\Java\jdk1.8.0_151\jre\bin\nio.dll
0x73110000 - 0x73122000 	C:\Windows\system32\napinsp.dll
0x730f0000 - 0x73106000 	C:\Windows\system32\pnrpnsp.dll
0x730d0000 - 0x730e3000 	C:\Windows\system32\NLAapi.dll
0x74560000 - 0x745e4000 	C:\Windows\SYSTEM32\DNSAPI.dll
0x74190000 - 0x7419b000 	C:\Windows\System32\winrnr.dll
0x730b0000 - 0x730c1000 	C:\Windows\system32\wshbth.dll
0x730a0000 - 0x730a8000 	C:\Windows\System32\rasadhlp.dll
0x74b20000 - 0x74b50000 	C:\Windows\SYSTEM32\IPHLPAPI.DLL
0x74ae0000 - 0x74ae8000 	C:\Windows\SYSTEM32\WINNSI.DLL
0x73050000 - 0x73096000 	C:\Windows\System32\fwpuclnt.dll
0x74ab0000 - 0x74acb000 	C:\Windows\SYSTEM32\bcrypt.dll
0x72e20000 - 0x72e33000 	C:\Windows\SYSTEM32\CRYPTSP.dll
0x72df0000 - 0x72e1f000 	C:\Windows\system32\rsaenh.dll
0x74c70000 - 0x74c89000 	C:\Windows\SYSTEM32\USERENV.dll
0x73d90000 - 0x73da3000 	C:\Windows\SYSTEM32\dhcpcsvc6.DLL
0x74740000 - 0x74754000 	C:\Windows\SYSTEM32\dhcpcsvc.DLL
0x00400000 - 0x0047c000 	E:\IdeaProjects\server\JCustomOpc.dll
0x75c40000 - 0x75cd2000 	C:\Windows\SYSTEM32\oleaut32.dll
0x757a0000 - 0x7588a000 	C:\Windows\SYSTEM32\ole32.dll
0x72ef0000 - 0x72f65000 	C:\Windows\system32\uxtheme.dll
0x75450000 - 0x754d2000 	C:\Windows\SYSTEM32\clbcatq.dll
0x15cc0000 - 0x15cda000 	C:\Windows\SYSTEM32\opcproxy.dll
0x73160000 - 0x7329f000 	C:\Windows\SYSTEM32\dbghelp.dll

VM Arguments:
jvm_args: -XX:TieredStopAtLevel=1 -Xverify:none -Dspring.output.ansi.enabled=always -Dcom.sun.management.jmxremote -Dcom.sun.management.jmxremote.port=11478 -Dcom.sun.management.jmxremote.authenticate=false -Dcom.sun.management.jmxremote.ssl=false -Dspring.liveBeansView.mbeanDomain -Dspring.application.admin.enabled=true -javaagent:D:\Program Files\JetBrains\IntelliJ IDEA 2017.2\lib\idea_rt.jar=11479:D:\Program Files\JetBrains\IntelliJ IDEA 2017.2\bin -Dfile.encoding=UTF-8 
java_command: com.xcs.server.ServerApplication
java_class_path (initial): D:\Program Files (x86)\Java\jdk1.8.0_151\jre\lib\charsets.jar;D:\Program Files (x86)\Java\jdk1.8.0_151\jre\lib\deploy.jar;D:\Program Files (x86)\Java\jdk1.8.0_151\jre\lib\ext\access-bridge-32.jar;D:\Program Files (x86)\Java\jdk1.8.0_151\jre\lib\ext\cldrdata.jar;D:\Program Files (x86)\Java\jdk1.8.0_151\jre\lib\ext\dnsns.jar;D:\Program Files (x86)\Java\jdk1.8.0_151\jre\lib\ext\jaccess.jar;D:\Program Files (x86)\Java\jdk1.8.0_151\jre\lib\ext\jfxrt.jar;D:\Program Files (x86)\Java\jdk1.8.0_151\jre\lib\ext\localedata.jar;D:\Program Files (x86)\Java\jdk1.8.0_151\jre\lib\ext\nashorn.jar;D:\Program Files (x86)\Java\jdk1.8.0_151\jre\lib\ext\sunec.jar;D:\Program Files (x86)\Java\jdk1.8.0_151\jre\lib\ext\sunjce_provider.jar;D:\Program Files (x86)\Java\jdk1.8.0_151\jre\lib\ext\sunmscapi.jar;D:\Program Files (x86)\Java\jdk1.8.0_151\jre\lib\ext\sunpkcs11.jar;D:\Program Files (x86)\Java\jdk1.8.0_151\jre\lib\ext\zipfs.jar;D:\Program Files (x86)\Java\jdk1.8.0_151\jre\lib\javaws.jar;D:\Program Files (x86)\Java\jdk1.8.0_151\jre\lib\jce.jar;D:\Program Files (x86)\Java\jdk1.8.0_151\jre\lib\jfr.jar;D:\Program Files (x86)\Java\jdk1.8.0_151\jre\lib\jfxswt.jar;D:\Program Files (x86)\Java\jdk1.8.0_151\jre\lib\jsse.jar;D:\Program Files (x86)\Java\jdk1.8.0_151\jre\lib\management-agent.jar;D:\Program Files (x86)\Java\jdk1.8.0_151\jre\lib\plugin.jar;D:\Program Files (x86)\Java\jdk1.8.0_151\jre\lib\resources.jar;D:\Program Files (x86)\Java\jdk1.8.0_151\jre\lib\rt.jar;E:\IdeaProjects\server\target\classes;E:\JAR\jeasyopc-2.3.2\commons-logging-1.1.jar;E:\JAR\jeasyopc-2.3.2\jeasyopc.jar;E:\JAR\jeasyopc-2.3.2\log4j-1.2.13.jar;D:\Program Files\maven\localRepository\org\springframework\boot\spring-boot-starter-data-jpa\1.5.9.RELEASE\spring-boot-starter-data-jpa-1.5.9.RELEASE.jar;D:\Program Files\maven\localRepository\org\springframework\boot\spring-boot-starter\1.5.9.RELEASE\spring-boot-starter-1.5.9.RELEASE.jar;D:\Program Files\maven\localRepository\org\springframework\boot
Launcher Type: SUN_STANDARD

Environment Variables:
JAVA_HOME=D:\Program Files\Java\jdk1.8.0_131
CLASSPATH=.;D:\Program Files\Java\jdk1.8.0_131\lib\dt.jar;D:\Program Files\Java\jdk1.8.0_131\lib\tools.jar;
PATH=D:\Program Files\Java\jdk1.8.0_131\bin;D:\Program Files\Java\jdk1.8.0_131\jre\bin;C:\ProgramData\Oracle\Java\javapath;C:\Windows\system32;C:\Windows;C:\Windows\System32\Wbem;C:\Windows\System32\WindowsPowerShell\v1.0\;D:\Program Files\maven\apache-maven-3.5.0\bin;D:\Program Files\Python\Python36\Scripts\;D:\Program Files\Python\Python36\
USERNAME=XINDQ
OS=Windows_NT
PROCESSOR_IDENTIFIER=AMD64 Family 21 Model 16 Stepping 1, AuthenticAMD



---------------  S Y S T E M  ---------------

OS: Windows 10.0 , 64 bit Build 10240 (10.0.10240.16384)

CPU:total 4 (initial active 4) (4 cores per cpu, 1 threads per core) family 21 model 16 stepping 1, cmov, cx8, fxsr, mmx, sse, sse2, sse3, ssse3, sse4.1, sse4.2, popcnt, avx, aes, clmul, mmxext, 3dnowpref, lzcnt, sse4a, tsc, tscinvbit, tscinv, bmi1

Memory: 4k page, physical 7841140k(4876752k free), swap 9086324k(5197384k free)

vm_info: Java HotSpot(TM) Client VM (25.151-b12) for windows-x86 JRE (1.8.0_151-b12), built on Sep  5 2017 19:31:49 by "java_re" with MS VC++ 10.0 (VS2010)

time: Sun Feb 18 18:04:22 2018
elapsed time: 128 seconds (0d 0h 2m 8s)

