#
# A fatal error has been detected by the Java Runtime Environment:
#
#  EXCEPTION_INT_OVERFLOW (0xc0000095) at pc=0x004095d9, pid=12748, tid=0x00000b60
#
# JRE version: Java(TM) SE Runtime Environment (8.0_151-b12) (build 1.8.0_151-b12)
# Java VM: Java HotSpot(TM) Client VM (25.151-b12 mixed mode, sharing windows-x86 )
# Problematic frame:
# C  [JCustomOpc.dll+0x95d9]
#
# Failed to write core dump. Minidumps are not enabled by default on client versions of Windows
#
# If you would like to submit a bug report, please visit:
#   http://bugreport.java.com/bugreport/crash.jsp
# The crash happened outside the Java Virtual Machine in native code.
# See problematic frame for where to report the bug.
#

---------------  T H R E A D  ---------------

Current thread (0x184e7000):  JavaThread "Thread-38" daemon [_thread_in_native, id=2912, stack(0x1aa20000,0x1aa70000)]

siginfo: ExceptionCode=0xc0000095

Registers:
EAX=0x00000000, EBX=0x00000000, ECX=0x1aa6f144, EDX=0x80000000
ESP=0x1aa6f128, EBP=0x1aa6f12c, ESI=0x1aa6f190, EDI=0x1a8e1d78
EIP=0x004095d9, EFLAGS=0x00010286

Top of Stack: (sp=0x1aa6f128)
0x1aa6f128:   1aa6f176 1aa6f15c 0040985e 1adee7d8
0x1aa6f138:   75709aab 1aa6f190 1a8e2a60 00000004
0x1aa6f148:   1a8e1d78 184e7140 1aa6f194 1aa6f192
0x1aa6f158:   1aa6f190 1aa6f178 004099a0 1aa6f176
0x1aa6f168:   1adee7d8 75709aab 00000036 1aa6f194
0x1aa6f178:   164244f4 00456665 1adee7d8 75709aab
0x1aa6f188:   184e7140 164244fc 6c03195c 184e7140
0x1aa6f198:   164244f4 00000022 c2e91d8b 00000005 

Instructions: (pc=0x004095d9)
0x004095b9:   db 89 c1 dd 45 08 d8 8b 88 81 46 00 83 ec 08 df
0x004095c9:   3c 24 9b 58 5a 09 d2 79 11 f7 da f7 d8 83 da 00
0x004095d9:   f7 b3 8c 81 46 00 f7 d8 eb 06 f7 b3 8c 81 46 00
0x004095e9:   05 5a 95 0a 00 89 11 89 41 04 5b 5d c2 08 00 55 


Register to memory mapping:

EAX=0x00000000 is an unknown value
EBX=0x00000000 is an unknown value
ECX=0x1aa6f144 is pointing into the stack for thread: 0x184e7000
EDX=0x80000000 is an unknown value
ESP=0x1aa6f128 is pointing into the stack for thread: 0x184e7000
EBP=0x1aa6f12c is pointing into the stack for thread: 0x184e7000
ESI=0x1aa6f190 is pointing into the stack for thread: 0x184e7000
EDI=0x1a8e1d78 is an unknown value


Stack: [0x1aa20000,0x1aa70000],  sp=0x1aa6f128,  free space=316k
Native frames: (J=compiled Java code, j=interpreted, Vv=VM code, C=native code)
C  [JCustomOpc.dll+0x95d9]
C  [JCustomOpc.dll+0x985e]
C  [JCustomOpc.dll+0x99a0]
C  [JCustomOpc.dll+0x56665]

Java frames: (J=compiled Java code, j=interpreted, Vv=VM code)
j  javafish.clients.opc.JOpc.getDownloadGroupNative()Ljavafish/clients/opc/component/OpcGroup;+0
j  javafish.clients.opc.JOpc.getDownloadGroup()Ljavafish/clients/opc/component/OpcGroup;+1
j  javafish.clients.opc.JEasyOpc.run()V+155
j  java.lang.Thread.run()V+11
v  ~StubRoutines::call_stub

---------------  P R O C E S S  ---------------

Java Threads: ( => current thread )
=>0x184e7000 JavaThread "Thread-38" daemon [_thread_in_native, id=2912, stack(0x1aa20000,0x1aa70000)]
  0x184e6c00 JavaThread "WebSocket background processing" daemon [_thread_blocked, id=7768, stack(0x1a890000,0x1a8e0000)]
  0x184e8c00 JavaThread "Timer-0" daemon [_thread_blocked, id=12892, stack(0x17a60000,0x17ab0000)]
  0x184e9000 JavaThread "RMI TCP Connection(idle)" daemon [_thread_blocked, id=10112, stack(0x17540000,0x17590000)]
  0x16269400 JavaThread "DestroyJavaVM" [_thread_blocked, id=3852, stack(0x02430000,0x02480000)]
  0x16269000 JavaThread "http-nio-8080-AsyncTimeout" daemon [_thread_blocked, id=5968, stack(0x1a700000,0x1a750000)]
  0x16268800 JavaThread "http-nio-8080-Acceptor-0" daemon [_thread_in_native, id=11980, stack(0x1a670000,0x1a6c0000)]
  0x16268400 JavaThread "http-nio-8080-ClientPoller-1" daemon [_thread_in_native, id=11176, stack(0x1a5e0000,0x1a630000)]
  0x1626d400 JavaThread "http-nio-8080-ClientPoller-0" daemon [_thread_in_native, id=9512, stack(0x1a550000,0x1a5a0000)]
  0x1626c000 JavaThread "http-nio-8080-exec-10" daemon [_thread_blocked, id=6752, stack(0x1a4c0000,0x1a510000)]
  0x1626e000 JavaThread "http-nio-8080-exec-9" daemon [_thread_blocked, id=6756, stack(0x1a430000,0x1a480000)]
  0x1626bc00 JavaThread "http-nio-8080-exec-8" daemon [_thread_blocked, id=12156, stack(0x1a3a0000,0x1a3f0000)]
  0x1626f400 JavaThread "http-nio-8080-exec-7" daemon [_thread_blocked, id=6540, stack(0x1a310000,0x1a360000)]
  0x1626dc00 JavaThread "http-nio-8080-exec-6" daemon [_thread_blocked, id=1372, stack(0x1a280000,0x1a2d0000)]
  0x1626e800 JavaThread "http-nio-8080-exec-5" daemon [_thread_blocked, id=7620, stack(0x1a1f0000,0x1a240000)]
  0x1626b000 JavaThread "http-nio-8080-exec-4" daemon [_thread_blocked, id=9508, stack(0x1a060000,0x1a0b0000)]
  0x16269c00 JavaThread "http-nio-8080-exec-3" daemon [_thread_blocked, id=12776, stack(0x19fd0000,0x1a020000)]
  0x1626b400 JavaThread "http-nio-8080-exec-2" daemon [_thread_blocked, id=10580, stack(0x19f40000,0x19f90000)]
  0x1626f800 JavaThread "http-nio-8080-exec-1" daemon [_thread_blocked, id=3948, stack(0x19eb0000,0x19f00000)]
  0x1626ec00 JavaThread "NioBlockingSelector.BlockPoller-1" daemon [_thread_in_native, id=6848, stack(0x19e20000,0x19e70000)]
  0x1626cc00 JavaThread "Live Reload Server" daemon [_thread_in_native, id=3540, stack(0x19d50000,0x19da0000)]
  0x1626c800 JavaThread "File Watcher" daemon [_thread_blocked, id=8224, stack(0x19d00000,0x19d50000)]
  0x1626a800 JavaThread "Abandoned connection cleanup thread" daemon [_thread_blocked, id=3160, stack(0x192e0000,0x19330000)]
  0x1626a000 JavaThread "Tomcat JDBC Pool Cleaner[11840194:1517738868509]" daemon [_thread_blocked, id=6592, stack(0x19370000,0x193c0000)]
  0x173c1c00 JavaThread "container-0" [_thread_blocked, id=6044, stack(0x19150000,0x191a0000)]
  0x173c1000 JavaThread "ContainerBackgroundProcessor[StandardEngine[Tomcat]]" daemon [_thread_blocked, id=4472, stack(0x190c0000,0x19110000)]
  0x16564c00 JavaThread "RMI TCP Connection(idle)" daemon [_thread_blocked, id=9884, stack(0x16c20000,0x16c70000)]
  0x1654b800 JavaThread "RMI Scheduler(0)" daemon [_thread_blocked, id=7092, stack(0x16b90000,0x16be0000)]
  0x16546000 JavaThread "RMI TCP Connection(idle)" daemon [_thread_blocked, id=5304, stack(0x16b00000,0x16b50000)]
  0x164dd000 JavaThread "RMI TCP Accept-0" daemon [_thread_in_native, id=8632, stack(0x168a0000,0x168f0000)]
  0x164db000 JavaThread "RMI TCP Accept-12974" daemon [_thread_in_native, id=2432, stack(0x16810000,0x16860000)]
  0x164d7000 JavaThread "RMI TCP Accept-0" daemon [_thread_in_native, id=7580, stack(0x16780000,0x167d0000)]
  0x16356400 JavaThread "Service Thread" daemon [_thread_blocked, id=11280, stack(0x16660000,0x166b0000)]
  0x16351c00 JavaThread "C1 CompilerThread0" daemon [_thread_blocked, id=2860, stack(0x15c30000,0x15c80000)]
  0x16325c00 JavaThread "Monitor Ctrl-Break" daemon [_thread_in_native, id=1592, stack(0x15ba0000,0x15bf0000)]
  0x02aa4000 JavaThread "Attach Listener" daemon [_thread_blocked, id=9816, stack(0x15910000,0x15960000)]
  0x02aa0000 JavaThread "Signal Dispatcher" daemon [_thread_blocked, id=11516, stack(0x15880000,0x158d0000)]
  0x02a88400 JavaThread "Finalizer" daemon [_thread_blocked, id=11640, stack(0x15790000,0x157e0000)]
  0x02a2b400 JavaThread "Reference Handler" daemon [_thread_blocked, id=6596, stack(0x15700000,0x15750000)]

Other Threads:
  0x02a28000 VMThread [stack: 0x15060000,0x150b0000] [id=5728]
  0x164dec00 WatcherThread [stack: 0x16a00000,0x16a50000] [id=9864]

VM state:not at safepoint (normal execution)

VM Mutex/Monitor currently owned by a thread: None

Heap:
 def new generation   total 20608K, used 16071K [0x04c00000, 0x06250000, 0x0a150000)
  eden space 18368K,  79% used [0x04c00000, 0x05a4ac08, 0x05df0000)
  from space 2240K,  64% used [0x05df0000, 0x05f57388, 0x06020000)
  to   space 2240K,   0% used [0x06020000, 0x06020000, 0x06250000)
 tenured generation   total 45644K, used 28023K [0x0a150000, 0x0cde3000, 0x14c00000)
   the space 45644K,  61% used [0x0a150000, 0x0bcadc20, 0x0bcade00, 0x0cde3000)
 Metaspace       used 26580K, capacity 26970K, committed 27136K, reserved 28032K

Card table byte_map: [0x04b00000,0x04b90000] byte_map_base: 0x04ada000

Polling page: 0x00bf0000

CodeCache: size=32768Kb used=3735Kb max_used=4277Kb free=29032Kb
 bounds [0x02b00000, 0x02f40000, 0x04b00000]
 total_blobs=2104 nmethods=1878 adapters=156
 compilation: enabled

Compilation events (10 events):
Event: 47.414 Thread 0x16351c00 2640             java.nio.Buffer::limit (62 bytes)
Event: 47.414 Thread 0x16351c00 nmethod 2640 0x02c0e588 code [0x02c0e690, 0x02c0e7ac]
Event: 47.414 Thread 0x16351c00 2641             java.nio.Buffer::<init> (121 bytes)
Event: 47.415 Thread 0x16351c00 nmethod 2641 0x02c0da08 code [0x02c0dbc0, 0x02c0e0dc]
Event: 47.415 Thread 0x16351c00 2642             org.hibernate.internal.SessionFactoryImpl::isClosed (5 bytes)
Event: 47.415 Thread 0x16351c00 nmethod 2642 0x02bc1c88 code [0x02bc1d80, 0x02bc1e00]
Event: 47.415 Thread 0x16351c00 2643             java.net.URLStreamHandler::getDefaultPort (2 bytes)
Event: 47.415 Thread 0x16351c00 nmethod 2643 0x02c0d848 code [0x02c0d940, 0x02c0d9c0]
Event: 47.445 Thread 0x16351c00 2644             org.springframework.util.StringUtils::hasLength (17 bytes)
Event: 47.445 Thread 0x16351c00 nmethod 2644 0x02c0d608 code [0x02c0d700, 0x02c0d7c0]

GC Heap History (10 events):
Event: 12.496 GC heap before
{Heap before GC invocations=121 (full 2):
 def new generation   total 12864K, used 12331K [0x04c00000, 0x059f0000, 0x0a150000)
  eden space 11456K, 100% used [0x04c00000, 0x05730000, 0x05730000)
  from space 1408K,  62% used [0x05730000, 0x0580ae08, 0x05890000)
  to   space 1408K,   0% used [0x05890000, 0x05890000, 0x059f0000)
 tenured generation   total 28460K, used 27488K [0x0a150000, 0x0bd1b000, 0x14c00000)
   the space 28460K,  96% used [0x0a150000, 0x0bc28040, 0x0bc28200, 0x0bd1b000)
 Metaspace       used 23996K, capacity 24361K, committed 24536K, reserved 24960K
Event: 12.504 GC heap after
Heap after GC invocations=122 (full 2):
 def new generation   total 12864K, used 944K [0x04c00000, 0x059f0000, 0x0a150000)
  eden space 11456K,   0% used [0x04c00000, 0x04c00000, 0x05730000)
  from space 1408K,  67% used [0x05890000, 0x0597c048, 0x059f0000)
  to   space 1408K,   0% used [0x05730000, 0x05730000, 0x05890000)
 tenured generation   total 28460K, used 27768K [0x0a150000, 0x0bd1b000, 0x14c00000)
   the space 28460K,  97% used [0x0a150000, 0x0bc6e078, 0x0bc6e200, 0x0bd1b000)
 Metaspace       used 23996K, capacity 24361K, committed 24536K, reserved 24960K
}
Event: 12.622 GC heap before
{Heap before GC invocations=122 (full 2):
 def new generation   total 12864K, used 12400K [0x04c00000, 0x059f0000, 0x0a150000)
  eden space 11456K, 100% used [0x04c00000, 0x05730000, 0x05730000)
  from space 1408K,  67% used [0x05890000, 0x0597c048, 0x059f0000)
  to   space 1408K,   0% used [0x05730000, 0x05730000, 0x05890000)
 tenured generation   total 28460K, used 27768K [0x0a150000, 0x0bd1b000, 0x14c00000)
   the space 28460K,  97% used [0x0a150000, 0x0bc6e078, 0x0bc6e200, 0x0bd1b000)
 Metaspace       used 24016K, capacity 24393K, committed 24536K, reserved 24960K
Event: 12.629 GC heap after
Heap after GC invocations=123 (full 2):
 def new generation   total 12864K, used 487K [0x04c00000, 0x059f0000, 0x0a150000)
  eden space 11456K,   0% used [0x04c00000, 0x04c00000, 0x05730000)
  from space 1408K,  34% used [0x05730000, 0x057a9c70, 0x05890000)
  to   space 1408K,   0% used [0x05890000, 0x05890000, 0x059f0000)
 tenured generation   total 28460K, used 28320K [0x0a150000, 0x0bd1b000, 0x14c00000)
   the space 28460K,  99% used [0x0a150000, 0x0bcf8050, 0x0bcf8200, 0x0bd1b000)
 Metaspace       used 24016K, capacity 24393K, committed 24536K, reserved 24960K
}
Event: 12.676 GC heap before
{Heap before GC invocations=123 (full 2):
 def new generation   total 12864K, used 3238K [0x04c00000, 0x059f0000, 0x0a150000)
  eden space 11456K,  24% used [0x04c00000, 0x04eafd70, 0x05730000)
  from space 1408K,  34% used [0x05730000, 0x057a9c70, 0x05890000)
  to   space 1408K,   0% used [0x05890000, 0x05890000, 0x059f0000)
 tenured generation   total 28460K, used 28320K [0x0a150000, 0x0bd1b000, 0x14c00000)
   the space 28460K,  99% used [0x0a150000, 0x0bcf8050, 0x0bcf8200, 0x0bd1b000)
 Metaspace       used 24066K, capacity 24425K, committed 24536K, reserved 24960K
Event: 12.818 GC heap after
Heap after GC invocations=124 (full 3):
 def new generation   total 20608K, used 0K [0x04c00000, 0x06250000, 0x0a150000)
  eden space 18368K,   0% used [0x04c00000, 0x04c00000, 0x05df0000)
  from space 2240K,   0% used [0x05df0000, 0x05df0000, 0x06020000)
  to   space 2240K,   0% used [0x06020000, 0x06020000, 0x06250000)
 tenured generation   total 45644K, used 27384K [0x0a150000, 0x0cde3000, 0x14c00000)
   the space 45644K,  59% used [0x0a150000, 0x0bc0e388, 0x0bc0e400, 0x0cde3000)
 Metaspace       used 24059K, capacity 24412K, committed 24536K, reserved 24960K
}
Event: 43.814 GC heap before
{Heap before GC invocations=124 (full 3):
 def new generation   total 20608K, used 18368K [0x04c00000, 0x06250000, 0x0a150000)
  eden space 18368K, 100% used [0x04c00000, 0x05df0000, 0x05df0000)
  from space 2240K,   0% used [0x05df0000, 0x05df0000, 0x06020000)
  to   space 2240K,   0% used [0x06020000, 0x06020000, 0x06250000)
 tenured generation   total 45644K, used 27384K [0x0a150000, 0x0cde3000, 0x14c00000)
   the space 45644K,  59% used [0x0a150000, 0x0bc0e388, 0x0bc0e400, 0x0cde3000)
 Metaspace       used 24643K, capacity 25008K, committed 25216K, reserved 25984K
Event: 43.826 GC heap after
Heap after GC invocations=125 (full 3):
 def new generation   total 20608K, used 1189K [0x04c00000, 0x06250000, 0x0a150000)
  eden space 18368K,   0% used [0x04c00000, 0x04c00000, 0x05df0000)
  from space 2240K,  53% used [0x06020000, 0x061497a0, 0x06250000)
  to   space 2240K,   0% used [0x05df0000, 0x05df0000, 0x06020000)
 tenured generation   total 45644K, used 27384K [0x0a150000, 0x0cde3000, 0x14c00000)
   the space 45644K,  59% used [0x0a150000, 0x0bc0e388, 0x0bc0e400, 0x0cde3000)
 Metaspace       used 24643K, capacity 25008K, committed 25216K, reserved 25984K
}
Event: 47.149 GC heap before
{Heap before GC invocations=125 (full 3):
 def new generation   total 20608K, used 19557K [0x04c00000, 0x06250000, 0x0a150000)
  eden space 18368K, 100% used [0x04c00000, 0x05df0000, 0x05df0000)
  from space 2240K,  53% used [0x06020000, 0x061497a0, 0x06250000)
  to   space 2240K,   0% used [0x05df0000, 0x05df0000, 0x06020000)
 tenured generation   total 45644K, used 27384K [0x0a150000, 0x0cde3000, 0x14c00000)
   the space 45644K,  59% used [0x0a150000, 0x0bc0e388, 0x0bc0e400, 0x0cde3000)
 Metaspace       used 25416K, capacity 25776K, committed 25984K, reserved 25984K
Event: 47.162 GC heap after
Heap after GC invocations=126 (full 3):
 def new generation   total 20608K, used 1436K [0x04c00000, 0x06250000, 0x0a150000)
  eden space 18368K,   0% used [0x04c00000, 0x04c00000, 0x05df0000)
  from space 2240K,  64% used [0x05df0000, 0x05f57388, 0x06020000)
  to   space 2240K,   0% used [0x06020000, 0x06020000, 0x06250000)
 tenured generation   total 45644K, used 28023K [0x0a150000, 0x0cde3000, 0x14c00000)
   the space 45644K,  61% used [0x0a150000, 0x0bcadc20, 0x0bcade00, 0x0cde3000)
 Metaspace       used 25416K, capacity 25776K, committed 25984K, reserved 25984K
}

Deoptimization events (0 events):
No events

Internal exceptions (10 events):
Event: 43.930 Thread 0x1626f800 Exception <a 'java/lang/ClassNotFoundException': org/springframework/web/servlet/support/AbstractFlashMapManagerBeanInfo> (0x04fee6f8) thrown at [C:\workspace\8-2-build-windows-i586-cygwin\jdk8u151\9699\hotspot\src\share\vm\classfile\systemDictionary.cpp,
Event: 43.932 Thread 0x1626f800 Exception <a 'java/lang/ClassNotFoundException': org/springframework/web/servlet/support/AbstractFlashMapManagerCustomizer> (0x05009178) thrown at [C:\workspace\8-2-build-windows-i586-cygwin\jdk8u151\9699\hotspot\src\share\vm\classfile\systemDictionary.cp
Event: 43.935 Thread 0x1626f800 Exception <a 'java/lang/ClassNotFoundException': org/springframework/web/servlet/support/SessionFlashMapManagerCustomizer> (0x0502a688) thrown at [C:\workspace\8-2-build-windows-i586-cygwin\jdk8u151\9699\hotspot\src\share\vm\classfile\systemDictionary.cpp
Event: 43.936 Thread 0x1626f800 Exception <a 'java/lang/ClassNotFoundException': org/springframework/web/servlet/FlashMapManagerCustomizer> (0x05043e98) thrown at [C:\workspace\8-2-build-windows-i586-cygwin\jdk8u151\9699\hotspot\src\share\vm\classfile\systemDictionary.cpp, line 210]
Event: 44.725 Thread 0x1626b400 Exception <a 'java/lang/ArrayIndexOutOfBoundsException'> (0x05809de0) thrown at [C:\workspace\8-2-build-windows-i586-cygwin\jdk8u151\9699\hotspot\src\share\vm\runtime\sharedRuntime.cpp, line 605]
Event: 44.725 Thread 0x1626b400 Exception <a 'java/lang/ArrayIndexOutOfBoundsException'> (0x0580b040) thrown at [C:\workspace\8-2-build-windows-i586-cygwin\jdk8u151\9699\hotspot\src\share\vm\runtime\sharedRuntime.cpp, line 605]
Event: 44.725 Thread 0x1626b400 Exception <a 'java/lang/ArrayIndexOutOfBoundsException'> (0x0580be18) thrown at [C:\workspace\8-2-build-windows-i586-cygwin\jdk8u151\9699\hotspot\src\share\vm\runtime\sharedRuntime.cpp, line 605]
Event: 44.729 Thread 0x1626b400 Exception <a 'java/lang/ArrayIndexOutOfBoundsException'> (0x05834e10) thrown at [C:\workspace\8-2-build-windows-i586-cygwin\jdk8u151\9699\hotspot\src\share\vm\runtime\sharedRuntime.cpp, line 605]
Event: 44.729 Thread 0x1626b400 Exception <a 'java/lang/ArrayIndexOutOfBoundsException'> (0x05837358) thrown at [C:\workspace\8-2-build-windows-i586-cygwin\jdk8u151\9699\hotspot\src\share\vm\runtime\sharedRuntime.cpp, line 605]
Event: 47.408 Thread 0x1626e800 Exception <a 'java/lang/ArrayIndexOutOfBoundsException'> (0x0580f590) thrown at [C:\workspace\8-2-build-windows-i586-cygwin\jdk8u151\9699\hotspot\src\share\vm\runtime\sharedRuntime.cpp, line 605]

Events (10 events):
Event: 47.446 Thread 0x16351c00 flushing nmethod 0x02d04188
Event: 47.446 Thread 0x16351c00 flushing nmethod 0x02d04348
Event: 47.447 Executing VM operation: RevokeBias
Event: 47.447 Executing VM operation: RevokeBias done
Event: 47.669 loading class javafish/clients/opc/lang/Translate
Event: 47.669 loading class javafish/clients/opc/lang/Translate done
Event: 47.671 loading class javafish/clients/opc/lang/resource
Event: 47.671 loading class javafish/clients/opc/lang/resource done
Event: 47.671 loading class javafish/clients/opc/lang/resource_en
Event: 47.671 loading class javafish/clients/opc/lang/resource_en done


Dynamic libraries:
0x00c00000 - 0x00c33000 	D:\Program Files (x86)\Java\jdk1.8.0_151\bin\java.exe
0x77ca0000 - 0x77e19000 	C:\Windows\SYSTEM32\ntdll.dll
0x754e0000 - 0x755d0000 	C:\Windows\SYSTEM32\KERNEL32.DLL
0x75ce0000 - 0x75e56000 	C:\Windows\SYSTEM32\KERNELBASE.dll
0x74ca0000 - 0x74d31000 	C:\Windows\system32\apphelp.dll
0x75600000 - 0x7567b000 	C:\Windows\SYSTEM32\ADVAPI32.dll
0x75010000 - 0x750ce000 	C:\Windows\SYSTEM32\msvcrt.dll
0x74fc0000 - 0x75003000 	C:\Windows\SYSTEM32\sechost.dll
0x756f0000 - 0x7579c000 	C:\Windows\SYSTEM32\RPCRT4.dll
0x74db0000 - 0x74dce000 	C:\Windows\SYSTEM32\SspiCli.dll
0x74da0000 - 0x74daa000 	C:\Windows\SYSTEM32\CRYPTBASE.dll
0x74d40000 - 0x74d99000 	C:\Windows\SYSTEM32\bcryptPrimitives.dll
0x75b00000 - 0x75c40000 	C:\Windows\SYSTEM32\USER32.dll
0x77b50000 - 0x77c9d000 	C:\Windows\SYSTEM32\GDI32.dll
0x72b80000 - 0x72d89000 	C:\Windows\WinSxS\x86_microsoft.windows.common-controls_6595b64144ccf1df_6.0.10240.16384_none_3bccb1ff6bcd1849\COMCTL32.dll
0x755d0000 - 0x755fb000 	C:\Windows\SYSTEM32\IMM32.DLL
0x74ea0000 - 0x74fc0000 	C:\Windows\SYSTEM32\MSCTF.dll
0x6d3f0000 - 0x6d4af000 	D:\Program Files (x86)\Java\jdk1.8.0_151\jre\bin\msvcr100.dll
0x6be70000 - 0x6c23e000 	D:\Program Files (x86)\Java\jdk1.8.0_151\jre\bin\client\jvm.dll
0x76340000 - 0x76346000 	C:\Windows\SYSTEM32\PSAPI.DLL
0x6fe40000 - 0x6fe48000 	C:\Windows\SYSTEM32\WSOCK32.dll
0x75350000 - 0x753ac000 	C:\Windows\SYSTEM32\WS2_32.dll
0x76780000 - 0x76787000 	C:\Windows\SYSTEM32\NSI.dll
0x74810000 - 0x74834000 	C:\Windows\SYSTEM32\WINMM.dll
0x74c60000 - 0x74c68000 	C:\Windows\SYSTEM32\VERSION.dll
0x747e0000 - 0x74803000 	C:\Windows\SYSTEM32\WINMMBASE.dll
0x75310000 - 0x75346000 	C:\Windows\SYSTEM32\cfgmgr32.dll
0x747b0000 - 0x747d1000 	C:\Windows\SYSTEM32\DEVOBJ.dll
0x6f920000 - 0x6f92c000 	D:\Program Files (x86)\Java\jdk1.8.0_151\jre\bin\verify.dll
0x6e5b0000 - 0x6e5d1000 	D:\Program Files (x86)\Java\jdk1.8.0_151\jre\bin\java.dll
0x6e590000 - 0x6e5b0000 	D:\Program Files (x86)\Java\jdk1.8.0_151\jre\bin\instrument.dll
0x6f900000 - 0x6f914000 	D:\Program Files (x86)\Java\jdk1.8.0_151\jre\bin\zip.dll
0x76790000 - 0x77b4f000 	C:\Windows\SYSTEM32\SHELL32.dll
0x75e60000 - 0x7633d000 	C:\Windows\SYSTEM32\windows.storage.dll
0x763f0000 - 0x765aa000 	C:\Windows\SYSTEM32\combase.dll
0x752a0000 - 0x752e4000 	C:\Windows\SYSTEM32\shlwapi.dll
0x75440000 - 0x7544c000 	C:\Windows\SYSTEM32\kernel.appcore.dll
0x753b0000 - 0x7543d000 	C:\Windows\SYSTEM32\shcore.dll
0x750d0000 - 0x75114000 	C:\Windows\SYSTEM32\powrprof.dll
0x758f0000 - 0x758ff000 	C:\Windows\SYSTEM32\profapi.dll
0x6d3d0000 - 0x6d3e6000 	D:\Program Files\JetBrains\IntelliJ IDEA 2017.2\bin\breakgen.dll
0x6d1d0000 - 0x6d1e6000 	D:\Program Files (x86)\Java\jdk1.8.0_151\jre\bin\net.dll
0x73d40000 - 0x73d8e000 	C:\Windows\system32\mswsock.dll
0x6e580000 - 0x6e58a000 	D:\Program Files (x86)\Java\jdk1.8.0_151\jre\bin\management.dll
0x6d2d0000 - 0x6d2df000 	D:\Program Files (x86)\Java\jdk1.8.0_151\jre\bin\nio.dll
0x73110000 - 0x73122000 	C:\Windows\system32\napinsp.dll
0x730f0000 - 0x73106000 	C:\Windows\system32\pnrpnsp.dll
0x730d0000 - 0x730e3000 	C:\Windows\system32\NLAapi.dll
0x74560000 - 0x745e4000 	C:\Windows\SYSTEM32\DNSAPI.dll
0x74190000 - 0x7419b000 	C:\Windows\System32\winrnr.dll
0x730b0000 - 0x730c1000 	C:\Windows\system32\wshbth.dll
0x730a0000 - 0x730a8000 	C:\Windows\System32\rasadhlp.dll
0x74b20000 - 0x74b50000 	C:\Windows\SYSTEM32\IPHLPAPI.DLL
0x74ae0000 - 0x74ae8000 	C:\Windows\SYSTEM32\WINNSI.DLL
0x73050000 - 0x73096000 	C:\Windows\System32\fwpuclnt.dll
0x74ab0000 - 0x74acb000 	C:\Windows\SYSTEM32\bcrypt.dll
0x72e20000 - 0x72e33000 	C:\Windows\SYSTEM32\CRYPTSP.dll
0x72df0000 - 0x72e1f000 	C:\Windows\system32\rsaenh.dll
0x74c70000 - 0x74c89000 	C:\Windows\SYSTEM32\USERENV.dll
0x73d90000 - 0x73da3000 	C:\Windows\SYSTEM32\dhcpcsvc6.DLL
0x74740000 - 0x74754000 	C:\Windows\SYSTEM32\dhcpcsvc.DLL
0x00400000 - 0x0047c000 	E:\IdeaProjects\server\JCustomOpc.dll
0x75c40000 - 0x75cd2000 	C:\Windows\SYSTEM32\oleaut32.dll
0x757a0000 - 0x7588a000 	C:\Windows\SYSTEM32\ole32.dll
0x725a0000 - 0x72615000 	C:\Windows\system32\uxtheme.dll
0x75450000 - 0x754d2000 	C:\Windows\SYSTEM32\clbcatq.dll
0x1aa70000 - 0x1aa8a000 	C:\Windows\SYSTEM32\opcproxy.dll
0x73160000 - 0x7329f000 	C:\Windows\SYSTEM32\dbghelp.dll

VM Arguments:
jvm_args: -XX:TieredStopAtLevel=1 -Xverify:none -Dspring.output.ansi.enabled=always -Dcom.sun.management.jmxremote -Dcom.sun.management.jmxremote.port=12974 -Dcom.sun.management.jmxremote.authenticate=false -Dcom.sun.management.jmxremote.ssl=false -Dspring.liveBeansView.mbeanDomain -Dspring.application.admin.enabled=true -javaagent:D:\Program Files\JetBrains\IntelliJ IDEA 2017.2\lib\idea_rt.jar=12975:D:\Program Files\JetBrains\IntelliJ IDEA 2017.2\bin -Dfile.encoding=UTF-8 
java_command: com.xcs.server.ServerApplication
java_class_path (initial): D:\Program Files (x86)\Java\jdk1.8.0_151\jre\lib\charsets.jar;D:\Program Files (x86)\Java\jdk1.8.0_151\jre\lib\deploy.jar;D:\Program Files (x86)\Java\jdk1.8.0_151\jre\lib\ext\access-bridge-32.jar;D:\Program Files (x86)\Java\jdk1.8.0_151\jre\lib\ext\cldrdata.jar;D:\Program Files (x86)\Java\jdk1.8.0_151\jre\lib\ext\dnsns.jar;D:\Program Files (x86)\Java\jdk1.8.0_151\jre\lib\ext\jaccess.jar;D:\Program Files (x86)\Java\jdk1.8.0_151\jre\lib\ext\jfxrt.jar;D:\Program Files (x86)\Java\jdk1.8.0_151\jre\lib\ext\localedata.jar;D:\Program Files (x86)\Java\jdk1.8.0_151\jre\lib\ext\nashorn.jar;D:\Program Files (x86)\Java\jdk1.8.0_151\jre\lib\ext\sunec.jar;D:\Program Files (x86)\Java\jdk1.8.0_151\jre\lib\ext\sunjce_provider.jar;D:\Program Files (x86)\Java\jdk1.8.0_151\jre\lib\ext\sunmscapi.jar;D:\Program Files (x86)\Java\jdk1.8.0_151\jre\lib\ext\sunpkcs11.jar;D:\Program Files (x86)\Java\jdk1.8.0_151\jre\lib\ext\zipfs.jar;D:\Program Files (x86)\Java\jdk1.8.0_151\jre\lib\javaws.jar;D:\Program Files (x86)\Java\jdk1.8.0_151\jre\lib\jce.jar;D:\Program Files (x86)\Java\jdk1.8.0_151\jre\lib\jfr.jar;D:\Program Files (x86)\Java\jdk1.8.0_151\jre\lib\jfxswt.jar;D:\Program Files (x86)\Java\jdk1.8.0_151\jre\lib\jsse.jar;D:\Program Files (x86)\Java\jdk1.8.0_151\jre\lib\management-agent.jar;D:\Program Files (x86)\Java\jdk1.8.0_151\jre\lib\plugin.jar;D:\Program Files (x86)\Java\jdk1.8.0_151\jre\lib\resources.jar;D:\Program Files (x86)\Java\jdk1.8.0_151\jre\lib\rt.jar;E:\IdeaProjects\server\target\classes;E:\JAR\jeasyopc-2.3.2\commons-logging-1.1.jar;E:\JAR\jeasyopc-2.3.2\jeasyopc.jar;E:\JAR\jeasyopc-2.3.2\log4j-1.2.13.jar;D:\Program Files\maven\localRepository\org\springframework\boot\spring-boot-starter-data-jpa\1.5.9.RELEASE\spring-boot-starter-data-jpa-1.5.9.RELEASE.jar;D:\Program Files\maven\localRepository\org\springframework\boot\spring-boot-starter\1.5.9.RELEASE\spring-boot-starter-1.5.9.RELEASE.jar;D:\Program Files\maven\localRepository\org\springframework\boot
Launcher Type: SUN_STANDARD

Environment Variables:
JAVA_HOME=D:\Program Files\Java\jdk1.8.0_131
CLASSPATH=.;D:\Program Files\Java\jdk1.8.0_131\lib\dt.jar;D:\Program Files\Java\jdk1.8.0_131\lib\tools.jar;
PATH=D:\Program Files\Java\jdk1.8.0_131\bin;D:\Program Files\Java\jdk1.8.0_131\jre\bin;C:\ProgramData\Oracle\Java\javapath;C:\Windows\system32;C:\Windows;C:\Windows\System32\Wbem;C:\Windows\System32\WindowsPowerShell\v1.0\;D:\Program Files\maven\apache-maven-3.5.0\bin;D:\Program Files\Python\Python36\Scripts\;D:\Program Files\Python\Python36\
USERNAME=XINDQ
OS=Windows_NT
PROCESSOR_IDENTIFIER=AMD64 Family 21 Model 16 Stepping 1, AuthenticAMD



---------------  S Y S T E M  ---------------

OS: Windows 10.0 , 64 bit Build 10240 (10.0.10240.16384)

CPU:total 4 (initial active 4) (4 cores per cpu, 1 threads per core) family 21 model 16 stepping 1, cmov, cx8, fxsr, mmx, sse, sse2, sse3, ssse3, sse4.1, sse4.2, popcnt, avx, aes, clmul, mmxext, 3dnowpref, lzcnt, sse4a, tsc, tscinvbit, tscinv, bmi1

Memory: 4k page, physical 7841140k(4052456k free), swap 9086324k(4285316k free)

vm_info: Java HotSpot(TM) Client VM (25.151-b12) for windows-x86 JRE (1.8.0_151-b12), built on Sep  5 2017 19:31:49 by "java_re" with MS VC++ 10.0 (VS2010)

time: Sun Feb 04 18:08:28 2018
elapsed time: 47 seconds (0d 0h 0m 47s)

